#
# There is insufficient memory for the Java Runtime Environment to continue.
# Native memory allocation (mmap) failed to map 54525952 bytes for G1 virtual space
# Possible reasons:
#   The system is out of physical RAM or swap space
#   The process is running with CompressedOops enabled, and the Java Heap may be blocking the growth of the native heap
# Possible solutions:
#   Reduce memory load on the system
#   Increase physical memory or swap space
#   Check if swap backing store is full
#   Decrease Java heap size (-Xmx/-Xms)
#   Decrease number of Java threads
#   Decrease Java thread stack sizes (-Xss)
#   Set larger code cache with -XX:ReservedCodeCacheSize=
#   JVM is running with Unscaled Compressed Oops mode in which the Java heap is
#     placed in the first 4GB address space. The Java Heap base address is the
#     maximum limit for the native heap growth. Please use -XX:HeapBaseMinAddress
#     to set the Java Heap base and to place the Java Heap above 4GB virtual address.
# This output file may be truncated or incomplete.
#
#  Out of Memory Error (os_windows.cpp:3559), pid=21740, tid=7848
#
# JRE version: OpenJDK Runtime Environment Temurin-17.0.7+7 (17.0.7+7) (build 17.0.7+7)
# Java VM: OpenJDK 64-Bit Server VM Temurin-17.0.7+7 (17.0.7+7, mixed mode, emulated-client, tiered, compressed oops, compressed class ptrs, g1 gc, windows-amd64)
# No core dump will be written. Minidumps are not enabled by default on client versions of Windows
#

---------------  S U M M A R Y ------------

Command Line: -Dcom.sun.management.jmxremote -Dcom.sun.management.jmxremote.port=49160 -Dcom.sun.management.jmxremote.authenticate=false -Dcom.sun.management.jmxremote.ssl=false -Djava.rmi.server.hostname=localhost -Dspring.jmx.enabled=true -Dmanagement.endpoints.jmx.exposure.include=* -Dspring.application.admin.enabled=true -XX:TieredStopAtLevel=1 -Dspring.boot.project.name=BE_Destiny -Dfile.encoding=UTF-8 -XX:+ShowCodeDetailsInExceptionMessages com.davisy.Application --spring.output.ansi.enabled=always

Host: Intel(R) Core(TM) i5-10300H CPU @ 2.50GHz, 8 cores, 7G,  Windows 11 , 64 bit Build 22621 (10.0.22621.2428)
Time: Mon Nov 13 15:17:28 2023 SE Asia Standard Time elapsed time: 3110.284728 seconds (0d 0h 51m 50s)

---------------  T H R E A D  ---------------

Current thread (0x0000024a7fad09a0):  VMThread "VM Thread" [stack: 0x000000c37b900000,0x000000c37ba00000] [id=7848]

Stack: [0x000000c37b900000,0x000000c37ba00000]
Native frames: (J=compiled Java code, j=interpreted, Vv=VM code, C=native code)
V  [jvm.dll+0x67754a]
V  [jvm.dll+0x834304]
V  [jvm.dll+0x835aae]
V  [jvm.dll+0x836113]
V  [jvm.dll+0x24696f]
V  [jvm.dll+0x6743f9]
V  [jvm.dll+0x668c8a]
V  [jvm.dll+0x3061bb]
V  [jvm.dll+0x30d6a6]
V  [jvm.dll+0x35cece]
V  [jvm.dll+0x35d0ff]
V  [jvm.dll+0x2dd048]
V  [jvm.dll+0x2e00d6]
V  [jvm.dll+0x2ea7a8]
V  [jvm.dll+0x31e8f0]
V  [jvm.dll+0x83a5bb]
V  [jvm.dll+0x83b2f4]
V  [jvm.dll+0x83b80c]
V  [jvm.dll+0x83bbe4]
V  [jvm.dll+0x83bcb0]
V  [jvm.dll+0x7e4e7a]
V  [jvm.dll+0x676395]
C  [ucrtbase.dll+0x29363]
C  [KERNEL32.DLL+0x1257d]
C  [ntdll.dll+0x5aa78]

VM_Operation (0x000000c37b5ffa80): G1Concurrent, mode: safepoint, requested by thread 0x0000024a7acb0070


---------------  P R O C E S S  ---------------

Threads class SMR info:
_java_thread_list=0x0000024a10efa870, length=45, elements={
0x0000024a7fad3e50, 0x0000024a7fad5460, 0x0000024a0d03f290, 0x0000024a0d041e20,
0x0000024a0d043f80, 0x0000024a0d0450d0, 0x0000024a0d049b30, 0x0000024a0d04c080,
0x0000024a7fa5db60, 0x0000024a0d2bc180, 0x0000024a0d9c3b90, 0x0000024a0d9ff480,
0x0000024a0da377d0, 0x0000024a0dbfe440, 0x0000024a0e279990, 0x0000024a0e35ac50,
0x0000024a0e359de0, 0x0000024a0e359440, 0x0000024a105d5540, 0x0000024a0e357290,
0x0000024a105d76f0, 0x0000024a105d5a10, 0x0000024a0e2506c0, 0x0000024a0e251ed0,
0x0000024a0e2501f0, 0x0000024a0e250b90, 0x0000024a0e24c830, 0x0000024a0e2523a0,
0x0000024a0e24d1d0, 0x0000024a10cfddd0, 0x0000024a10cfd8c0, 0x0000024a0e24fd20,
0x0000024a0e252870, 0x0000024a0e24d6a0, 0x0000024a0e24db70, 0x0000024a0e24e040,
0x0000024a0e251530, 0x0000024a0e24e510, 0x0000024a10a92bc0, 0x0000024a10a943d0,
0x0000024a10a91d50, 0x0000024a10a97d90, 0x0000024a10a98260, 0x0000024a10a978c0,
0x0000024a10a96a50
}

Java Threads: ( => current thread )
  0x0000024a7fad3e50 JavaThread "Reference Handler" daemon [_thread_blocked, id=26272, stack(0x000000c37ba00000,0x000000c37bb00000)]
  0x0000024a7fad5460 JavaThread "Finalizer" daemon [_thread_blocked, id=22744, stack(0x000000c37bb00000,0x000000c37bc00000)]
  0x0000024a0d03f290 JavaThread "Signal Dispatcher" daemon [_thread_blocked, id=26700, stack(0x000000c37bc00000,0x000000c37bd00000)]
  0x0000024a0d041e20 JavaThread "Attach Listener" daemon [_thread_blocked, id=22792, stack(0x000000c37bd00000,0x000000c37be00000)]
  0x0000024a0d043f80 JavaThread "Service Thread" daemon [_thread_blocked, id=25720, stack(0x000000c37be00000,0x000000c37bf00000)]
  0x0000024a0d0450d0 JavaThread "Monitor Deflation Thread" daemon [_thread_blocked, id=18960, stack(0x000000c37bf00000,0x000000c37c000000)]
  0x0000024a0d049b30 JavaThread "C1 CompilerThread0" daemon [_thread_blocked, id=14652, stack(0x000000c37c000000,0x000000c37c100000)]
  0x0000024a0d04c080 JavaThread "Sweeper thread" daemon [_thread_blocked, id=25276, stack(0x000000c37c100000,0x000000c37c200000)]
  0x0000024a7fa5db60 JavaThread "Common-Cleaner" daemon [_thread_blocked, id=18340, stack(0x000000c37c200000,0x000000c37c300000)]
  0x0000024a0d2bc180 JavaThread "Notification Thread" daemon [_thread_blocked, id=16440, stack(0x000000c37c400000,0x000000c37c500000)]
  0x0000024a0d9c3b90 JavaThread "RMI TCP Accept-0" daemon [_thread_in_native, id=20524, stack(0x000000c37c600000,0x000000c37c700000)]
  0x0000024a0d9ff480 JavaThread "RMI TCP Accept-49160" daemon [_thread_in_native, id=1600, stack(0x000000c37c700000,0x000000c37c800000)]
  0x0000024a0da377d0 JavaThread "RMI TCP Accept-0" daemon [_thread_in_native, id=1496, stack(0x000000c37c800000,0x000000c37c900000)]
  0x0000024a0dbfe440 JavaThread "RMI Scheduler(0)" daemon [_thread_blocked, id=16520, stack(0x000000c37cb00000,0x000000c37cc00000)]
  0x0000024a0e279990 JavaThread "JMX server connection timeout 22" daemon [_thread_blocked, id=20196, stack(0x000000c37cd00000,0x000000c37ce00000)]
  0x0000024a0e35ac50 JavaThread "mysql-cj-abandoned-connection-cleanup" daemon [_thread_blocked, id=23940, stack(0x000000c37de00000,0x000000c37df00000)]
  0x0000024a0e359de0 JavaThread "Thread-4" daemon [_thread_in_native, id=12108, stack(0x000000c37e100000,0x000000c37e200000)]
  0x0000024a0e359440 JavaThread "BufferPoolPruner-1-thread-1" daemon [_thread_blocked, id=7000, stack(0x000000c37e200000,0x000000c37e300000)]
  0x0000024a105d5540 JavaThread "Live Reload Server" daemon [_thread_in_native, id=7644, stack(0x000000c37f700000,0x000000c37f800000)]
  0x0000024a0e357290 JavaThread "DestroyJavaVM" [_thread_blocked, id=3764, stack(0x000000c37b300000,0x000000c37b400000)]
  0x0000024a105d76f0 JavaThread "RMI TCP Connection(idle)" daemon [_thread_blocked, id=5264, stack(0x000000c302400000,0x000000c302500000)]
  0x0000024a105d5a10 JavaThread "Thread-56" [_thread_blocked, id=23580, stack(0x000000c302b00000,0x000000c302c00000)]
  0x0000024a0e2506c0 JavaThread "restartedMain" [_thread_blocked, id=13788, stack(0x000000c300000000,0x000000c300100000)]
  0x0000024a0e251ed0 JavaThread "Catalina-utility-1" [_thread_blocked, id=21756, stack(0x000000c300300000,0x000000c300400000)]
  0x0000024a0e2501f0 JavaThread "Catalina-utility-2" [_thread_blocked, id=11924, stack(0x000000c300400000,0x000000c300500000)]
  0x0000024a0e250b90 JavaThread "container-0" [_thread_blocked, id=13436, stack(0x000000c300500000,0x000000c300600000)]
  0x0000024a0e24c830 JavaThread "PostgreSQL-JDBC-Cleaner" daemon [_thread_blocked, id=18756, stack(0x000000c300600000,0x000000c300700000)]
  0x0000024a0e2523a0 JavaThread "HikariPool-4 housekeeper" daemon [_thread_blocked, id=25920, stack(0x000000c300700000,0x000000c300800000)]
  0x0000024a0e24d1d0 JavaThread "HikariPool-4 connection adder" daemon [_thread_in_native, id=27264, stack(0x000000c300800000,0x000000c300900000)]
  0x0000024a10cfddd0 JavaThread "C1 CompilerThread1" daemon [_thread_blocked, id=9548, stack(0x000000c300100000,0x000000c300200000)]
  0x0000024a10cfd8c0 JavaThread "C1 CompilerThread2" daemon [_thread_blocked, id=1312, stack(0x000000c300200000,0x000000c300300000)]
  0x0000024a0e24fd20 JavaThread "cluster-ClusterId{value='6551db9899ed233f43885d82', description='null'}-srv-cluster0.5xjl6sd.mongodb.net" daemon [_thread_blocked, id=14032, stack(0x000000c300900000,0x000000c300a00000)]
  0x0000024a0e252870 JavaThread "cluster-ClusterId{value='6551db9899ed233f43885d82', description='null'}-ac-hznsd7k-shard-00-02.5xjl6sd.mongodb.net:27017" daemon [_thread_in_native, id=11888, stack(0x000000c300a00000,0x000000c300b00000)]
  0x0000024a0e24d6a0 JavaThread "cluster-rtt-ClusterId{value='6551db9899ed233f43885d82', description='null'}-ac-hznsd7k-shard-00-02.5xjl6sd.mongodb.net:27017" daemon [_thread_in_native, id=12264, stack(0x000000c300b00000,0x000000c300c00000)]
  0x0000024a0e24db70 JavaThread "cluster-ClusterId{value='6551db9899ed233f43885d82', description='null'}-ac-hznsd7k-shard-00-01.5xjl6sd.mongodb.net:27017" daemon [_thread_in_native, id=12148, stack(0x000000c300c00000,0x000000c300d00000)]
  0x0000024a0e24e040 JavaThread "cluster-rtt-ClusterId{value='6551db9899ed233f43885d82', description='null'}-ac-hznsd7k-shard-00-01.5xjl6sd.mongodb.net:27017" daemon [_thread_in_native, id=14408, stack(0x000000c300d00000,0x000000c300e00000)]
  0x0000024a0e251530 JavaThread "cluster-ClusterId{value='6551db9899ed233f43885d82', description='null'}-ac-hznsd7k-shard-00-00.5xjl6sd.mongodb.net:27017" daemon [_thread_in_native, id=10832, stack(0x000000c300e00000,0x000000c300f00000)]
  0x0000024a0e24e510 JavaThread "cluster-rtt-ClusterId{value='6551db9899ed233f43885d82', description='null'}-ac-hznsd7k-shard-00-00.5xjl6sd.mongodb.net:27017" daemon [_thread_in_native, id=13460, stack(0x000000c300f00000,0x000000c301000000)]
  0x0000024a10a92bc0 JavaThread "ClassGraph-worker-434" daemon [_thread_blocked, id=17516, stack(0x000000c301000000,0x000000c301100000)]
  0x0000024a10a943d0 JavaThread "ClassGraph-worker-435" daemon [_thread_blocked, id=18888, stack(0x000000c301100000,0x000000c301200000)]
  0x0000024a10a91d50 JavaThread "ClassGraph-worker-436" daemon [_thread_blocked, id=2600, stack(0x000000c301300000,0x000000c301400000)]
  0x0000024a10a97d90 JavaThread "ClassGraph-worker-437" daemon [_thread_blocked, id=21184, stack(0x000000c301400000,0x000000c301500000)]
  0x0000024a10a98260 JavaThread "ClassGraph-worker-438" daemon [_thread_blocked, id=27556, stack(0x000000c301500000,0x000000c301600000)]
  0x0000024a10a978c0 JavaThread "ClassGraph-worker-439" daemon [_thread_blocked, id=11988, stack(0x000000c301600000,0x000000c301700000)]
  0x0000024a10a96a50 JavaThread "ClassGraph-worker-440" daemon [_thread_blocked, id=22184, stack(0x000000c301700000,0x000000c301800000)]

Other Threads:
=>0x0000024a7fad09a0 VMThread "VM Thread" [stack: 0x000000c37b900000,0x000000c37ba00000] [id=7848]
  0x0000024a7acb8c00 WatcherThread [stack: 0x000000c37c900000,0x000000c37ca00000] [id=16368]
  0x0000024a7ac9f630 GCTaskThread "GC Thread#0" [stack: 0x000000c37b400000,0x000000c37b500000] [id=15544]
  0x0000024a0e2f86a0 GCTaskThread "GC Thread#1" [stack: 0x000000c37ce00000,0x000000c37cf00000] [id=1924]
  0x0000024a0e2f8950 GCTaskThread "GC Thread#2" [stack: 0x000000c37cf00000,0x000000c37d000000] [id=3564]
  0x0000024a0e347740 GCTaskThread "GC Thread#3" [stack: 0x000000c37d000000,0x000000c37d100000] [id=23500]
  0x0000024a0e348a00 GCTaskThread "GC Thread#4" [stack: 0x000000c37d100000,0x000000c37d200000] [id=27504]
  0x0000024a0e348cb0 GCTaskThread "GC Thread#5" [stack: 0x000000c37d200000,0x000000c37d300000] [id=20740]
  0x0000024a0e349570 GCTaskThread "GC Thread#6" [stack: 0x000000c37d300000,0x000000c37d400000] [id=25864]
  0x0000024a0e4c5440 GCTaskThread "GC Thread#7" [stack: 0x000000c37d900000,0x000000c37da00000] [id=20356]
  0x0000024a7acb0070 ConcurrentGCThread "G1 Main Marker" [stack: 0x000000c37b500000,0x000000c37b600000] [id=4476]
  0x0000024a7acb0a80 ConcurrentGCThread "G1 Conc#0" [stack: 0x000000c37b600000,0x000000c37b700000] [id=11304]
  0x0000024a0e5a0d10 ConcurrentGCThread "G1 Conc#1" [stack: 0x000000c37da00000,0x000000c37db00000] [id=22072]
  0x0000024a7acee040 ConcurrentGCThread "G1 Refine#0" [stack: 0x000000c37b700000,0x000000c37b800000] [id=21508]
  0x0000024a0e2f8c00 ConcurrentGCThread "G1 Refine#1" [stack: 0x000000c37d400000,0x000000c37d500000] [id=9424]
  0x0000024a0d3b4530 ConcurrentGCThread "G1 Refine#2" [stack: 0x000000c37d500000,0x000000c37d600000] [id=16624]
  0x0000024a0e0c5bf0 ConcurrentGCThread "G1 Refine#3" [stack: 0x000000c37e300000,0x000000c37e400000] [id=6952]
  0x0000024a1012ab80 ConcurrentGCThread "G1 Refine#4" [stack: 0x000000c37e400000,0x000000c37e500000] [id=8856]
  0x0000024a100f2990 ConcurrentGCThread "G1 Refine#5" [stack: 0x000000c37e500000,0x000000c37e600000] [id=26832]
  0x0000024a100f2c70 ConcurrentGCThread "G1 Refine#6" [stack: 0x000000c37e600000,0x000000c37e700000] [id=18788]
  0x0000024a0d154150 ConcurrentGCThread "G1 Refine#7" [stack: 0x000000c37e700000,0x000000c37e800000] [id=20076]
  0x0000024a7aceea60 ConcurrentGCThread "G1 Service" [stack: 0x000000c37b800000,0x000000c37b900000] [id=14948]

Threads with active compile tasks:

VM state: at safepoint (normal execution)

VM Mutex/Monitor currently owned by a thread:  ([mutex/lock_event])
[0x0000024a78a78c80] Threads_lock - owner thread: 0x0000024a7fad09a0
[0x0000024a78a798e0] Heap_lock - owner thread: 0x0000024a7acb0070

Heap address: 0x0000000082800000, size: 2008 MB, Compressed Oops mode: 32-bit

CDS archive(s) not mapped
Compressed class space mapped at: 0x0000000100000000-0x0000000140000000, reserved size: 1073741824
Narrow klass base: 0x0000000000000000, Narrow klass shift: 3, Narrow klass range: 0x140000000

GC Precious Log:
 CPUs: 8 total, 8 available
 Memory: 8029M
 Large Page Support: Disabled
 NUMA Support: Disabled
 Compressed Oops: Enabled (32-bit)
 Heap Region Size: 1M
 Heap Min Capacity: 8M
 Heap Initial Capacity: 126M
 Heap Max Capacity: 2008M
 Pre-touch: Disabled
 Parallel Workers: 8
 Concurrent Workers: 2
 Concurrent Refinement Workers: 8
 Periodic GC: Disabled

Heap:
 garbage-first heap   total 168960K, used 127833K [0x0000000082800000, 0x0000000100000000)
  region size 1024K, 56 young (57344K), 5 survivors (5120K)
 Metaspace       used 111391K, committed 112064K, reserved 1179648K
  class space    used 14862K, committed 15168K, reserved 1048576K

Heap Regions: E=young(eden), S=young(survivor), O=old, HS=humongous(starts), HC=humongous(continues), CS=collection set, F=free, OA=open archive, CA=closed archive, TAMS=top-at-mark-start (previous, next)
|   0|0x0000000082800000, 0x0000000082900000, 0x0000000082900000|100%|HS|  |TAMS 0x0000000082900000, 0x0000000082800000| Complete 
|   1|0x0000000082900000, 0x00000000829fffc0, 0x0000000082a00000| 99%| O|  |TAMS 0x00000000829fffc0, 0x0000000082900000| Untracked 
|   2|0x0000000082a00000, 0x0000000082af67e0, 0x0000000082b00000| 96%| O|  |TAMS 0x0000000082af67e0, 0x0000000082a00000| Untracked 
|   3|0x0000000082b00000, 0x0000000082bff268, 0x0000000082c00000| 99%| O|  |TAMS 0x0000000082bff268, 0x0000000082b00000| Untracked 
|   4|0x0000000082c00000, 0x0000000082cfd698, 0x0000000082d00000| 98%| O|  |TAMS 0x0000000082cfd698, 0x0000000082c00000| Untracked 
|   5|0x0000000082d00000, 0x0000000082dfffe0, 0x0000000082e00000| 99%| O|  |TAMS 0x0000000082dfffe0, 0x0000000082d00000| Untracked 
|   6|0x0000000082e00000, 0x0000000082efff98, 0x0000000082f00000| 99%| O|  |TAMS 0x0000000082efff98, 0x0000000082e00000| Untracked 
|   7|0x0000000082f00000, 0x0000000082fffff8, 0x0000000083000000| 99%| O|  |TAMS 0x0000000082fffff8, 0x0000000082f00000| Untracked 
|   8|0x0000000083000000, 0x00000000830ffff8, 0x0000000083100000| 99%| O|  |TAMS 0x00000000830ffff8, 0x0000000083000000| Untracked 
|   9|0x0000000083100000, 0x0000000083200000, 0x0000000083200000|100%| O|  |TAMS 0x0000000083200000, 0x0000000083100000| Untracked 
|  10|0x0000000083200000, 0x00000000832fffe8, 0x0000000083300000| 99%| O|  |TAMS 0x00000000832fffe8, 0x0000000083200000| Untracked 
|  11|0x0000000083300000, 0x00000000833ffff8, 0x0000000083400000| 99%| O|  |TAMS 0x00000000833ffff8, 0x0000000083300000| Untracked 
|  12|0x0000000083400000, 0x0000000083500000, 0x0000000083500000|100%| O|  |TAMS 0x0000000083500000, 0x0000000083400000| Untracked 
|  13|0x0000000083500000, 0x00000000835fffe8, 0x0000000083600000| 99%| O|  |TAMS 0x00000000835fffe8, 0x0000000083500000| Untracked 
|  14|0x0000000083600000, 0x00000000836fffe8, 0x0000000083700000| 99%| O|  |TAMS 0x00000000836fffe8, 0x0000000083600000| Untracked 
|  15|0x0000000083700000, 0x00000000837ffff0, 0x0000000083800000| 99%| O|  |TAMS 0x00000000837ffff0, 0x0000000083700000| Untracked 
|  16|0x0000000083800000, 0x0000000083900000, 0x0000000083900000|100%| O|  |TAMS 0x0000000083900000, 0x0000000083800000| Untracked 
|  17|0x0000000083900000, 0x0000000083a00000, 0x0000000083a00000|100%| O|  |TAMS 0x0000000083a00000, 0x0000000083900000| Untracked 
|  18|0x0000000083a00000, 0x0000000083affff8, 0x0000000083b00000| 99%| O|  |TAMS 0x0000000083affff8, 0x0000000083a00000| Untracked 
|  19|0x0000000083b00000, 0x0000000083bffff0, 0x0000000083c00000| 99%| O|  |TAMS 0x0000000083bffff0, 0x0000000083b00000| Untracked 
|  20|0x0000000083c00000, 0x0000000083cfffe8, 0x0000000083d00000| 99%| O|  |TAMS 0x0000000083cfffe8, 0x0000000083c00000| Untracked 
|  21|0x0000000083d00000, 0x0000000083dec238, 0x0000000083e00000| 92%| O|  |TAMS 0x0000000083dec238, 0x0000000083d00000| Untracked 
|  22|0x0000000083e00000, 0x0000000083f00000, 0x0000000083f00000|100%| O|  |TAMS 0x0000000083f00000, 0x0000000083e00000| Untracked 
|  23|0x0000000083f00000, 0x0000000083fffe80, 0x0000000084000000| 99%| O|  |TAMS 0x0000000083fffe80, 0x0000000083f00000| Untracked 
|  24|0x0000000084000000, 0x00000000840ffff8, 0x0000000084100000| 99%| O|  |TAMS 0x00000000840ffff8, 0x0000000084000000| Untracked 
|  25|0x0000000084100000, 0x0000000084200000, 0x0000000084200000|100%| O|  |TAMS 0x0000000084200000, 0x0000000084100000| Untracked 
|  26|0x0000000084200000, 0x0000000084300000, 0x0000000084300000|100%| O|  |TAMS 0x0000000084300000, 0x0000000084200000| Untracked 
|  27|0x0000000084300000, 0x00000000843ffff8, 0x0000000084400000| 99%| O|  |TAMS 0x00000000843ffff8, 0x0000000084300000| Untracked 
|  28|0x0000000084400000, 0x00000000844fffd0, 0x0000000084500000| 99%| O|  |TAMS 0x00000000844fffd0, 0x0000000084400000| Untracked 
|  29|0x0000000084500000, 0x00000000845fffe0, 0x0000000084600000| 99%| O|  |TAMS 0x00000000845fffe0, 0x0000000084500000| Untracked 
|  30|0x0000000084600000, 0x00000000846fffe8, 0x0000000084700000| 99%| O|  |TAMS 0x00000000846fffe8, 0x0000000084600000| Untracked 
|  31|0x0000000084700000, 0x00000000847ffff0, 0x0000000084800000| 99%| O|  |TAMS 0x00000000847ffff0, 0x0000000084700000| Untracked 
|  32|0x0000000084800000, 0x00000000848fffe0, 0x0000000084900000| 99%| O|  |TAMS 0x00000000848fffe0, 0x0000000084800000| Untracked 
|  33|0x0000000084900000, 0x00000000849fffd8, 0x0000000084a00000| 99%| O|  |TAMS 0x00000000849fffd8, 0x0000000084900000| Untracked 
|  34|0x0000000084a00000, 0x0000000084afffe8, 0x0000000084b00000| 99%| O|  |TAMS 0x0000000084afffe8, 0x0000000084a00000| Untracked 
|  35|0x0000000084b00000, 0x0000000084c00000, 0x0000000084c00000|100%| O|  |TAMS 0x0000000084c00000, 0x0000000084b00000| Untracked 
|  36|0x0000000084c00000, 0x0000000084d00000, 0x0000000084d00000|100%| O|  |TAMS 0x0000000084d00000, 0x0000000084c00000| Untracked 
|  37|0x0000000084d00000, 0x0000000084dffff8, 0x0000000084e00000| 99%| O|  |TAMS 0x0000000084dffff8, 0x0000000084d00000| Untracked 
|  38|0x0000000084e00000, 0x0000000084effff8, 0x0000000084f00000| 99%| O|  |TAMS 0x0000000084effff8, 0x0000000084e00000| Untracked 
|  39|0x0000000084f00000, 0x0000000084fffd48, 0x0000000085000000| 99%| O|  |TAMS 0x0000000084fffd48, 0x0000000084f00000| Untracked 
|  40|0x0000000085000000, 0x000000008507ae88, 0x0000000085100000| 48%| O|  |TAMS 0x000000008507ae88, 0x0000000085000000| Updating 
|  41|0x0000000085100000, 0x00000000851ff498, 0x0000000085200000| 99%| O|  |TAMS 0x00000000851ff498, 0x0000000085100000| Updating 
|  42|0x0000000085200000, 0x0000000085300000, 0x0000000085300000|100%| O|  |TAMS 0x0000000085300000, 0x0000000085200000| Untracked 
|  43|0x0000000085300000, 0x0000000085400000, 0x0000000085400000|100%| O|  |TAMS 0x0000000085400000, 0x0000000085300000| Untracked 
|  44|0x0000000085400000, 0x00000000854fffe8, 0x0000000085500000| 99%| O|  |TAMS 0x00000000854fffe8, 0x0000000085400000| Untracked 
|  45|0x0000000085500000, 0x0000000085600000, 0x0000000085600000|100%| O|  |TAMS 0x0000000085600000, 0x0000000085500000| Untracked 
|  46|0x0000000085600000, 0x0000000085700000, 0x0000000085700000|100%| O|  |TAMS 0x0000000085700000, 0x0000000085600000| Untracked 
|  47|0x0000000085700000, 0x000000008576cfb0, 0x0000000085800000| 42%| O|  |TAMS 0x000000008576cfb0, 0x0000000085700000| Updating 
|  48|0x0000000085800000, 0x0000000085844ac8, 0x0000000085900000| 26%| O|  |TAMS 0x0000000085844ac8, 0x0000000085800000| Updating 
|  49|0x0000000085900000, 0x0000000085a00000, 0x0000000085a00000|100%| O|  |TAMS 0x0000000085a00000, 0x0000000085900000| Untracked 
|  50|0x0000000085a00000, 0x0000000085b00000, 0x0000000085b00000|100%| O|  |TAMS 0x0000000085b00000, 0x0000000085a00000| Untracked 
|  51|0x0000000085b00000, 0x0000000085b167b8, 0x0000000085c00000|  8%| O|  |TAMS 0x0000000085b167b8, 0x0000000085b00000| Updating 
|  52|0x0000000085c00000, 0x0000000085d00000, 0x0000000085d00000|100%| O|  |TAMS 0x0000000085d00000, 0x0000000085c00000| Untracked 
|  53|0x0000000085d00000, 0x0000000085e00000, 0x0000000085e00000|100%| O|  |TAMS 0x0000000085e00000, 0x0000000085d00000| Untracked 
|  54|0x0000000085e00000, 0x0000000085f00000, 0x0000000085f00000|100%| O|  |TAMS 0x0000000085f00000, 0x0000000085e00000| Untracked 
|  55|0x0000000085f00000, 0x0000000086000000, 0x0000000086000000|100%| O|  |TAMS 0x0000000086000000, 0x0000000085f00000| Untracked 
|  56|0x0000000086000000, 0x0000000086100000, 0x0000000086100000|100%| O|  |TAMS 0x0000000086100000, 0x0000000086000000| Untracked 
|  57|0x0000000086100000, 0x0000000086200000, 0x0000000086200000|100%| O|  |TAMS 0x0000000086200000, 0x0000000086100000| Untracked 
|  58|0x0000000086200000, 0x0000000086300000, 0x0000000086300000|100%| O|  |TAMS 0x0000000086300000, 0x0000000086200000| Untracked 
|  59|0x0000000086300000, 0x0000000086400000, 0x0000000086400000|100%|HS|  |TAMS 0x0000000086400000, 0x0000000086300000| Complete 
|  60|0x0000000086400000, 0x0000000086500000, 0x0000000086500000|100%| O|  |TAMS 0x0000000086500000, 0x0000000086400000| Untracked 
|  61|0x0000000086500000, 0x0000000086600000, 0x0000000086600000|100%| O|  |TAMS 0x0000000086600000, 0x0000000086500000| Untracked 
|  62|0x0000000086600000, 0x0000000086700000, 0x0000000086700000|100%| O|  |TAMS 0x0000000086700000, 0x0000000086600000| Untracked 
|  63|0x0000000086700000, 0x0000000086800000, 0x0000000086800000|100%| O|  |TAMS 0x0000000086800000, 0x0000000086700000| Untracked 
|  64|0x0000000086800000, 0x00000000868b5628, 0x0000000086900000| 70%| O|  |TAMS 0x00000000868b5628, 0x0000000086800000| Updating 
|  65|0x0000000086900000, 0x0000000086a00000, 0x0000000086a00000|100%| O|  |TAMS 0x0000000086a00000, 0x0000000086900000| Untracked 
|  66|0x0000000086a00000, 0x0000000086b00000, 0x0000000086b00000|100%| O|  |TAMS 0x0000000086b00000, 0x0000000086a00000| Untracked 
|  67|0x0000000086b00000, 0x0000000086c00000, 0x0000000086c00000|100%| O|  |TAMS 0x0000000086c00000, 0x0000000086b00000| Updating 
|  68|0x0000000086c00000, 0x0000000086d00000, 0x0000000086d00000|100%| O|  |TAMS 0x0000000086d00000, 0x0000000086c00000| Untracked 
|  69|0x0000000086d00000, 0x0000000086e00000, 0x0000000086e00000|100%| O|  |TAMS 0x0000000086e00000, 0x0000000086d00000| Untracked 
|  70|0x0000000086e00000, 0x0000000086f00000, 0x0000000086f00000|100%| O|  |TAMS 0x0000000086e5ea00, 0x0000000086e00000| Untracked 
|  71|0x0000000086f00000, 0x0000000087000000, 0x0000000087000000|100%| O|  |TAMS 0x0000000086f00000, 0x0000000086f00000| Untracked 
|  72|0x0000000087000000, 0x0000000087100000, 0x0000000087100000|100%| O|  |TAMS 0x0000000087000000, 0x0000000087000000| Untracked 
|  73|0x0000000087100000, 0x0000000087200000, 0x0000000087200000|100%|HS|  |TAMS 0x0000000087100000, 0x0000000087100000| Complete 
|  74|0x0000000087200000, 0x0000000087200000, 0x0000000087300000|  0%| F|  |TAMS 0x0000000087200000, 0x0000000087200000| Untracked 
|  75|0x0000000087300000, 0x0000000087300000, 0x0000000087400000|  0%| F|  |TAMS 0x0000000087300000, 0x0000000087300000| Untracked 
|  76|0x0000000087400000, 0x0000000087400000, 0x0000000087500000|  0%| F|  |TAMS 0x0000000087400000, 0x0000000087400000| Untracked 
|  77|0x0000000087500000, 0x0000000087500000, 0x0000000087600000|  0%| F|  |TAMS 0x0000000087500000, 0x0000000087500000| Untracked 
|  78|0x0000000087600000, 0x0000000087600000, 0x0000000087700000|  0%| F|  |TAMS 0x0000000087600000, 0x0000000087600000| Untracked 
|  79|0x0000000087700000, 0x0000000087700000, 0x0000000087800000|  0%| F|  |TAMS 0x0000000087700000, 0x0000000087700000| Untracked 
|  80|0x0000000087800000, 0x0000000087800000, 0x0000000087900000|  0%| F|  |TAMS 0x0000000087800000, 0x0000000087800000| Untracked 
|  81|0x0000000087900000, 0x0000000087900000, 0x0000000087a00000|  0%| F|  |TAMS 0x0000000087900000, 0x0000000087900000| Untracked 
|  82|0x0000000087a00000, 0x0000000087a00000, 0x0000000087b00000|  0%| F|  |TAMS 0x0000000087a00000, 0x0000000087a00000| Untracked 
|  83|0x0000000087b00000, 0x0000000087b00000, 0x0000000087c00000|  0%| F|  |TAMS 0x0000000087b00000, 0x0000000087b00000| Untracked 
|  84|0x0000000087c00000, 0x0000000087c00000, 0x0000000087d00000|  0%| F|  |TAMS 0x0000000087c00000, 0x0000000087c00000| Untracked 
|  85|0x0000000087d00000, 0x0000000087d00000, 0x0000000087e00000|  0%| F|  |TAMS 0x0000000087d00000, 0x0000000087d00000| Untracked 
|  86|0x0000000087e00000, 0x0000000087e00000, 0x0000000087f00000|  0%| F|  |TAMS 0x0000000087e00000, 0x0000000087e00000| Untracked 
|  87|0x0000000087f00000, 0x0000000087f00000, 0x0000000088000000|  0%| F|  |TAMS 0x0000000087f00000, 0x0000000087f00000| Untracked 
|  88|0x0000000088000000, 0x0000000088000000, 0x0000000088100000|  0%| F|  |TAMS 0x0000000088000000, 0x0000000088000000| Untracked 
|  89|0x0000000088100000, 0x0000000088100000, 0x0000000088200000|  0%| F|  |TAMS 0x0000000088100000, 0x0000000088100000| Untracked 
|  90|0x0000000088200000, 0x0000000088200000, 0x0000000088300000|  0%| F|  |TAMS 0x0000000088200000, 0x0000000088200000| Untracked 
|  91|0x0000000088300000, 0x0000000088300000, 0x0000000088400000|  0%| F|  |TAMS 0x0000000088300000, 0x0000000088300000| Untracked 
|  92|0x0000000088400000, 0x0000000088400000, 0x0000000088500000|  0%| F|  |TAMS 0x0000000088400000, 0x0000000088400000| Untracked 
|  93|0x0000000088500000, 0x0000000088500000, 0x0000000088600000|  0%| F|  |TAMS 0x0000000088500000, 0x0000000088500000| Untracked 
|  94|0x0000000088600000, 0x0000000088600000, 0x0000000088700000|  0%| F|  |TAMS 0x0000000088600000, 0x0000000088600000| Untracked 
|  95|0x0000000088700000, 0x0000000088700000, 0x0000000088800000|  0%| F|  |TAMS 0x0000000088700000, 0x0000000088700000| Untracked 
|  96|0x0000000088800000, 0x0000000088800000, 0x0000000088900000|  0%| F|  |TAMS 0x0000000088800000, 0x0000000088800000| Untracked 
|  97|0x0000000088900000, 0x0000000088900000, 0x0000000088a00000|  0%| F|  |TAMS 0x0000000088900000, 0x0000000088900000| Untracked 
|  98|0x0000000088a00000, 0x0000000088a00000, 0x0000000088b00000|  0%| F|  |TAMS 0x0000000088a00000, 0x0000000088a00000| Untracked 
|  99|0x0000000088b00000, 0x0000000088b00000, 0x0000000088c00000|  0%| F|  |TAMS 0x0000000088b00000, 0x0000000088b00000| Untracked 
| 100|0x0000000088c00000, 0x0000000088c00000, 0x0000000088d00000|  0%| F|  |TAMS 0x0000000088c00000, 0x0000000088c00000| Untracked 
| 101|0x0000000088d00000, 0x0000000088d00000, 0x0000000088e00000|  0%| F|  |TAMS 0x0000000088d00000, 0x0000000088d00000| Untracked 
| 102|0x0000000088e00000, 0x0000000088e00000, 0x0000000088f00000|  0%| F|  |TAMS 0x0000000088e00000, 0x0000000088e00000| Untracked 
| 103|0x0000000088f00000, 0x0000000088f00000, 0x0000000089000000|  0%| F|  |TAMS 0x0000000088f00000, 0x0000000088f00000| Untracked 
| 104|0x0000000089000000, 0x0000000089000000, 0x0000000089100000|  0%| F|  |TAMS 0x0000000089000000, 0x0000000089000000| Untracked 
| 105|0x0000000089100000, 0x0000000089100000, 0x0000000089200000|  0%| F|  |TAMS 0x0000000089100000, 0x0000000089100000| Untracked 
| 106|0x0000000089200000, 0x0000000089200000, 0x0000000089300000|  0%| F|  |TAMS 0x0000000089200000, 0x0000000089200000| Untracked 
| 107|0x0000000089300000, 0x0000000089300000, 0x0000000089400000|  0%| F|  |TAMS 0x0000000089300000, 0x0000000089300000| Untracked 
| 108|0x0000000089400000, 0x0000000089400000, 0x0000000089500000|  0%| F|  |TAMS 0x0000000089400000, 0x0000000089400000| Untracked 
| 109|0x0000000089500000, 0x00000000895979f0, 0x0000000089600000| 59%| E|  |TAMS 0x0000000089500000, 0x0000000089500000| Complete 
| 110|0x0000000089600000, 0x0000000089700000, 0x0000000089700000|100%| E|CS|TAMS 0x0000000089600000, 0x0000000089600000| Complete 
| 111|0x0000000089700000, 0x0000000089800000, 0x0000000089800000|100%| E|CS|TAMS 0x0000000089700000, 0x0000000089700000| Complete 
| 112|0x0000000089800000, 0x0000000089900000, 0x0000000089900000|100%| S|CS|TAMS 0x0000000089800000, 0x0000000089800000| Complete 
| 113|0x0000000089900000, 0x0000000089a00000, 0x0000000089a00000|100%| S|CS|TAMS 0x0000000089900000, 0x0000000089900000| Complete 
| 114|0x0000000089a00000, 0x0000000089b00000, 0x0000000089b00000|100%| S|CS|TAMS 0x0000000089a00000, 0x0000000089a00000| Complete 
| 115|0x0000000089b00000, 0x0000000089c00000, 0x0000000089c00000|100%| S|CS|TAMS 0x0000000089b00000, 0x0000000089b00000| Complete 
| 116|0x0000000089c00000, 0x0000000089d00000, 0x0000000089d00000|100%| S|CS|TAMS 0x0000000089c00000, 0x0000000089c00000| Complete 
| 117|0x0000000089d00000, 0x0000000089e00000, 0x0000000089e00000|100%| E|CS|TAMS 0x0000000089d00000, 0x0000000089d00000| Complete 
| 118|0x0000000089e00000, 0x0000000089f00000, 0x0000000089f00000|100%| E|CS|TAMS 0x0000000089e00000, 0x0000000089e00000| Complete 
| 119|0x0000000089f00000, 0x000000008a000000, 0x000000008a000000|100%| E|CS|TAMS 0x0000000089f00000, 0x0000000089f00000| Complete 
| 120|0x000000008a000000, 0x000000008a100000, 0x000000008a100000|100%| E|CS|TAMS 0x000000008a000000, 0x000000008a000000| Complete 
| 121|0x000000008a100000, 0x000000008a200000, 0x000000008a200000|100%| E|CS|TAMS 0x000000008a100000, 0x000000008a100000| Complete 
| 122|0x000000008a200000, 0x000000008a300000, 0x000000008a300000|100%| E|CS|TAMS 0x000000008a200000, 0x000000008a200000| Complete 
| 123|0x000000008a300000, 0x000000008a400000, 0x000000008a400000|100%| E|CS|TAMS 0x000000008a300000, 0x000000008a300000| Complete 
| 124|0x000000008a400000, 0x000000008a500000, 0x000000008a500000|100%| E|CS|TAMS 0x000000008a400000, 0x000000008a400000| Complete 
| 125|0x000000008a500000, 0x000000008a600000, 0x000000008a600000|100%| E|CS|TAMS 0x000000008a500000, 0x000000008a500000| Complete 
| 126|0x000000008a600000, 0x000000008a700000, 0x000000008a700000|100%| E|CS|TAMS 0x000000008a600000, 0x000000008a600000| Complete 
| 127|0x000000008a700000, 0x000000008a800000, 0x000000008a800000|100%| E|CS|TAMS 0x000000008a700000, 0x000000008a700000| Complete 
| 128|0x000000008a800000, 0x000000008a900000, 0x000000008a900000|100%| E|CS|TAMS 0x000000008a800000, 0x000000008a800000| Complete 
| 129|0x000000008a900000, 0x000000008aa00000, 0x000000008aa00000|100%| E|  |TAMS 0x000000008a900000, 0x000000008a900000| Complete 
| 130|0x000000008aa00000, 0x000000008ab00000, 0x000000008ab00000|100%| E|CS|TAMS 0x000000008aa00000, 0x000000008aa00000| Complete 
| 131|0x000000008ab00000, 0x000000008ac00000, 0x000000008ac00000|100%| E|CS|TAMS 0x000000008ab00000, 0x000000008ab00000| Complete 
| 132|0x000000008ac00000, 0x000000008ad00000, 0x000000008ad00000|100%| E|CS|TAMS 0x000000008ac00000, 0x000000008ac00000| Complete 
| 133|0x000000008ad00000, 0x000000008ae00000, 0x000000008ae00000|100%| E|CS|TAMS 0x000000008ad00000, 0x000000008ad00000| Complete 
| 134|0x000000008ae00000, 0x000000008af00000, 0x000000008af00000|100%| E|CS|TAMS 0x000000008ae00000, 0x000000008ae00000| Complete 
| 135|0x000000008af00000, 0x000000008b000000, 0x000000008b000000|100%| E|CS|TAMS 0x000000008af00000, 0x000000008af00000| Complete 
| 136|0x000000008b000000, 0x000000008b100000, 0x000000008b100000|100%| E|CS|TAMS 0x000000008b000000, 0x000000008b000000| Complete 
| 137|0x000000008b100000, 0x000000008b200000, 0x000000008b200000|100%| E|CS|TAMS 0x000000008b100000, 0x000000008b100000| Complete 
| 138|0x000000008b200000, 0x000000008b300000, 0x000000008b300000|100%| E|CS|TAMS 0x000000008b200000, 0x000000008b200000| Complete 
| 139|0x000000008b300000, 0x000000008b400000, 0x000000008b400000|100%| E|CS|TAMS 0x000000008b300000, 0x000000008b300000| Complete 
| 140|0x000000008b400000, 0x000000008b500000, 0x000000008b500000|100%| E|CS|TAMS 0x000000008b400000, 0x000000008b400000| Complete 
| 141|0x000000008b500000, 0x000000008b600000, 0x000000008b600000|100%| E|CS|TAMS 0x000000008b500000, 0x000000008b500000| Complete 
| 142|0x000000008b600000, 0x000000008b700000, 0x000000008b700000|100%| E|CS|TAMS 0x000000008b600000, 0x000000008b600000| Complete 
| 143|0x000000008b700000, 0x000000008b800000, 0x000000008b800000|100%| E|CS|TAMS 0x000000008b700000, 0x000000008b700000| Complete 
| 144|0x000000008b800000, 0x000000008b900000, 0x000000008b900000|100%| E|CS|TAMS 0x000000008b800000, 0x000000008b800000| Complete 
| 145|0x000000008b900000, 0x000000008ba00000, 0x000000008ba00000|100%| E|CS|TAMS 0x000000008b900000, 0x000000008b900000| Complete 
| 146|0x000000008ba00000, 0x000000008bb00000, 0x000000008bb00000|100%| E|CS|TAMS 0x000000008ba00000, 0x000000008ba00000| Complete 
| 147|0x000000008bb00000, 0x000000008bc00000, 0x000000008bc00000|100%| E|CS|TAMS 0x000000008bb00000, 0x000000008bb00000| Complete 
| 148|0x000000008bc00000, 0x000000008bd00000, 0x000000008bd00000|100%| E|CS|TAMS 0x000000008bc00000, 0x000000008bc00000| Complete 
| 149|0x000000008bd00000, 0x000000008be00000, 0x000000008be00000|100%| E|CS|TAMS 0x000000008bd00000, 0x000000008bd00000| Complete 
| 150|0x000000008be00000, 0x000000008bf00000, 0x000000008bf00000|100%| E|CS|TAMS 0x000000008be00000, 0x000000008be00000| Complete 
| 151|0x000000008bf00000, 0x000000008c000000, 0x000000008c000000|100%| E|CS|TAMS 0x000000008bf00000, 0x000000008bf00000| Complete 
| 152|0x000000008c000000, 0x000000008c100000, 0x000000008c100000|100%| E|CS|TAMS 0x000000008c000000, 0x000000008c000000| Complete 
| 153|0x000000008c100000, 0x000000008c200000, 0x000000008c200000|100%| E|CS|TAMS 0x000000008c100000, 0x000000008c100000| Complete 
| 154|0x000000008c200000, 0x000000008c300000, 0x000000008c300000|100%| E|CS|TAMS 0x000000008c200000, 0x000000008c200000| Complete 
| 155|0x000000008c300000, 0x000000008c400000, 0x000000008c400000|100%| E|CS|TAMS 0x000000008c300000, 0x000000008c300000| Complete 
| 156|0x000000008c400000, 0x000000008c500000, 0x000000008c500000|100%| E|CS|TAMS 0x000000008c400000, 0x000000008c400000| Complete 
| 157|0x000000008c500000, 0x000000008c600000, 0x000000008c600000|100%| E|CS|TAMS 0x000000008c500000, 0x000000008c500000| Complete 
| 158|0x000000008c600000, 0x000000008c700000, 0x000000008c700000|100%| E|CS|TAMS 0x000000008c600000, 0x000000008c600000| Complete 
| 159|0x000000008c700000, 0x000000008c800000, 0x000000008c800000|100%| E|CS|TAMS 0x000000008c700000, 0x000000008c700000| Complete 
| 160|0x000000008c800000, 0x000000008c900000, 0x000000008c900000|100%| E|CS|TAMS 0x000000008c800000, 0x000000008c800000| Complete 
| 161|0x000000008c900000, 0x000000008ca00000, 0x000000008ca00000|100%| E|CS|TAMS 0x000000008c900000, 0x000000008c900000| Complete 
| 162|0x000000008ca00000, 0x000000008cb00000, 0x000000008cb00000|100%| E|CS|TAMS 0x000000008ca00000, 0x000000008ca00000| Complete 
| 163|0x000000008cb00000, 0x000000008cc00000, 0x000000008cc00000|100%| E|CS|TAMS 0x000000008cb00000, 0x000000008cb00000| Complete 
| 164|0x000000008cc00000, 0x000000008cd00000, 0x000000008cd00000|100%| E|CS|TAMS 0x000000008cc00000, 0x000000008cc00000| Complete 

Card table byte_map: [0x0000024a7e7e0000,0x0000024a7ebd0000] _byte_map_base: 0x0000024a7e3cc000

Marking Bits (Prev, Next): (CMBitMap*) 0x0000024a7ac9fc40, (CMBitMap*) 0x0000024a7ac9fc80
 Prev Bits: [0x0000024a03000000, 0x0000024a04f60000)
 Next Bits: [0x0000024a04f60000, 0x0000024a06ec0000)

Polling page: 0x0000024a78c30000

Metaspace:

Usage:
  Non-class:     94.27 MB used.
      Class:     14.51 MB used.
       Both:    108.78 MB used.

Virtual space:
  Non-class space:      128.00 MB reserved,      94.62 MB ( 74%) committed,  2 nodes.
      Class space:        1.00 GB reserved,      14.81 MB (  1%) committed,  1 nodes.
             Both:        1.12 GB reserved,     109.44 MB (  9%) committed. 

Chunk freelists:
   Non-Class:  1.14 MB
       Class:  1.20 MB
        Both:  2.34 MB

MaxMetaspaceSize: unlimited
CompressedClassSpaceSize: 1.00 GB
Initial GC threshold: 21.00 MB
Current GC threshold: 182.12 MB
CDS: off
MetaspaceReclaimPolicy: balanced
 - commit_granule_bytes: 65536.
 - commit_granule_words: 8192.
 - virtual_space_node_default_size: 8388608.
 - enlarge_chunks_in_place: 1.
 - new_chunks_are_fully_committed: 0.
 - uncommit_free_chunks: 1.
 - use_allocation_guard: 0.
 - handle_deallocations: 1.


Internal statistics:

num_allocs_failed_limit: 11.
num_arena_births: 1852.
num_arena_deaths: 818.
num_vsnodes_births: 3.
num_vsnodes_deaths: 0.
num_space_committed: 1751.
num_space_uncommitted: 0.
num_chunks_returned_to_freelist: 1078.
num_chunks_taken_from_freelist: 6432.
num_chunk_merges: 291.
num_chunk_splits: 3946.
num_chunks_enlarged: 2718.
num_inconsistent_stats: 0.

CodeCache: size=49152Kb used=32097Kb max_used=32097Kb free=17054Kb
 bounds [0x0000024a00000000, 0x0000024a01f60000, 0x0000024a03000000]
 total_blobs=18886 nmethods=18082 adapters=727
 compilation: enabled
              stopped_count=0, restarted_count=0
 full_count=0

Compilation events (20 events):
Event: 3110.097 Thread 0x0000024a0d049b30 18305       1       org.springframework.format.support.FormattingConversionService$AnnotationParserConverter::<init> (26 bytes)
Event: 3110.097 Thread 0x0000024a10cfd8c0 nmethod 18303 0x0000024a01f54510 code [0x0000024a01f546a0, 0x0000024a01f548d8]
Event: 3110.097 Thread 0x0000024a0d049b30 nmethod 18305 0x0000024a01f54990 code [0x0000024a01f54b20, 0x0000024a01f54d58]
Event: 3110.097 Thread 0x0000024a10cfd8c0 18306       1       org.springframework.format.support.FormattingConversionService$AnnotationParserConverter::getConvertibleTypes (17 bytes)
Event: 3110.098 Thread 0x0000024a10cfd8c0 nmethod 18306 0x0000024a01f54e10 code [0x0000024a01f54fc0, 0x0000024a01f55328]
Event: 3110.098 Thread 0x0000024a10cfddd0 nmethod 18304 0x0000024a01f55490 code [0x0000024a01f55640, 0x0000024a01f559a8]
Event: 3110.162 Thread 0x0000024a10cfddd0 18307       1       org.springframework.beans.factory.support.AbstractBeanDefinition::getQualifier (14 bytes)
Event: 3110.162 Thread 0x0000024a10cfd8c0 18308       1       org.springframework.beans.factory.support.RootBeanDefinition::getQualifiedElement (5 bytes)
Event: 3110.162 Thread 0x0000024a0d049b30 18309       1       org.springframework.beans.factory.support.GenericTypeAwareAutowireCandidateResolver::getBeanFactory (5 bytes)
Event: 3110.162 Thread 0x0000024a0d049b30 nmethod 18309 0x0000024a01f55b10 code [0x0000024a01f55ca0, 0x0000024a01f55d78]
Event: 3110.162 Thread 0x0000024a10cfd8c0 nmethod 18308 0x0000024a01f55e10 code [0x0000024a01f55fa0, 0x0000024a01f56078]
Event: 3110.162 Thread 0x0000024a10cfddd0 nmethod 18307 0x0000024a01f56110 code [0x0000024a01f562a0, 0x0000024a01f563c8]
Event: 3110.195 Thread 0x0000024a0d049b30 18310       1       sun.nio.fs.NativeBuffer$Deallocator::<init> (10 bytes)
Event: 3110.195 Thread 0x0000024a0d049b30 nmethod 18310 0x0000024a01f56490 code [0x0000024a01f56620, 0x0000024a01f566f8]
Event: 3110.197 Thread 0x0000024a0d049b30 18311       1       sun.nio.fs.NativeBuffer::<init> (44 bytes)
Event: 3110.197 Thread 0x0000024a0d049b30 nmethod 18311 0x0000024a01f56790 code [0x0000024a01f56940, 0x0000024a01f56c18]
Event: 3110.243 Thread 0x0000024a0d049b30 18312       1       java.util.ComparableTimSort::ensureCapacity (64 bytes)
Event: 3110.243 Thread 0x0000024a0d049b30 nmethod 18312 0x0000024a01f56d90 code [0x0000024a01f56f40, 0x0000024a01f57168]
Event: 3110.259 Thread 0x0000024a0d049b30 18313       1       java.util.concurrent.FutureTask::awaitDone (214 bytes)
Event: 3110.260 Thread 0x0000024a0d049b30 nmethod 18313 0x0000024a01f57290 code [0x0000024a01f57520, 0x0000024a01f581e8]

GC Heap History (20 events):
Event: 2948.647 GC heap before
{Heap before GC invocations=94 (full 2):
 garbage-first heap   total 168960K, used 129516K [0x0000000082800000, 0x0000000100000000)
  region size 1024K, 68 young (69632K), 4 survivors (4096K)
 Metaspace       used 108781K, committed 109504K, reserved 1179648K
  class space    used 14627K, committed 14976K, reserved 1048576K
}
Event: 2948.850 GC heap after
{Heap after GC invocations=95 (full 2):
 garbage-first heap   total 168960K, used 67832K [0x0000000082800000, 0x0000000100000000)
  region size 1024K, 7 young (7168K), 7 survivors (7168K)
 Metaspace       used 108781K, committed 109504K, reserved 1179648K
  class space    used 14627K, committed 14976K, reserved 1048576K
}
Event: 3034.136 GC heap before
{Heap before GC invocations=96 (full 2):
 garbage-first heap   total 168960K, used 137464K [0x0000000082800000, 0x0000000100000000)
  region size 1024K, 74 young (75776K), 7 survivors (7168K)
 Metaspace       used 108792K, committed 109504K, reserved 1179648K
  class space    used 14629K, committed 14976K, reserved 1048576K
}
Event: 3034.181 GC heap after
{Heap after GC invocations=97 (full 2):
 garbage-first heap   total 168960K, used 69449K [0x0000000082800000, 0x0000000100000000)
  region size 1024K, 6 young (6144K), 6 survivors (6144K)
 Metaspace       used 108792K, committed 109504K, reserved 1179648K
  class space    used 14629K, committed 14976K, reserved 1048576K
}
Event: 3035.130 GC heap before
{Heap before GC invocations=97 (full 2):
 garbage-first heap   total 168960K, used 71497K [0x0000000082800000, 0x0000000100000000)
  region size 1024K, 8 young (8192K), 6 survivors (6144K)
 Metaspace       used 108792K, committed 109504K, reserved 1179648K
  class space    used 14629K, committed 14976K, reserved 1048576K
}
Event: 3035.147 GC heap after
{Heap after GC invocations=98 (full 2):
 garbage-first heap   total 168960K, used 68861K [0x0000000082800000, 0x0000000100000000)
  region size 1024K, 1 young (1024K), 1 survivors (1024K)
 Metaspace       used 108792K, committed 109504K, reserved 1179648K
  class space    used 14629K, committed 14976K, reserved 1048576K
}
Event: 3101.102 GC heap before
{Heap before GC invocations=98 (full 2):
 garbage-first heap   total 168960K, used 125181K [0x0000000082800000, 0x0000000100000000)
  region size 1024K, 57 young (58368K), 1 survivors (1024K)
 Metaspace       used 108800K, committed 109504K, reserved 1179648K
  class space    used 14631K, committed 14976K, reserved 1048576K
}
Event: 3101.481 GC heap after
{Heap after GC invocations=99 (full 3):
 garbage-first heap   total 168960K, used 48985K [0x0000000082800000, 0x0000000100000000)
  region size 1024K, 0 young (0K), 0 survivors (0K)
 Metaspace       used 108690K, committed 109504K, reserved 1179648K
  class space    used 14612K, committed 14976K, reserved 1048576K
}
Event: 3102.652 GC heap before
{Heap before GC invocations=99 (full 3):
 garbage-first heap   total 168960K, used 135001K [0x0000000082800000, 0x0000000100000000)
  region size 1024K, 84 young (86016K), 0 survivors (0K)
 Metaspace       used 109664K, committed 110336K, reserved 1179648K
  class space    used 14724K, committed 15040K, reserved 1048576K
}
Event: 3102.673 GC heap after
{Heap after GC invocations=100 (full 3):
 garbage-first heap   total 168960K, used 55869K [0x0000000082800000, 0x0000000100000000)
  region size 1024K, 7 young (7168K), 7 survivors (7168K)
 Metaspace       used 109664K, committed 110336K, reserved 1179648K
  class space    used 14724K, committed 15040K, reserved 1048576K
}
Event: 3107.395 GC heap before
{Heap before GC invocations=101 (full 3):
 garbage-first heap   total 168960K, used 134717K [0x0000000082800000, 0x0000000100000000)
  region size 1024K, 84 young (86016K), 7 survivors (7168K)
 Metaspace       used 110073K, committed 110784K, reserved 1179648K
  class space    used 14775K, committed 15104K, reserved 1048576K
}
Event: 3107.411 GC heap after
{Heap after GC invocations=102 (full 3):
 garbage-first heap   total 168960K, used 66186K [0x0000000082800000, 0x0000000100000000)
  region size 1024K, 11 young (11264K), 11 survivors (11264K)
 Metaspace       used 110073K, committed 110784K, reserved 1179648K
  class space    used 14775K, committed 15104K, reserved 1048576K
}
Event: 3107.625 GC heap before
{Heap before GC invocations=102 (full 3):
 garbage-first heap   total 168960K, used 129674K [0x0000000082800000, 0x0000000100000000)
  region size 1024K, 73 young (74752K), 11 survivors (11264K)
 Metaspace       used 110358K, committed 111040K, reserved 1179648K
  class space    used 14795K, committed 15104K, reserved 1048576K
}
Event: 3107.633 GC heap after
{Heap after GC invocations=103 (full 3):
 garbage-first heap   total 168960K, used 69626K [0x0000000082800000, 0x0000000100000000)
  region size 1024K, 4 young (4096K), 4 survivors (4096K)
 Metaspace       used 110358K, committed 111040K, reserved 1179648K
  class space    used 14795K, committed 15104K, reserved 1048576K
}
Event: 3109.464 GC heap before
{Heap before GC invocations=104 (full 3):
 garbage-first heap   total 168960K, used 132090K [0x0000000082800000, 0x0000000100000000)
  region size 1024K, 65 young (66560K), 4 survivors (4096K)
 Metaspace       used 110662K, committed 111296K, reserved 1179648K
  class space    used 14812K, committed 15104K, reserved 1048576K
}
Event: 3109.469 GC heap after
{Heap after GC invocations=105 (full 3):
 garbage-first heap   total 168960K, used 71759K [0x0000000082800000, 0x0000000100000000)
  region size 1024K, 6 young (6144K), 6 survivors (6144K)
 Metaspace       used 110662K, committed 111296K, reserved 1179648K
  class space    used 14812K, committed 15104K, reserved 1048576K
}
Event: 3109.808 GC heap before
{Heap before GC invocations=105 (full 3):
 garbage-first heap   total 168960K, used 134223K [0x0000000082800000, 0x0000000100000000)
  region size 1024K, 67 young (68608K), 6 survivors (6144K)
 Metaspace       used 111043K, committed 111744K, reserved 1179648K
  class space    used 14836K, committed 15168K, reserved 1048576K
}
Event: 3109.814 GC heap after
{Heap after GC invocations=106 (full 3):
 garbage-first heap   total 168960K, used 73895K [0x0000000082800000, 0x0000000100000000)
  region size 1024K, 5 young (5120K), 5 survivors (5120K)
 Metaspace       used 111043K, committed 111744K, reserved 1179648K
  class space    used 14836K, committed 15168K, reserved 1048576K
}
Event: 3110.178 GC heap before
{Heap before GC invocations=107 (full 3):
 garbage-first heap   total 168960K, used 122023K [0x0000000082800000, 0x0000000100000000)
  region size 1024K, 53 young (54272K), 5 survivors (5120K)
 Metaspace       used 111389K, committed 112064K, reserved 1179648K
  class space    used 14861K, committed 15168K, reserved 1048576K
}
Event: 3110.187 GC heap after
{Heap after GC invocations=108 (full 3):
 garbage-first heap   total 168960K, used 76633K [0x0000000082800000, 0x0000000100000000)
  region size 1024K, 5 young (5120K), 5 survivors (5120K)
 Metaspace       used 111389K, committed 112064K, reserved 1179648K
  class space    used 14861K, committed 15168K, reserved 1048576K
}

Dll operation events (9 events):
Event: 0.006 Loaded shared library D:\sts-4.18.1.RELEASE\plugins\org.eclipse.justj.openjdk.hotspot.jre.full.win32.x86_64_17.0.7.v20230425-1502\jre\bin\java.dll
Event: 0.167 Loaded shared library D:\sts-4.18.1.RELEASE\plugins\org.eclipse.justj.openjdk.hotspot.jre.full.win32.x86_64_17.0.7.v20230425-1502\jre\bin\jimage.dll
Event: 0.178 Loaded shared library D:\sts-4.18.1.RELEASE\plugins\org.eclipse.justj.openjdk.hotspot.jre.full.win32.x86_64_17.0.7.v20230425-1502\jre\bin\net.dll
Event: 0.179 Loaded shared library D:\sts-4.18.1.RELEASE\plugins\org.eclipse.justj.openjdk.hotspot.jre.full.win32.x86_64_17.0.7.v20230425-1502\jre\bin\nio.dll
Event: 0.182 Loaded shared library D:\sts-4.18.1.RELEASE\plugins\org.eclipse.justj.openjdk.hotspot.jre.full.win32.x86_64_17.0.7.v20230425-1502\jre\bin\zip.dll
Event: 0.239 Loaded shared library D:\sts-4.18.1.RELEASE\plugins\org.eclipse.justj.openjdk.hotspot.jre.full.win32.x86_64_17.0.7.v20230425-1502\jre\bin\management.dll
Event: 0.249 Loaded shared library D:\sts-4.18.1.RELEASE\plugins\org.eclipse.justj.openjdk.hotspot.jre.full.win32.x86_64_17.0.7.v20230425-1502\jre\bin\management_ext.dll
Event: 2.682 Loaded shared library D:\sts-4.18.1.RELEASE\plugins\org.eclipse.justj.openjdk.hotspot.jre.full.win32.x86_64_17.0.7.v20230425-1502\jre\bin\sunmscapi.dll
Event: 3.145 Loaded shared library D:\sts-4.18.1.RELEASE\plugins\org.eclipse.justj.openjdk.hotspot.jre.full.win32.x86_64_17.0.7.v20230425-1502\jre\bin\verify.dll

Deoptimization events (20 events):
Event: 13.964 Thread 0x0000024a0e357290 DEOPT PACKING pc=0x0000024a00c16bec sp=0x000000c37d7fbeb0
Event: 13.964 Thread 0x0000024a0e357290 DEOPT UNPACKING pc=0x0000024a00057143 sp=0x000000c37d7fb468 mode 0
Event: 14.019 Thread 0x0000024a0e357290 DEOPT PACKING pc=0x0000024a00c16bec sp=0x000000c37d7fd4b0
Event: 14.019 Thread 0x0000024a0e357290 DEOPT UNPACKING pc=0x0000024a00057143 sp=0x000000c37d7fca68 mode 0
Event: 14.288 Thread 0x0000024a0e357290 DEOPT PACKING pc=0x0000024a00f1b92b sp=0x000000c37d7f8a50
Event: 14.288 Thread 0x0000024a0e357290 DEOPT UNPACKING pc=0x0000024a00057143 sp=0x000000c37d7f7f98 mode 3
Event: 14.591 Thread 0x0000024a0e357290 DEOPT PACKING pc=0x0000024a00e9992e sp=0x000000c37d7fb240
Event: 14.591 Thread 0x0000024a0e357290 DEOPT UNPACKING pc=0x0000024a00057143 sp=0x000000c37d7fa678 mode 0
Event: 28.472 Thread 0x0000024a105d8a30 DEOPT PACKING pc=0x0000024a01205afb sp=0x000000c37f8fb020
Event: 28.472 Thread 0x0000024a105d8a30 DEOPT UNPACKING pc=0x0000024a00057143 sp=0x000000c37f8fa548 mode 3
Event: 28.486 Thread 0x0000024a105d8a30 DEOPT PACKING pc=0x0000024a012394ab sp=0x000000c37f8fb030
Event: 28.486 Thread 0x0000024a105d8a30 DEOPT UNPACKING pc=0x0000024a00057143 sp=0x000000c37f8fa540 mode 3
Event: 456.570 Thread 0x0000024a10a96f20 DEOPT PACKING pc=0x0000024a014968e8 sp=0x000000c3009fd390
Event: 456.571 Thread 0x0000024a10a96f20 DEOPT UNPACKING pc=0x0000024a00057143 sp=0x000000c3009fc988 mode 3
Event: 1225.613 Thread 0x0000024a0e24be90 DEOPT PACKING pc=0x0000024a01775272 sp=0x000000c302bfed50
Event: 1225.614 Thread 0x0000024a0e24be90 DEOPT UNPACKING pc=0x0000024a00057143 sp=0x000000c302bfe2b0 mode 3
Event: 2850.875 Thread 0x0000024a10a93560 DEOPT PACKING pc=0x0000024a00718807 sp=0x000000c3004fdda0
Event: 2850.876 Thread 0x0000024a10a93560 DEOPT UNPACKING pc=0x0000024a00057143 sp=0x000000c3004fd268 mode 3
Event: 3088.537 Thread 0x0000024a105d5a10 DEOPT PACKING pc=0x0000024a01b9adab sp=0x000000c302bfdd60
Event: 3088.540 Thread 0x0000024a105d5a10 DEOPT UNPACKING pc=0x0000024a00057143 sp=0x000000c302bfd228 mode 3

Classes unloaded (20 events):
Event: 3101.171 Thread 0x0000024a7fad09a0 Unloading class 0x0000000100e39400 'jdk/internal/reflect/GeneratedConstructorAccessor105'
Event: 3101.171 Thread 0x0000024a7fad09a0 Unloading class 0x0000000100e4d800 'jdk/internal/reflect/GeneratedMethodAccessor129'
Event: 3101.172 Thread 0x0000024a7fad09a0 Unloading class 0x0000000100e34400 'jdk/internal/reflect/GeneratedConstructorAccessor99'
Event: 3101.172 Thread 0x0000024a7fad09a0 Unloading class 0x0000000100e34000 'jdk/internal/reflect/GeneratedConstructorAccessor98'
Event: 3101.173 Thread 0x0000024a7fad09a0 Unloading class 0x0000000100e25400 'jdk/internal/reflect/GeneratedConstructorAccessor93'
Event: 3101.173 Thread 0x0000024a7fad09a0 Unloading class 0x0000000100e25000 'jdk/internal/reflect/GeneratedConstructorAccessor92'
Event: 3101.173 Thread 0x0000024a7fad09a0 Unloading class 0x0000000100e24400 'jdk/internal/reflect/GeneratedConstructorAccessor89'
Event: 3101.173 Thread 0x0000024a7fad09a0 Unloading class 0x0000000100cfd000 'jdk/internal/reflect/GeneratedConstructorAccessor86'
Event: 3101.173 Thread 0x0000024a7fad09a0 Unloading class 0x00000001005e3000 'jdk/internal/reflect/GeneratedConstructorAccessor85'
Event: 3101.173 Thread 0x0000024a7fad09a0 Unloading class 0x0000000100cfc800 'jdk/internal/reflect/GeneratedConstructorAccessor84'
Event: 3101.173 Thread 0x0000024a7fad09a0 Unloading class 0x0000000100d84000 'jdk/internal/reflect/GeneratedConstructorAccessor83'
Event: 3101.173 Thread 0x0000024a7fad09a0 Unloading class 0x0000000100183400 'jdk/internal/reflect/GeneratedConstructorAccessor82'
Event: 3101.173 Thread 0x0000024a7fad09a0 Unloading class 0x0000000100e01800 'java/lang/invoke/LambdaForm$MH+0x0000000100e01800'
Event: 3101.174 Thread 0x0000024a7fad09a0 Unloading class 0x0000000100de2800 'java/lang/invoke/LambdaForm$MH+0x0000000100de2800'
Event: 3101.174 Thread 0x0000024a7fad09a0 Unloading class 0x0000000100cfc000 'java/lang/invoke/LambdaForm$MH+0x0000000100cfc000'
Event: 3101.174 Thread 0x0000024a7fad09a0 Unloading class 0x0000000100ba8000 'java/lang/invoke/LambdaForm$MH+0x0000000100ba8000'
Event: 3102.727 Thread 0x0000024a7fad09a0 Unloading class 0x0000000100e57000 'jdk/internal/reflect/GeneratedSerializationConstructorAccessor83'
Event: 3102.727 Thread 0x0000024a7fad09a0 Unloading class 0x0000000100e56000 'jdk/internal/reflect/GeneratedSerializationConstructorAccessor80'
Event: 3102.727 Thread 0x0000024a7fad09a0 Unloading class 0x0000000100e55800 'jdk/internal/reflect/GeneratedSerializationConstructorAccessor78'
Event: 3102.727 Thread 0x0000024a7fad09a0 Unloading class 0x0000000100e45800 'jdk/internal/reflect/GeneratedConstructorAccessor103'

Classes redefined (0 events):
No events

Internal exceptions (20 events):
Event: 3110.175 Thread 0x0000024a0e251a00 Exception <a 'sun/nio/fs/WindowsException'{0x0000000089fb75a0}> (0x0000000089fb75a0) 
thrown [s\src\hotspot\share\prims\jni.cpp, line 516]
Event: 3110.176 Thread 0x0000024a0e251a00 Exception <a 'sun/nio/fs/WindowsException'{0x0000000089fb78f0}> (0x0000000089fb78f0) 
thrown [s\src\hotspot\share\prims\jni.cpp, line 516]
Event: 3110.176 Thread 0x0000024a0e251a00 Exception <a 'sun/nio/fs/WindowsException'{0x0000000089fb82b0}> (0x0000000089fb82b0) 
thrown [s\src\hotspot\share\prims\jni.cpp, line 516]
Event: 3110.176 Thread 0x0000024a0e251a00 Exception <a 'sun/nio/fs/WindowsException'{0x0000000089fb8630}> (0x0000000089fb8630) 
thrown [s\src\hotspot\share\prims\jni.cpp, line 516]
Event: 3110.176 Thread 0x0000024a0e251a00 Exception <a 'sun/nio/fs/WindowsException'{0x0000000089fb8fc8}> (0x0000000089fb8fc8) 
thrown [s\src\hotspot\share\prims\jni.cpp, line 516]
Event: 3110.176 Thread 0x0000024a0e251a00 Exception <a 'sun/nio/fs/WindowsException'{0x0000000089fb9318}> (0x0000000089fb9318) 
thrown [s\src\hotspot\share\prims\jni.cpp, line 516]
Event: 3110.176 Thread 0x0000024a0e251a00 Exception <a 'sun/nio/fs/WindowsException'{0x0000000089fb9c88}> (0x0000000089fb9c88) 
thrown [s\src\hotspot\share\prims\jni.cpp, line 516]
Event: 3110.176 Thread 0x0000024a0e251a00 Exception <a 'sun/nio/fs/WindowsException'{0x0000000089fb9fa8}> (0x0000000089fb9fa8) 
thrown [s\src\hotspot\share\prims\jni.cpp, line 516]
Event: 3110.176 Thread 0x0000024a0e251a00 Exception <a 'sun/nio/fs/WindowsException'{0x0000000089fba920}> (0x0000000089fba920) 
thrown [s\src\hotspot\share\prims\jni.cpp, line 516]
Event: 3110.176 Thread 0x0000024a0e251a00 Exception <a 'sun/nio/fs/WindowsException'{0x0000000089fbac50}> (0x0000000089fbac50) 
thrown [s\src\hotspot\share\prims\jni.cpp, line 516]
Event: 3110.176 Thread 0x0000024a0e251a00 Exception <a 'sun/nio/fs/WindowsException'{0x0000000089fbb5c0}> (0x0000000089fbb5c0) 
thrown [s\src\hotspot\share\prims\jni.cpp, line 516]
Event: 3110.176 Thread 0x0000024a0e251a00 Exception <a 'sun/nio/fs/WindowsException'{0x0000000089fbb8e0}> (0x0000000089fbb8e0) 
thrown [s\src\hotspot\share\prims\jni.cpp, line 516]
Event: 3110.176 Thread 0x0000024a0e251a00 Exception <a 'sun/nio/fs/WindowsException'{0x0000000089fbc258}> (0x0000000089fbc258) 
thrown [s\src\hotspot\share\prims\jni.cpp, line 516]
Event: 3110.176 Thread 0x0000024a0e251a00 Exception <a 'sun/nio/fs/WindowsException'{0x0000000089fbc588}> (0x0000000089fbc588) 
thrown [s\src\hotspot\share\prims\jni.cpp, line 516]
Event: 3110.176 Thread 0x0000024a0e251a00 Exception <a 'sun/nio/fs/WindowsException'{0x0000000089fbcf20}> (0x0000000089fbcf20) 
thrown [s\src\hotspot\share\prims\jni.cpp, line 516]
Event: 3110.176 Thread 0x0000024a0e251a00 Exception <a 'sun/nio/fs/WindowsException'{0x0000000089fbd270}> (0x0000000089fbd270) 
thrown [s\src\hotspot\share\prims\jni.cpp, line 516]
Event: 3110.176 Thread 0x0000024a0e251a00 Exception <a 'sun/nio/fs/WindowsException'{0x0000000089fbdc18}> (0x0000000089fbdc18) 
thrown [s\src\hotspot\share\prims\jni.cpp, line 516]
Event: 3110.176 Thread 0x0000024a0e251a00 Exception <a 'sun/nio/fs/WindowsException'{0x0000000089fbdf78}> (0x0000000089fbdf78) 
thrown [s\src\hotspot\share\prims\jni.cpp, line 516]
Event: 3110.176 Thread 0x0000024a0e251a00 Exception <a 'sun/nio/fs/WindowsException'{0x0000000089fbe918}> (0x0000000089fbe918) 
thrown [s\src\hotspot\share\prims\jni.cpp, line 516]
Event: 3110.176 Thread 0x0000024a0e251a00 Exception <a 'sun/nio/fs/WindowsException'{0x0000000089fbec78}> (0x0000000089fbec78) 
thrown [s\src\hotspot\share\prims\jni.cpp, line 516]

VM Operations (20 events):
Event: 3107.411 Executing VM operation: G1CollectForAllocation done
Event: 3107.625 Executing VM operation: G1CollectForAllocation
Event: 3107.633 Executing VM operation: G1CollectForAllocation done
Event: 3107.691 Executing VM operation: G1Concurrent
Event: 3107.700 Executing VM operation: G1Concurrent done
Event: 3107.726 Executing VM operation: G1Concurrent
Event: 3107.726 Executing VM operation: G1Concurrent done
Event: 3108.727 Executing VM operation: Cleanup
Event: 3108.727 Executing VM operation: Cleanup done
Event: 3109.464 Executing VM operation: G1CollectForAllocation
Event: 3109.469 Executing VM operation: G1CollectForAllocation done
Event: 3109.808 Executing VM operation: G1CollectForAllocation
Event: 3109.814 Executing VM operation: G1CollectForAllocation done
Event: 3109.879 Executing VM operation: G1Concurrent
Event: 3109.885 Executing VM operation: G1Concurrent done
Event: 3109.910 Executing VM operation: G1Concurrent
Event: 3109.910 Executing VM operation: G1Concurrent done
Event: 3110.178 Executing VM operation: G1TryInitiateConcMark
Event: 3110.187 Executing VM operation: G1TryInitiateConcMark done
Event: 3110.272 Executing VM operation: G1Concurrent

Events (20 events):
Event: 3110.271 Thread 0x0000024a10a98260 Thread exited: 0x0000024a10a98260
Event: 3110.271 Thread 0x0000024a0e24b4f0 Thread exited: 0x0000024a0e24b4f0
Event: 3110.271 Thread 0x0000024a0e252d40 Thread exited: 0x0000024a0e252d40
Event: 3110.271 Thread 0x0000024a0e251a00 Thread exited: 0x0000024a0e251a00
Event: 3110.271 Thread 0x0000024a10a91880 Thread exited: 0x0000024a10a91880
Event: 3110.271 Thread 0x0000024a0e24be90 Thread exited: 0x0000024a0e24be90
Event: 3110.271 Thread 0x0000024a0e24b9c0 Thread exited: 0x0000024a0e24b9c0
Event: 3110.271 Thread 0x0000024a10a97d90 Thread exited: 0x0000024a10a97d90
Event: 3110.271 Thread 0x0000024a10a990d0 Thread exited: 0x0000024a10a990d0
Event: 3110.271 Thread 0x0000024a10a95710 Thread exited: 0x0000024a10a95710
Event: 3110.271 Thread 0x0000024a10a93a30 Thread exited: 0x0000024a10a93a30
Event: 3110.271 Thread 0x0000024a10a91d50 Thread exited: 0x0000024a10a91d50
Event: 3110.271 Thread 0x0000024a0e24f380 Thread exited: 0x0000024a0e24f380
Event: 3110.272 Thread 0x0000024a10a92bc0 Thread added: 0x0000024a10a92bc0
Event: 3110.272 Thread 0x0000024a10a943d0 Thread added: 0x0000024a10a943d0
Event: 3110.272 Thread 0x0000024a10a91d50 Thread added: 0x0000024a10a91d50
Event: 3110.272 Thread 0x0000024a10a97d90 Thread added: 0x0000024a10a97d90
Event: 3110.272 Thread 0x0000024a10a98260 Thread added: 0x0000024a10a98260
Event: 3110.272 Thread 0x0000024a10a978c0 Thread added: 0x0000024a10a978c0
Event: 3110.272 Thread 0x0000024a10a96a50 Thread added: 0x0000024a10a96a50


Dynamic libraries:
0x00007ff763940000 - 0x00007ff76394e000 	D:\sts-4.18.1.RELEASE\plugins\org.eclipse.justj.openjdk.hotspot.jre.full.win32.x86_64_17.0.7.v20230425-1502\jre\bin\javaw.exe
0x00007ffb036d0000 - 0x00007ffb038e7000 	C:\WINDOWS\SYSTEM32\ntdll.dll
0x00007ffb01590000 - 0x00007ffb01654000 	C:\WINDOWS\System32\KERNEL32.DLL
0x00007ffb00ea0000 - 0x00007ffb01246000 	C:\WINDOWS\System32\KERNELBASE.dll
0x00007ffb01310000 - 0x00007ffb01421000 	C:\WINDOWS\System32\ucrtbase.dll
0x00007ffafcdd0000 - 0x00007ffafcde9000 	D:\sts-4.18.1.RELEASE\plugins\org.eclipse.justj.openjdk.hotspot.jre.full.win32.x86_64_17.0.7.v20230425-1502\jre\bin\VCRUNTIME140.dll
0x00007ffadc240000 - 0x00007ffadc257000 	D:\sts-4.18.1.RELEASE\plugins\org.eclipse.justj.openjdk.hotspot.jre.full.win32.x86_64_17.0.7.v20230425-1502\jre\bin\jli.dll
0x00007ffb03240000 - 0x00007ffb033ed000 	C:\WINDOWS\System32\USER32.dll
0x00007ffb00af0000 - 0x00007ffb00b16000 	C:\WINDOWS\System32\win32u.dll
0x00007ffaf02a0000 - 0x00007ffaf0533000 	C:\WINDOWS\WinSxS\amd64_microsoft.windows.common-controls_6595b64144ccf1df_6.0.22621.2361_none_2712ced57382f843\COMCTL32.dll
0x00007ffb020e0000 - 0x00007ffb02187000 	C:\WINDOWS\System32\msvcrt.dll
0x00007ffb01660000 - 0x00007ffb01689000 	C:\WINDOWS\System32\GDI32.dll
0x00007ffb00ba0000 - 0x00007ffb00cb8000 	C:\WINDOWS\System32\gdi32full.dll
0x00007ffb00a50000 - 0x00007ffb00aea000 	C:\WINDOWS\System32\msvcp_win.dll
0x00007ffb031e0000 - 0x00007ffb03211000 	C:\WINDOWS\System32\IMM32.DLL
0x00007ffafce60000 - 0x00007ffafce6c000 	D:\sts-4.18.1.RELEASE\plugins\org.eclipse.justj.openjdk.hotspot.jre.full.win32.x86_64_17.0.7.v20230425-1502\jre\bin\vcruntime140_1.dll
0x00007ffab5540000 - 0x00007ffab55d1000 	D:\sts-4.18.1.RELEASE\plugins\org.eclipse.justj.openjdk.hotspot.jre.full.win32.x86_64_17.0.7.v20230425-1502\jre\bin\msvcp140.dll
0x00007ffa89640000 - 0x00007ffa8a288000 	D:\sts-4.18.1.RELEASE\plugins\org.eclipse.justj.openjdk.hotspot.jre.full.win32.x86_64_17.0.7.v20230425-1502\jre\bin\server\jvm.dll
0x00007ffb01f30000 - 0x00007ffb01fe0000 	C:\WINDOWS\System32\ADVAPI32.dll
0x00007ffb02190000 - 0x00007ffb02236000 	C:\WINDOWS\System32\sechost.dll
0x00007ffb01d10000 - 0x00007ffb01e27000 	C:\WINDOWS\System32\RPCRT4.dll
0x00007ffaeb140000 - 0x00007ffaeb149000 	C:\WINDOWS\SYSTEM32\WSOCK32.dll
0x00007ffaf78c0000 - 0x00007ffaf78f4000 	C:\WINDOWS\SYSTEM32\WINMM.dll
0x00007ffaf91f0000 - 0x00007ffaf91fa000 	C:\WINDOWS\SYSTEM32\VERSION.dll
0x00007ffb02820000 - 0x00007ffb02891000 	C:\WINDOWS\System32\WS2_32.dll
0x00007ffaffae0000 - 0x00007ffaffaf8000 	C:\WINDOWS\SYSTEM32\kernel.appcore.dll
0x00007ffaeb000000 - 0x00007ffaeb00a000 	D:\sts-4.18.1.RELEASE\plugins\org.eclipse.justj.openjdk.hotspot.jre.full.win32.x86_64_17.0.7.v20230425-1502\jre\bin\jimage.dll
0x00007ffafde30000 - 0x00007ffafe05e000 	C:\WINDOWS\SYSTEM32\DBGHELP.DLL
0x00007ffb022e0000 - 0x00007ffb0266a000 	C:\WINDOWS\System32\combase.dll
0x00007ffb033f0000 - 0x00007ffb034c7000 	C:\WINDOWS\System32\OLEAUT32.dll
0x00007ffae1170000 - 0x00007ffae11a2000 	C:\WINDOWS\SYSTEM32\dbgcore.DLL
0x00007ffb00b20000 - 0x00007ffb00b9a000 	C:\WINDOWS\System32\bcryptPrimitives.dll
0x00007ffacf7c0000 - 0x00007ffacf7e5000 	D:\sts-4.18.1.RELEASE\plugins\org.eclipse.justj.openjdk.hotspot.jre.full.win32.x86_64_17.0.7.v20230425-1502\jre\bin\java.dll
0x00007ffad1980000 - 0x00007ffad1998000 	D:\sts-4.18.1.RELEASE\plugins\org.eclipse.justj.openjdk.hotspot.jre.full.win32.x86_64_17.0.7.v20230425-1502\jre\bin\zip.dll
0x00007ffb02980000 - 0x00007ffb031d8000 	C:\WINDOWS\System32\SHELL32.dll
0x00007ffafe970000 - 0x00007ffaff262000 	C:\WINDOWS\SYSTEM32\windows.storage.dll
0x00007ffafe830000 - 0x00007ffafe96e000 	C:\WINDOWS\SYSTEM32\wintypes.dll
0x00007ffb01fe0000 - 0x00007ffb020d3000 	C:\WINDOWS\System32\SHCORE.dll
0x00007ffb02920000 - 0x00007ffb0297e000 	C:\WINDOWS\System32\shlwapi.dll
0x00007ffb00980000 - 0x00007ffb009a6000 	C:\WINDOWS\SYSTEM32\profapi.dll
0x00007ffad1890000 - 0x00007ffad18a9000 	D:\sts-4.18.1.RELEASE\plugins\org.eclipse.justj.openjdk.hotspot.jre.full.win32.x86_64_17.0.7.v20230425-1502\jre\bin\net.dll
0x00007ffaf9c70000 - 0x00007ffaf9da7000 	C:\WINDOWS\SYSTEM32\WINHTTP.dll
0x00007ffafffc0000 - 0x00007ffb00029000 	C:\WINDOWS\system32\mswsock.dll
0x00007ffad0e60000 - 0x00007ffad0e75000 	D:\sts-4.18.1.RELEASE\plugins\org.eclipse.justj.openjdk.hotspot.jre.full.win32.x86_64_17.0.7.v20230425-1502\jre\bin\nio.dll
0x00007ffaf79a0000 - 0x00007ffaf79a9000 	D:\sts-4.18.1.RELEASE\plugins\org.eclipse.justj.openjdk.hotspot.jre.full.win32.x86_64_17.0.7.v20230425-1502\jre\bin\management.dll
0x00007ffaec7a0000 - 0x00007ffaec7ab000 	D:\sts-4.18.1.RELEASE\plugins\org.eclipse.justj.openjdk.hotspot.jre.full.win32.x86_64_17.0.7.v20230425-1502\jre\bin\management_ext.dll
0x00007ffb01430000 - 0x00007ffb01438000 	C:\WINDOWS\System32\PSAPI.DLL
0x00007ffae1350000 - 0x00007ffae1367000 	C:\WINDOWS\system32\napinsp.dll
0x00007ffae1330000 - 0x00007ffae134b000 	C:\WINDOWS\system32\pnrpnsp.dll
0x00007ffaff5b0000 - 0x00007ffaff6a9000 	C:\WINDOWS\SYSTEM32\DNSAPI.dll
0x00007ffaff540000 - 0x00007ffaff56d000 	C:\WINDOWS\SYSTEM32\IPHLPAPI.DLL
0x00007ffb02240000 - 0x00007ffb02249000 	C:\WINDOWS\System32\NSI.dll
0x00007ffad2810000 - 0x00007ffad2821000 	C:\WINDOWS\System32\winrnr.dll
0x00007ffaf8930000 - 0x00007ffaf8945000 	C:\WINDOWS\system32\wshbth.dll
0x00007ffad1b90000 - 0x00007ffad1bb1000 	C:\WINDOWS\system32\nlansp_c.dll
0x00007ffaea740000 - 0x00007ffaea74a000 	C:\Windows\System32\rasadhlp.dll
0x00007ffaf8950000 - 0x00007ffaf89d4000 	C:\WINDOWS\System32\fwpuclnt.dll
0x00007ffb00230000 - 0x00007ffb0024b000 	C:\WINDOWS\SYSTEM32\CRYPTSP.dll
0x00007ffaffaa0000 - 0x00007ffaffad5000 	C:\WINDOWS\system32\rsaenh.dll
0x00007ffb000d0000 - 0x00007ffb000fc000 	C:\WINDOWS\SYSTEM32\USERENV.dll
0x00007ffb00410000 - 0x00007ffb00438000 	C:\WINDOWS\SYSTEM32\bcrypt.dll
0x00007ffb00250000 - 0x00007ffb0025c000 	C:\WINDOWS\SYSTEM32\CRYPTBASE.dll
0x00007ffaf9c00000 - 0x00007ffaf9c19000 	C:\WINDOWS\SYSTEM32\dhcpcsvc6.DLL
0x00007ffaf99f0000 - 0x00007ffaf9a0f000 	C:\WINDOWS\SYSTEM32\dhcpcsvc.DLL
0x00007ffaec0b0000 - 0x00007ffaec0be000 	D:\sts-4.18.1.RELEASE\plugins\org.eclipse.justj.openjdk.hotspot.jre.full.win32.x86_64_17.0.7.v20230425-1502\jre\bin\sunmscapi.dll
0x00007ffb00d30000 - 0x00007ffb00e96000 	C:\WINDOWS\System32\CRYPT32.dll
0x00007ffb003e0000 - 0x00007ffb0040d000 	C:\WINDOWS\SYSTEM32\ncrypt.dll
0x00007ffb003a0000 - 0x00007ffb003d7000 	C:\WINDOWS\SYSTEM32\NTASN1.dll
0x00007ffae2860000 - 0x00007ffae2870000 	D:\sts-4.18.1.RELEASE\plugins\org.eclipse.justj.openjdk.hotspot.jre.full.win32.x86_64_17.0.7.v20230425-1502\jre\bin\verify.dll
0x00007ffaeb150000 - 0x00007ffaeb158000 	C:\WINDOWS\system32\wshunix.dll

dbghelp: loaded successfully - version: 4.0.5 - missing functions: none
symbol engine: initialized successfully - sym options: 0x614 - pdb path: .;D:\sts-4.18.1.RELEASE\plugins\org.eclipse.justj.openjdk.hotspot.jre.full.win32.x86_64_17.0.7.v20230425-1502\jre\bin;C:\WINDOWS\SYSTEM32;C:\WINDOWS\WinSxS\amd64_microsoft.windows.common-controls_6595b64144ccf1df_6.0.22621.2361_none_2712ced57382f843;D:\sts-4.18.1.RELEASE\plugins\org.eclipse.justj.openjdk.hotspot.jre.full.win32.x86_64_17.0.7.v20230425-1502\jre\bin\server

VM Arguments:
jvm_args: -Dcom.sun.management.jmxremote -Dcom.sun.management.jmxremote.port=49160 -Dcom.sun.management.jmxremote.authenticate=false -Dcom.sun.management.jmxremote.ssl=false -Djava.rmi.server.hostname=localhost -Dspring.jmx.enabled=true -Dmanagement.endpoints.jmx.exposure.include=* -Dspring.application.admin.enabled=true -XX:TieredStopAtLevel=1 -Dspring.boot.project.name=BE_Destiny -Dfile.encoding=UTF-8 -XX:+ShowCodeDetailsInExceptionMessages 
java_command: com.davisy.Application --spring.output.ansi.enabled=always
java_class_path (initial): E:\6-11-admin\destiny-comunity\be-destiny-community\BE_Destiny\target\classes;C:\Users\ADMIN\.m2\repository\org\springframework\boot\spring-boot-starter-data-jpa\3.1.2\spring-boot-starter-data-jpa-3.1.2.jar;C:\Users\ADMIN\.m2\repository\org\springframework\boot\spring-boot-starter-aop\3.1.2\spring-boot-starter-aop-3.1.2.jar;C:\Users\ADMIN\.m2\repository\org\aspectj\aspectjweaver\1.9.19\aspectjweaver-1.9.19.jar;C:\Users\ADMIN\.m2\repository\org\springframework\boot\spring-boot-starter-jdbc\3.1.2\spring-boot-starter-jdbc-3.1.2.jar;C:\Users\ADMIN\.m2\repository\com\zaxxer\HikariCP\5.0.1\HikariCP-5.0.1.jar;C:\Users\ADMIN\.m2\repository\org\springframework\spring-jdbc\6.0.11\spring-jdbc-6.0.11.jar;C:\Users\ADMIN\.m2\repository\org\hibernate\orm\hibernate-core\6.2.6.Final\hibernate-core-6.2.6.Final.jar;C:\Users\ADMIN\.m2\repository\jakarta\persistence\jakarta.persistence-api\3.1.0\jakarta.persistence-api-3.1.0.jar;C:\Users\ADMIN\.m2\repository\jakarta\transaction\jakarta.transaction-api\2.0.1\jakarta.transaction-api-2.0.1.jar;C:\Users\ADMIN\.m2\repository\org\jboss\logging\jboss-logging\3.5.3.Final\jboss-logging-3.5.3.Final.jar;C:\Users\ADMIN\.m2\repository\org\hibernate\common\hibernate-commons-annotations\6.0.6.Final\hibernate-commons-annotations-6.0.6.Final.jar;C:\Users\ADMIN\.m2\repository\io\smallrye\jandex\3.0.5\jandex-3.0.5.jar;C:\Users\ADMIN\.m2\repository\com\fasterxml\classmate\1.5.1\classmate-1.5.1.jar;C:\Users\ADMIN\.m2\repository\net\bytebuddy\byte-buddy\1.14.5\byte-buddy-1.14.5.jar;C:\Users\ADMIN\.m2\repository\org\glassfish\jaxb\jaxb-runtime\4.0.3\jaxb-runtime-4.0.3.jar;C:\Users\ADMIN\.m2\repository\org\glassfish\jaxb\jaxb-core\4.0.3\jaxb-core-4.0.3.jar;C:\Users\ADMIN\.m2\repository\org\glassfish\jaxb\txw2\4.0.3\txw2-4.0.3.jar;C:\Users\ADMIN\.m2\repository\com\sun\istack\istack-commons-runtime\4.1.2\istack-commons-runtime-4.1.2.jar;C:\Users\ADMIN\.m2\repository\jakarta\inject\jakarta.inject-api\2.0.1\jakarta.inject-api-2.0.1.jar
Launcher Type: SUN_STANDARD

[Global flags]
     intx CICompilerCount                          = 4                                         {product} {ergonomic}
     uint ConcGCThreads                            = 2                                         {product} {ergonomic}
     uint G1ConcRefinementThreads                  = 8                                         {product} {ergonomic}
   size_t G1HeapRegionSize                         = 1048576                                   {product} {ergonomic}
    uintx GCDrainStackTargetSize                   = 64                                        {product} {ergonomic}
   size_t InitialHeapSize                          = 132120576                                 {product} {ergonomic}
     bool ManagementServer                         = true                                      {product} {command line}
   size_t MarkStackSize                            = 4194304                                   {product} {ergonomic}
   size_t MaxHeapSize                              = 2105540608                                {product} {ergonomic}
   size_t MaxNewSize                               = 1262485504                                {product} {ergonomic}
   size_t MinHeapDeltaBytes                        = 1048576                                   {product} {ergonomic}
   size_t MinHeapSize                              = 8388608                                   {product} {ergonomic}
    uintx NonProfiledCodeHeapSize                  = 0                                      {pd product} {ergonomic}
     bool ProfileInterpreter                       = false                                  {pd product} {command line}
    uintx ProfiledCodeHeapSize                     = 0                                      {pd product} {ergonomic}
     bool ShowCodeDetailsInExceptionMessages       = true                                   {manageable} {command line}
   size_t SoftMaxHeapSize                          = 2105540608                             {manageable} {ergonomic}
     intx TieredStopAtLevel                        = 1                                         {product} {command line}
     bool UseCompressedClassPointers               = true                           {product lp64_product} {ergonomic}
     bool UseCompressedOops                        = true                           {product lp64_product} {ergonomic}
     bool UseG1GC                                  = true                                      {product} {ergonomic}
     bool UseLargePagesIndividualAllocation        = false                                  {pd product} {ergonomic}

Logging:
Log output configuration:
 #0: stdout all=warning uptime,level,tags
 #1: stderr all=off uptime,level,tags

Environment Variables:
JAVA_HOME=C:\Program Files\Java\jdk-17
CLASSPATH=%CLASSPATH%;E:\Kiemthunangcao\junit-4.13.2-javadoc.jar\junit-4.13.2-javadoc.jar;.;
PATH=D:/sts-4.18.1.RELEASE//plugins/org.eclipse.justj.openjdk.hotspot.jre.full.win32.x86_64_17.0.7.v20230425-1502/jre/bin/server;D:/sts-4.18.1.RELEASE//plugins/org.eclipse.justj.openjdk.hotspot.jre.full.win32.x86_64_17.0.7.v20230425-1502/jre/bin;C:\Python311\Scripts\;C:\Python311\;C:\Program Files\Common Files\Oracle\Java\javapath;C:\Windows\system32;C:\Windows;C:\Windows\System32\Wbem;C:\Windows\System32\WindowsPowerShell\v1.0\;C:\Windows\System32\OpenSSH\;C:\Program Files (x86)\NVIDIA Corporation\PhysX\Common;C:\Program Files\NVIDIA Corporation\NVIDIA NvDLISR;C:\Program Files\Azure Data Studio\bin;C:\WINDOWS\system32;C:\WINDOWS;C:\WINDOWS\System32\Wbem;C:\WINDOWS\System32\WindowsPowerShell\v1.0\;C:\WINDOWS\System32\OpenSSH\;D:\Git\cmd;C:\Program Files\Java\jdk-17\bin;C:\Program Files (x86)\Microsoft SQL Server\160\Tools\Binn\;C:\Program Files\Microsoft SQL Server\160\Tools\Binn\;C:\Program Files\Microsoft SQL Server\Client SDK\ODBC\170\Tools\Binn\;C:\Program Files\Microsoft SQL Server\160\DTS\Binn\;C:\Program Files (x86)\Microsoft SQL Server\160\DTS\Binn\;C:\ProgramData\chocolatey\bin;C:\Program Files\nodejs\;C:\Program Files\MySQL\MySQL Server 8.0\bin;C:\Program Files\MySQL\MySQL Server 8.0\bin;C:\Program Files\Redis\;C:\Program Files\Cloudflare\Cloudflare WARP\;C:\Program Files\MySQL\MySQL Shell 8.0\bin\;C:\Users\ADMIN\AppData\Local\Microsoft\WindowsApps;;D:\Microsoft VS Code\bin;C:\Program Files\Azure Data Studio\bin;C:\Users\ADMIN\AppData\Roaming\npm;D:\sts-4.18.1.RELEASE;
USERNAME=ADMIN
OS=Windows_NT
PROCESSOR_IDENTIFIER=Intel64 Family 6 Model 165 Stepping 2, GenuineIntel
TMP=C:\Users\ADMIN\AppData\Local\Temp
TEMP=C:\Users\ADMIN\AppData\Local\Temp



---------------  S Y S T E M  ---------------

OS:
 Windows 11 , 64 bit Build 22621 (10.0.22621.2428)
OS uptime: 15 days 14:51 hours
Hyper-V role detected

CPU: total 8 (initial active 8) (4 cores per cpu, 2 threads per core) family 6 model 165 stepping 2 microcode 0xe0, cx8, cmov, fxsr, ht, mmx, 3dnowpref, sse, sse2, sse3, ssse3, sse4.1, sse4.2, popcnt, lzcnt, tsc, tscinvbit, avx, avx2, aes, erms, clmul, bmi1, bmi2, adx, fma, vzeroupper, clflush, clflushopt, hv

Memory: 4k page, system-wide physical 8029M (324M free)
TotalPageFile size 26778M (AvailPageFile size 21M)
current process WorkingSet (physical memory assigned to process): 366M, peak: 413M
current process commit charge ("private bytes"): 441M, peak: 621M

vm_info: OpenJDK 64-Bit Server VM (17.0.7+7) for windows-amd64 JRE (17.0.7+7), built on Apr 18 2023 22:10:42 by "temurin" with MS VC++ 16.7 (VS2019)

END.
