#
# There is insufficient memory for the Java Runtime Environment to continue.
# Native memory allocation (malloc) failed to allocate 2097152 bytes for AllocateHeap
# Possible reasons:
#   The system is out of physical RAM or swap space
#   The process is running with CompressedOops enabled, and the Java Heap may be blocking the growth of the native heap
# Possible solutions:
#   Reduce memory load on the system
#   Increase physical memory or swap space
#   Check if swap backing store is full
#   Decrease Java heap size (-Xmx/-Xms)
#   Decrease number of Java threads
#   Decrease Java thread stack sizes (-Xss)
#   Set larger code cache with -XX:ReservedCodeCacheSize=
#   JVM is running with Unscaled Compressed Oops mode in which the Java heap is
#     placed in the first 4GB address space. The Java Heap base address is the
#     maximum limit for the native heap growth. Please use -XX:HeapBaseMinAddress
#     to set the Java Heap base and to place the Java Heap above 4GB virtual address.
# This output file may be truncated or incomplete.
#
#  Out of Memory Error (allocation.cpp:44), pid=22612, tid=23148
#
# JRE version: OpenJDK Runtime Environment Temurin-17.0.7+7 (17.0.7+7) (build 17.0.7+7)
# Java VM: OpenJDK 64-Bit Server VM Temurin-17.0.7+7 (17.0.7+7, mixed mode, emulated-client, tiered, compressed oops, compressed class ptrs, g1 gc, windows-amd64)
# No core dump will be written. Minidumps are not enabled by default on client versions of Windows
#

---------------  S U M M A R Y ------------

Command Line: -Dcom.sun.management.jmxremote -Dcom.sun.management.jmxremote.port=51835 -Dcom.sun.management.jmxremote.authenticate=false -Dcom.sun.management.jmxremote.ssl=false -Djava.rmi.server.hostname=localhost -Dspring.jmx.enabled=true -Dmanagement.endpoints.jmx.exposure.include=* -Dspring.application.admin.enabled=true -XX:TieredStopAtLevel=1 -Dspring.boot.project.name=BE_Destiny -Dfile.encoding=UTF-8 -XX:+ShowCodeDetailsInExceptionMessages com.davisy.Application --spring.output.ansi.enabled=always

Host: Intel(R) Core(TM) i5-10300H CPU @ 2.50GHz, 8 cores, 7G,  Windows 11 , 64 bit Build 22621 (10.0.22621.2428)
Time: Mon Nov 13 15:19:40 2023 SE Asia Standard Time elapsed time: 26.154587 seconds (0d 0h 0m 26s)

---------------  T H R E A D  ---------------

Current thread (0x000001f78fb86d30):  VMThread "VM Thread" [stack: 0x0000008e46e00000,0x0000008e46f00000] [id=23148]

Stack: [0x0000008e46e00000,0x0000008e46f00000]
Native frames: (J=compiled Java code, j=interpreted, Vv=VM code, C=native code)
V  [jvm.dll+0x67754a]
V  [jvm.dll+0x834304]
V  [jvm.dll+0x835aae]
V  [jvm.dll+0x836113]
V  [jvm.dll+0x24696f]
V  [jvm.dll+0xa681f]
V  [jvm.dll+0x2f7481]
V  [jvm.dll+0x2f30f0]
V  [jvm.dll+0x2db6c7]
V  [jvm.dll+0x31e777]
V  [jvm.dll+0x83a5bb]
V  [jvm.dll+0x83b2f4]
V  [jvm.dll+0x83b80c]
V  [jvm.dll+0x83bbe4]
V  [jvm.dll+0x83bcb0]
V  [jvm.dll+0x7e4e7a]
V  [jvm.dll+0x676395]
C  [ucrtbase.dll+0x29363]
C  [KERNEL32.DLL+0x1257d]
C  [ntdll.dll+0x5aa78]

VM_Operation (0x0000008e48afee70): G1CollectFull, mode: safepoint, requested by thread 0x000001f79c13c740


---------------  P R O C E S S  ---------------

Threads class SMR info:
_java_thread_list=0x000001f7979f4110, length=30, elements={
0x000001f78fb8dcc0, 0x000001f78fbb2010, 0x000001f78fbd9280, 0x000001f78fbdbb50,
0x000001f78fbdc410, 0x000001f78fbdcdc0, 0x000001f78fbe1080, 0x000001f78fbe3e90,
0x000001f78fdde580, 0x000001f78fe3fa50, 0x000001f7947365d0, 0x000001f7946f6060,
0x000001f7947268e0, 0x000001f7948fde10, 0x000001f794f60020, 0x000001f794fa9b80,
0x000001f794fc64f0, 0x000001f795024910, 0x000001f794651c50, 0x000001f794658b00,
0x000001f794653930, 0x000001f794656480, 0x000001f79c0f7ae0, 0x000001f79c0f7fb0,
0x000001f79c0f8480, 0x000001f79c0f8950, 0x000001f795024de0, 0x000001f795025780,
0x000001f79c140100, 0x000001f79c13c740
}

Java Threads: ( => current thread )
  0x000001f78fb8dcc0 JavaThread "Reference Handler" daemon [_thread_blocked, id=25796, stack(0x0000008e46f00000,0x0000008e47000000)]
  0x000001f78fbb2010 JavaThread "Finalizer" daemon [_thread_blocked, id=8052, stack(0x0000008e47000000,0x0000008e47100000)]
  0x000001f78fbd9280 JavaThread "Signal Dispatcher" daemon [_thread_blocked, id=11684, stack(0x0000008e47100000,0x0000008e47200000)]
  0x000001f78fbdbb50 JavaThread "Attach Listener" daemon [_thread_blocked, id=13560, stack(0x0000008e47200000,0x0000008e47300000)]
  0x000001f78fbdc410 JavaThread "Service Thread" daemon [_thread_blocked, id=18824, stack(0x0000008e47300000,0x0000008e47400000)]
  0x000001f78fbdcdc0 JavaThread "Monitor Deflation Thread" daemon [_thread_blocked, id=20784, stack(0x0000008e47400000,0x0000008e47500000)]
  0x000001f78fbe1080 JavaThread "C1 CompilerThread0" daemon [_thread_blocked, id=15564, stack(0x0000008e47500000,0x0000008e47600000)]
  0x000001f78fbe3e90 JavaThread "Sweeper thread" daemon [_thread_blocked, id=17008, stack(0x0000008e47600000,0x0000008e47700000)]
  0x000001f78fdde580 JavaThread "Common-Cleaner" daemon [_thread_blocked, id=12452, stack(0x0000008e47700000,0x0000008e47800000)]
  0x000001f78fe3fa50 JavaThread "Notification Thread" daemon [_thread_blocked, id=15700, stack(0x0000008e47900000,0x0000008e47a00000)]
  0x000001f7947365d0 JavaThread "RMI TCP Accept-0" daemon [_thread_in_native, id=6924, stack(0x0000008e47b00000,0x0000008e47c00000)]
  0x000001f7946f6060 JavaThread "RMI TCP Accept-51835" daemon [_thread_in_native, id=1960, stack(0x0000008e47c00000,0x0000008e47d00000)]
  0x000001f7947268e0 JavaThread "RMI TCP Accept-0" daemon [_thread_in_native, id=11960, stack(0x0000008e47d00000,0x0000008e47e00000)]
  0x000001f7948fde10 JavaThread "RMI TCP Connection(1)-127.0.0.1" daemon [_thread_in_native, id=14352, stack(0x0000008e47f00000,0x0000008e48000000)]
  0x000001f794f60020 JavaThread "RMI Scheduler(0)" daemon [_thread_blocked, id=23560, stack(0x0000008e48000000,0x0000008e48100000)]
  0x000001f794fa9b80 JavaThread "RMI TCP Connection(2)-127.0.0.1" daemon [_thread_in_native, id=12176, stack(0x0000008e48800000,0x0000008e48900000)]
  0x000001f794fc64f0 JavaThread "JMX server connection timeout 22" daemon [_thread_blocked, id=4708, stack(0x0000008e48900000,0x0000008e48a00000)]
  0x000001f795024910 JavaThread "mysql-cj-abandoned-connection-cleanup" daemon [_thread_blocked, id=26504, stack(0x0000008e49200000,0x0000008e49300000)]
  0x000001f794651c50 JavaThread "PostgreSQL-JDBC-Cleaner" daemon [_thread_blocked, id=24656, stack(0x0000008e47800000,0x0000008e47900000)]
  0x000001f794658b00 JavaThread "Thread-4" daemon [_thread_in_native, id=11304, stack(0x0000008e49500000,0x0000008e49600000)]
  0x000001f794653930 JavaThread "BufferPoolPruner-1-thread-1" daemon [_thread_blocked, id=21508, stack(0x0000008e49600000,0x0000008e49700000)]
  0x000001f794656480 JavaThread "Live Reload Server" daemon [_thread_in_native, id=5096, stack(0x0000008e4a600000,0x0000008e4a700000)]
  0x000001f79c0f7ae0 JavaThread "DestroyJavaVM" [_thread_blocked, id=24236, stack(0x0000008e46800000,0x0000008e46900000)]
  0x000001f79c0f7fb0 JavaThread "RMI TCP Connection(3)-127.0.0.1" daemon [_thread_in_native, id=25868, stack(0x0000008e48b00000,0x0000008e48c00000)]
  0x000001f79c0f8480 JavaThread "RMI TCP Connection(4)-127.0.0.1" daemon [_thread_in_native, id=14464, stack(0x0000008e4b400000,0x0000008e4b500000)]
  0x000001f79c0f8950 JavaThread "RMI TCP Connection(5)-127.0.0.1" daemon [_thread_in_native, id=22936, stack(0x0000008e4b500000,0x0000008e4b600000)]
  0x000001f795024de0 JavaThread "RMI TCP Connection(6)-127.0.0.1" daemon [_thread_in_native, id=6020, stack(0x0000008e4b700000,0x0000008e4b800000)]
  0x000001f795025780 JavaThread "RMI TCP Connection(7)-127.0.0.1" daemon [_thread_in_native, id=24676, stack(0x0000008e4b800000,0x0000008e4b900000)]
  0x000001f79c140100 JavaThread "RMI TCP Connection(8)-127.0.0.1" daemon [_thread_in_native, id=25432, stack(0x0000008e4ba00000,0x0000008e4bb00000)]
  0x000001f79c13c740 JavaThread "Thread-6" [_thread_blocked, id=19088, stack(0x0000008e48a00000,0x0000008e48b00000)]

Other Threads:
=>0x000001f78fb86d30 VMThread "VM Thread" [stack: 0x0000008e46e00000,0x0000008e46f00000] [id=23148]
  0x000001f781eb90d0 WatcherThread [stack: 0x0000008e47e00000,0x0000008e47f00000] [id=26424]
  0x000001f781ea0530 GCTaskThread "GC Thread#0" [stack: 0x0000008e46900000,0x0000008e46a00000] [id=16448]
  0x000001f794f90df0 GCTaskThread "GC Thread#1" [stack: 0x0000008e48100000,0x0000008e48200000] [id=13088]
  0x000001f794f910a0 GCTaskThread "GC Thread#2" [stack: 0x0000008e48200000,0x0000008e48300000] [id=11980]
  0x000001f794fd9e20 GCTaskThread "GC Thread#3" [stack: 0x0000008e48300000,0x0000008e48400000] [id=9380]
  0x000001f794fda0d0 GCTaskThread "GC Thread#4" [stack: 0x0000008e48400000,0x0000008e48500000] [id=15144]
  0x000001f794fde390 GCTaskThread "GC Thread#5" [stack: 0x0000008e48500000,0x0000008e48600000] [id=1088]
  0x000001f794fde640 GCTaskThread "GC Thread#6" [stack: 0x0000008e48600000,0x0000008e48700000] [id=15920]
  0x000001f795186310 GCTaskThread "GC Thread#7" [stack: 0x0000008e48d00000,0x0000008e48e00000] [id=26684]
  0x000001f781eb1710 ConcurrentGCThread "G1 Main Marker" [stack: 0x0000008e46a00000,0x0000008e46b00000] [id=10952]
  0x000001f781eb2130 ConcurrentGCThread "G1 Conc#0" [stack: 0x0000008e46b00000,0x0000008e46c00000] [id=6556]
  0x000001f7952bf060 ConcurrentGCThread "G1 Conc#1" [stack: 0x0000008e48e00000,0x0000008e48f00000] [id=8752]
  0x000001f78f9de150 ConcurrentGCThread "G1 Refine#0" [stack: 0x0000008e46c00000,0x0000008e46d00000] [id=9072]
  0x000001f794fa98a0 ConcurrentGCThread "G1 Refine#1" [stack: 0x0000008e48700000,0x0000008e48800000] [id=27192]
  0x000001f797218de0 ConcurrentGCThread "G1 Refine#2" [stack: 0x0000008e4ad00000,0x0000008e4ae00000] [id=9424]
  0x000001f797218260 ConcurrentGCThread "G1 Refine#3" [stack: 0x0000008e4ae00000,0x0000008e4af00000] [id=16624]
  0x000001f78f9deb70 ConcurrentGCThread "G1 Service" [stack: 0x0000008e46d00000,0x0000008e46e00000] [id=10744]

Threads with active compile tasks:

VM state: at safepoint (normal execution)

VM Mutex/Monitor currently owned by a thread:  ([mutex/lock_event])
[0x000001f781e420e0] Threads_lock - owner thread: 0x000001f78fb86d30
[0x000001f781e40ee0] Heap_lock - owner thread: 0x000001f79c13c740

Heap address: 0x0000000082800000, size: 2008 MB, Compressed Oops mode: 32-bit

CDS archive(s) not mapped
Compressed class space mapped at: 0x0000000100000000-0x0000000140000000, reserved size: 1073741824
Narrow klass base: 0x0000000000000000, Narrow klass shift: 3, Narrow klass range: 0x140000000

GC Precious Log:
 CPUs: 8 total, 8 available
 Memory: 8029M
 Large Page Support: Disabled
 NUMA Support: Disabled
 Compressed Oops: Enabled (32-bit)
 Heap Region Size: 1M
 Heap Min Capacity: 8M
 Heap Initial Capacity: 126M
 Heap Max Capacity: 2008M
 Pre-touch: Disabled
 Parallel Workers: 8
 Concurrent Workers: 2
 Concurrent Refinement Workers: 8
 Periodic GC: Disabled

Heap:
 garbage-first heap   total 334848K, used 162687K [0x0000000082800000, 0x0000000100000000)
  region size 1024K, 79 young (80896K), 1 survivors (1024K)
 Metaspace       used 95689K, committed 96384K, reserved 1179648K
  class space    used 13063K, committed 13376K, reserved 1048576K

Heap Regions: E=young(eden), S=young(survivor), O=old, HS=humongous(starts), HC=humongous(continues), CS=collection set, F=free, OA=open archive, CA=closed archive, TAMS=top-at-mark-start (previous, next)
|   0|0x0000000082800000, 0x0000000082900000, 0x0000000082900000|100%|HS|  |TAMS 0x0000000082900000, 0x0000000082800000| Complete 
|   1|0x0000000082900000, 0x0000000082a00000, 0x0000000082a00000|100%| O|  |TAMS 0x0000000082a00000, 0x0000000082900000| Untracked 
|   2|0x0000000082a00000, 0x0000000082b00000, 0x0000000082b00000|100%| O|  |TAMS 0x0000000082b00000, 0x0000000082a00000| Untracked 
|   3|0x0000000082b00000, 0x0000000082c00000, 0x0000000082c00000|100%| O|  |TAMS 0x0000000082c00000, 0x0000000082b00000| Untracked 
|   4|0x0000000082c00000, 0x0000000082d00000, 0x0000000082d00000|100%| O|  |TAMS 0x0000000082d00000, 0x0000000082c00000| Untracked 
|   5|0x0000000082d00000, 0x0000000082e00000, 0x0000000082e00000|100%| O|  |TAMS 0x0000000082e00000, 0x0000000082d00000| Untracked 
|   6|0x0000000082e00000, 0x0000000082f00000, 0x0000000082f00000|100%| O|  |TAMS 0x0000000082f00000, 0x0000000082e00000| Untracked 
|   7|0x0000000082f00000, 0x0000000083000000, 0x0000000083000000|100%| O|  |TAMS 0x0000000083000000, 0x0000000082f00000| Untracked 
|   8|0x0000000083000000, 0x0000000083100000, 0x0000000083100000|100%| O|  |TAMS 0x0000000083100000, 0x0000000083000000| Untracked 
|   9|0x0000000083100000, 0x0000000083200000, 0x0000000083200000|100%| O|  |TAMS 0x0000000083200000, 0x0000000083100000| Untracked 
|  10|0x0000000083200000, 0x0000000083300000, 0x0000000083300000|100%| O|  |TAMS 0x0000000083300000, 0x0000000083200000| Untracked 
|  11|0x0000000083300000, 0x0000000083400000, 0x0000000083400000|100%| O|  |TAMS 0x0000000083400000, 0x0000000083300000| Untracked 
|  12|0x0000000083400000, 0x0000000083500000, 0x0000000083500000|100%| O|  |TAMS 0x0000000083500000, 0x0000000083400000| Untracked 
|  13|0x0000000083500000, 0x0000000083600000, 0x0000000083600000|100%| O|  |TAMS 0x0000000083600000, 0x0000000083500000| Untracked 
|  14|0x0000000083600000, 0x0000000083700000, 0x0000000083700000|100%| O|  |TAMS 0x0000000083700000, 0x0000000083600000| Untracked 
|  15|0x0000000083700000, 0x0000000083800000, 0x0000000083800000|100%| O|  |TAMS 0x0000000083700000, 0x0000000083700000| Untracked 
|  16|0x0000000083800000, 0x0000000083900000, 0x0000000083900000|100%| O|  |TAMS 0x0000000083900000, 0x0000000083800000| Untracked 
|  17|0x0000000083900000, 0x0000000083a00000, 0x0000000083a00000|100%| O|  |TAMS 0x0000000083a00000, 0x0000000083900000| Untracked 
|  18|0x0000000083a00000, 0x0000000083b00000, 0x0000000083b00000|100%| O|  |TAMS 0x0000000083b00000, 0x0000000083a00000| Untracked 
|  19|0x0000000083b00000, 0x0000000083c00000, 0x0000000083c00000|100%| O|  |TAMS 0x0000000083c00000, 0x0000000083b00000| Untracked 
|  20|0x0000000083c00000, 0x0000000083d00000, 0x0000000083d00000|100%| O|  |TAMS 0x0000000083d00000, 0x0000000083c00000| Untracked 
|  21|0x0000000083d00000, 0x0000000083e00000, 0x0000000083e00000|100%| O|  |TAMS 0x0000000083e00000, 0x0000000083d00000| Untracked 
|  22|0x0000000083e00000, 0x0000000083f00000, 0x0000000083f00000|100%| O|  |TAMS 0x0000000083f00000, 0x0000000083e00000| Untracked 
|  23|0x0000000083f00000, 0x0000000084000000, 0x0000000084000000|100%| O|  |TAMS 0x0000000084000000, 0x0000000083f00000| Untracked 
|  24|0x0000000084000000, 0x0000000084100000, 0x0000000084100000|100%| O|  |TAMS 0x0000000084100000, 0x0000000084000000| Untracked 
|  25|0x0000000084100000, 0x0000000084200000, 0x0000000084200000|100%| O|  |TAMS 0x0000000084200000, 0x0000000084100000| Untracked 
|  26|0x0000000084200000, 0x0000000084300000, 0x0000000084300000|100%| O|  |TAMS 0x0000000084300000, 0x0000000084200000| Untracked 
|  27|0x0000000084300000, 0x0000000084400000, 0x0000000084400000|100%| O|  |TAMS 0x0000000084400000, 0x0000000084300000| Untracked 
|  28|0x0000000084400000, 0x0000000084500000, 0x0000000084500000|100%| O|  |TAMS 0x0000000084500000, 0x0000000084400000| Untracked 
|  29|0x0000000084500000, 0x0000000084600000, 0x0000000084600000|100%| O|  |TAMS 0x0000000084600000, 0x0000000084500000| Untracked 
|  30|0x0000000084600000, 0x0000000084700000, 0x0000000084700000|100%| O|  |TAMS 0x0000000084700000, 0x0000000084600000| Untracked 
|  31|0x0000000084700000, 0x0000000084800000, 0x0000000084800000|100%| O|  |TAMS 0x0000000084800000, 0x0000000084700000| Untracked 
|  32|0x0000000084800000, 0x0000000084900000, 0x0000000084900000|100%| O|  |TAMS 0x0000000084900000, 0x0000000084800000| Untracked 
|  33|0x0000000084900000, 0x0000000084a00000, 0x0000000084a00000|100%| O|  |TAMS 0x0000000084a00000, 0x0000000084900000| Untracked 
|  34|0x0000000084a00000, 0x0000000084b00000, 0x0000000084b00000|100%| O|  |TAMS 0x0000000084b00000, 0x0000000084a00000| Untracked 
|  35|0x0000000084b00000, 0x0000000084c00000, 0x0000000084c00000|100%| O|  |TAMS 0x0000000084c00000, 0x0000000084b00000| Untracked 
|  36|0x0000000084c00000, 0x0000000084d00000, 0x0000000084d00000|100%| O|  |TAMS 0x0000000084d00000, 0x0000000084c00000| Untracked 
|  37|0x0000000084d00000, 0x0000000084e00000, 0x0000000084e00000|100%| O|  |TAMS 0x0000000084e00000, 0x0000000084d00000| Untracked 
|  38|0x0000000084e00000, 0x0000000084f00000, 0x0000000084f00000|100%| O|  |TAMS 0x0000000084f00000, 0x0000000084e00000| Untracked 
|  39|0x0000000084f00000, 0x0000000085000000, 0x0000000085000000|100%| O|  |TAMS 0x0000000085000000, 0x0000000084f00000| Untracked 
|  40|0x0000000085000000, 0x0000000085100000, 0x0000000085100000|100%| O|  |TAMS 0x0000000085100000, 0x0000000085000000| Untracked 
|  41|0x0000000085100000, 0x0000000085200000, 0x0000000085200000|100%| O|  |TAMS 0x0000000085200000, 0x0000000085100000| Untracked 
|  42|0x0000000085200000, 0x0000000085300000, 0x0000000085300000|100%| O|  |TAMS 0x0000000085300000, 0x0000000085200000| Untracked 
|  43|0x0000000085300000, 0x0000000085400000, 0x0000000085400000|100%| O|  |TAMS 0x0000000085400000, 0x0000000085300000| Untracked 
|  44|0x0000000085400000, 0x0000000085500000, 0x0000000085500000|100%| O|  |TAMS 0x0000000085500000, 0x0000000085400000| Untracked 
|  45|0x0000000085500000, 0x0000000085600000, 0x0000000085600000|100%| O|  |TAMS 0x0000000085600000, 0x0000000085500000| Untracked 
|  46|0x0000000085600000, 0x0000000085700000, 0x0000000085700000|100%| O|  |TAMS 0x0000000085700000, 0x0000000085600000| Untracked 
|  47|0x0000000085700000, 0x0000000085800000, 0x0000000085800000|100%| O|  |TAMS 0x0000000085800000, 0x0000000085700000| Untracked 
|  48|0x0000000085800000, 0x0000000085900000, 0x0000000085900000|100%| O|  |TAMS 0x0000000085900000, 0x0000000085800000| Untracked 
|  49|0x0000000085900000, 0x0000000085a00000, 0x0000000085a00000|100%| O|  |TAMS 0x0000000085a00000, 0x0000000085900000| Untracked 
|  50|0x0000000085a00000, 0x0000000085b00000, 0x0000000085b00000|100%| O|  |TAMS 0x0000000085b00000, 0x0000000085a00000| Untracked 
|  51|0x0000000085b00000, 0x0000000085c00000, 0x0000000085c00000|100%| O|  |TAMS 0x0000000085c00000, 0x0000000085b00000| Untracked 
|  52|0x0000000085c00000, 0x0000000085c00000, 0x0000000085d00000|  0%| F|  |TAMS 0x0000000085c00000, 0x0000000085c00000| Untracked 
|  53|0x0000000085d00000, 0x0000000085d00000, 0x0000000085e00000|  0%| F|  |TAMS 0x0000000085d00000, 0x0000000085d00000| Untracked 
|  54|0x0000000085e00000, 0x0000000085e00000, 0x0000000085f00000|  0%| F|  |TAMS 0x0000000085e00000, 0x0000000085e00000| Untracked 
|  55|0x0000000085f00000, 0x0000000085f00000, 0x0000000086000000|  0%| F|  |TAMS 0x0000000085f00000, 0x0000000085f00000| Untracked 
|  56|0x0000000086000000, 0x0000000086000000, 0x0000000086100000|  0%| F|  |TAMS 0x0000000086000000, 0x0000000086000000| Untracked 
|  57|0x0000000086100000, 0x0000000086200000, 0x0000000086200000|100%| O|  |TAMS 0x0000000086200000, 0x0000000086100000| Untracked 
|  58|0x0000000086200000, 0x0000000086300000, 0x0000000086300000|100%| O|  |TAMS 0x0000000086300000, 0x0000000086200000| Untracked 
|  59|0x0000000086300000, 0x0000000086400000, 0x0000000086400000|100%| O|  |TAMS 0x0000000086400000, 0x0000000086300000| Untracked 
|  60|0x0000000086400000, 0x0000000086500000, 0x0000000086500000|100%| O|  |TAMS 0x0000000086500000, 0x0000000086400000| Untracked 
|  61|0x0000000086500000, 0x0000000086600000, 0x0000000086600000|100%| O|  |TAMS 0x0000000086600000, 0x0000000086500000| Untracked 
|  62|0x0000000086600000, 0x0000000086700000, 0x0000000086700000|100%| O|  |TAMS 0x0000000086700000, 0x0000000086600000| Untracked 
|  63|0x0000000086700000, 0x0000000086800000, 0x0000000086800000|100%| O|  |TAMS 0x0000000086800000, 0x0000000086700000| Untracked 
|  64|0x0000000086800000, 0x0000000086900000, 0x0000000086900000|100%| O|  |TAMS 0x0000000086800000, 0x0000000086800000| Untracked 
|  65|0x0000000086900000, 0x0000000086a00000, 0x0000000086a00000|100%| O|  |TAMS 0x0000000086900000, 0x0000000086900000| Untracked 
|  66|0x0000000086a00000, 0x0000000086b00000, 0x0000000086b00000|100%| O|  |TAMS 0x0000000086a00000, 0x0000000086a00000| Untracked 
|  67|0x0000000086b00000, 0x0000000086c00000, 0x0000000086c00000|100%| O|  |TAMS 0x0000000086c00000, 0x0000000086b00000| Untracked 
|  68|0x0000000086c00000, 0x0000000086d00000, 0x0000000086d00000|100%| O|  |TAMS 0x0000000086d00000, 0x0000000086c00000| Untracked 
|  69|0x0000000086d00000, 0x0000000086e00000, 0x0000000086e00000|100%| O|  |TAMS 0x0000000086e00000, 0x0000000086d00000| Untracked 
|  70|0x0000000086e00000, 0x0000000086f00000, 0x0000000086f00000|100%| O|  |TAMS 0x0000000086f00000, 0x0000000086e00000| Untracked 
|  71|0x0000000086f00000, 0x0000000087000000, 0x0000000087000000|100%| O|  |TAMS 0x0000000086f00000, 0x0000000086f00000| Untracked 
|  72|0x0000000087000000, 0x0000000087100000, 0x0000000087100000|100%| O|  |TAMS 0x0000000087000000, 0x0000000087000000| Untracked 
|  73|0x0000000087100000, 0x0000000087200000, 0x0000000087200000|100%| O|  |TAMS 0x0000000087100000, 0x0000000087100000| Untracked 
|  74|0x0000000087200000, 0x0000000087200000, 0x0000000087300000|  0%| F|  |TAMS 0x0000000087200000, 0x0000000087200000| Untracked 
|  75|0x0000000087300000, 0x0000000087400000, 0x0000000087400000|100%| O|  |TAMS 0x0000000087300000, 0x0000000087300000| Untracked 
|  76|0x0000000087400000, 0x0000000087500000, 0x0000000087500000|100%| O|  |TAMS 0x0000000087400000, 0x0000000087400000| Untracked 
|  77|0x0000000087500000, 0x0000000087600000, 0x0000000087600000|100%| O|  |TAMS 0x0000000087500000, 0x0000000087500000| Untracked 
|  78|0x0000000087600000, 0x0000000087700000, 0x0000000087700000|100%| O|  |TAMS 0x0000000087600000, 0x0000000087600000| Untracked 
|  79|0x0000000087700000, 0x0000000087800000, 0x0000000087800000|100%| O|  |TAMS 0x0000000087700000, 0x0000000087700000| Untracked 
|  80|0x0000000087800000, 0x0000000087900000, 0x0000000087900000|100%| O|  |TAMS 0x0000000087800000, 0x0000000087800000| Untracked 
|  81|0x0000000087900000, 0x0000000087a00000, 0x0000000087a00000|100%| O|  |TAMS 0x0000000087900000, 0x0000000087900000| Untracked 
|  82|0x0000000087a00000, 0x0000000087b00000, 0x0000000087b00000|100%| O|  |TAMS 0x0000000087a00000, 0x0000000087a00000| Untracked 
|  83|0x0000000087b00000, 0x0000000087c00000, 0x0000000087c00000|100%| O|  |TAMS 0x0000000087b00000, 0x0000000087b00000| Untracked 
|  84|0x0000000087c00000, 0x0000000087d00000, 0x0000000087d00000|100%| O|  |TAMS 0x0000000087c00000, 0x0000000087c00000| Untracked 
|  85|0x0000000087d00000, 0x0000000087e00000, 0x0000000087e00000|100%| O|  |TAMS 0x0000000087d00000, 0x0000000087d00000| Untracked 
|  86|0x0000000087e00000, 0x0000000087f00000, 0x0000000087f00000|100%| O|  |TAMS 0x0000000087e00000, 0x0000000087e00000| Untracked 
|  87|0x0000000087f00000, 0x0000000087f00000, 0x0000000088000000|  0%| F|  |TAMS 0x0000000087f00000, 0x0000000087f00000| Untracked 
|  88|0x0000000088000000, 0x0000000088000000, 0x0000000088100000|  0%| F|  |TAMS 0x0000000088000000, 0x0000000088000000| Untracked 
|  89|0x0000000088100000, 0x0000000088100000, 0x0000000088200000|  0%| F|  |TAMS 0x0000000088100000, 0x0000000088100000| Untracked 
|  90|0x0000000088200000, 0x0000000088200000, 0x0000000088300000|  0%| F|  |TAMS 0x0000000088200000, 0x0000000088200000| Untracked 
|  91|0x0000000088300000, 0x0000000088300000, 0x0000000088400000|  0%| F|  |TAMS 0x0000000088300000, 0x0000000088300000| Untracked 
|  92|0x0000000088400000, 0x0000000088400000, 0x0000000088500000|  0%| F|  |TAMS 0x0000000088400000, 0x0000000088400000| Untracked 
|  93|0x0000000088500000, 0x0000000088500000, 0x0000000088600000|  0%| F|  |TAMS 0x0000000088500000, 0x0000000088500000| Untracked 
|  94|0x0000000088600000, 0x0000000088600000, 0x0000000088700000|  0%| F|  |TAMS 0x0000000088600000, 0x0000000088600000| Untracked 
|  95|0x0000000088700000, 0x0000000088700000, 0x0000000088800000|  0%| F|  |TAMS 0x0000000088700000, 0x0000000088700000| Untracked 
|  96|0x0000000088800000, 0x0000000088800000, 0x0000000088900000|  0%| F|  |TAMS 0x0000000088800000, 0x0000000088800000| Untracked 
|  97|0x0000000088900000, 0x0000000088900000, 0x0000000088a00000|  0%| F|  |TAMS 0x0000000088900000, 0x0000000088900000| Untracked 
|  98|0x0000000088a00000, 0x0000000088a00000, 0x0000000088b00000|  0%| F|  |TAMS 0x0000000088a00000, 0x0000000088a00000| Untracked 
|  99|0x0000000088b00000, 0x0000000088b00000, 0x0000000088c00000|  0%| F|  |TAMS 0x0000000088b00000, 0x0000000088b00000| Untracked 
| 100|0x0000000088c00000, 0x0000000088c00000, 0x0000000088d00000|  0%| F|  |TAMS 0x0000000088c00000, 0x0000000088c00000| Untracked 
| 101|0x0000000088d00000, 0x0000000088d00000, 0x0000000088e00000|  0%| F|  |TAMS 0x0000000088d00000, 0x0000000088d00000| Untracked 
| 102|0x0000000088e00000, 0x0000000088e00000, 0x0000000088f00000|  0%| F|  |TAMS 0x0000000088e00000, 0x0000000088e00000| Untracked 
| 103|0x0000000088f00000, 0x0000000088f00000, 0x0000000089000000|  0%| F|  |TAMS 0x0000000088f00000, 0x0000000088f00000| Untracked 
| 104|0x0000000089000000, 0x0000000089000000, 0x0000000089100000|  0%| F|  |TAMS 0x0000000089000000, 0x0000000089000000| Untracked 
| 105|0x0000000089100000, 0x0000000089100000, 0x0000000089200000|  0%| F|  |TAMS 0x0000000089100000, 0x0000000089100000| Untracked 
| 106|0x0000000089200000, 0x0000000089200000, 0x0000000089300000|  0%| F|  |TAMS 0x0000000089200000, 0x0000000089200000| Untracked 
| 107|0x0000000089300000, 0x0000000089300000, 0x0000000089400000|  0%| F|  |TAMS 0x0000000089300000, 0x0000000089300000| Untracked 
| 108|0x0000000089400000, 0x0000000089400000, 0x0000000089500000|  0%| F|  |TAMS 0x0000000089400000, 0x0000000089400000| Untracked 
| 109|0x0000000089500000, 0x0000000089500000, 0x0000000089600000|  0%| F|  |TAMS 0x0000000089500000, 0x0000000089500000| Untracked 
| 110|0x0000000089600000, 0x0000000089600000, 0x0000000089700000|  0%| F|  |TAMS 0x0000000089600000, 0x0000000089600000| Untracked 
| 111|0x0000000089700000, 0x0000000089700000, 0x0000000089800000|  0%| F|  |TAMS 0x0000000089700000, 0x0000000089700000| Untracked 
| 112|0x0000000089800000, 0x0000000089800000, 0x0000000089900000|  0%| F|  |TAMS 0x0000000089800000, 0x0000000089800000| Untracked 
| 113|0x0000000089900000, 0x0000000089900000, 0x0000000089a00000|  0%| F|  |TAMS 0x0000000089900000, 0x0000000089900000| Untracked 
| 114|0x0000000089a00000, 0x0000000089a00000, 0x0000000089b00000|  0%| F|  |TAMS 0x0000000089a00000, 0x0000000089a00000| Untracked 
| 115|0x0000000089b00000, 0x0000000089b00000, 0x0000000089c00000|  0%| F|  |TAMS 0x0000000089b00000, 0x0000000089b00000| Untracked 
| 116|0x0000000089c00000, 0x0000000089c00000, 0x0000000089d00000|  0%| F|  |TAMS 0x0000000089c00000, 0x0000000089c00000| Untracked 
| 117|0x0000000089d00000, 0x0000000089d00000, 0x0000000089e00000|  0%| F|  |TAMS 0x0000000089d00000, 0x0000000089d00000| Untracked 
| 118|0x0000000089e00000, 0x0000000089e00000, 0x0000000089f00000|  0%| F|  |TAMS 0x0000000089e00000, 0x0000000089e00000| Untracked 
| 119|0x0000000089f00000, 0x0000000089f00000, 0x000000008a000000|  0%| F|  |TAMS 0x0000000089f00000, 0x0000000089f00000| Untracked 
| 120|0x000000008a000000, 0x000000008a000000, 0x000000008a100000|  0%| F|  |TAMS 0x000000008a000000, 0x000000008a000000| Untracked 
| 121|0x000000008a100000, 0x000000008a100000, 0x000000008a200000|  0%| F|  |TAMS 0x000000008a100000, 0x000000008a100000| Untracked 
| 122|0x000000008a200000, 0x000000008a200000, 0x000000008a300000|  0%| F|  |TAMS 0x000000008a200000, 0x000000008a200000| Untracked 
| 123|0x000000008a300000, 0x000000008a300000, 0x000000008a400000|  0%| F|  |TAMS 0x000000008a300000, 0x000000008a300000| Untracked 
| 124|0x000000008a400000, 0x000000008a400000, 0x000000008a500000|  0%| F|  |TAMS 0x000000008a400000, 0x000000008a400000| Untracked 
| 125|0x000000008a500000, 0x000000008a500000, 0x000000008a600000|  0%| F|  |TAMS 0x000000008a500000, 0x000000008a500000| Untracked 
| 126|0x000000008a600000, 0x000000008a600000, 0x000000008a700000|  0%| F|  |TAMS 0x000000008a600000, 0x000000008a600000| Untracked 
| 127|0x000000008a700000, 0x000000008a700000, 0x000000008a800000|  0%| F|  |TAMS 0x000000008a700000, 0x000000008a700000| Untracked 
| 128|0x000000008a800000, 0x000000008a800000, 0x000000008a900000|  0%| F|  |TAMS 0x000000008a800000, 0x000000008a800000| Untracked 
| 129|0x000000008a900000, 0x000000008a900000, 0x000000008aa00000|  0%| F|  |TAMS 0x000000008a900000, 0x000000008a900000| Untracked 
| 130|0x000000008aa00000, 0x000000008aa00000, 0x000000008ab00000|  0%| F|  |TAMS 0x000000008aa00000, 0x000000008aa00000| Untracked 
| 131|0x000000008ab00000, 0x000000008ab00000, 0x000000008ac00000|  0%| F|  |TAMS 0x000000008ab00000, 0x000000008ab00000| Untracked 
| 132|0x000000008ac00000, 0x000000008ac00000, 0x000000008ad00000|  0%| F|  |TAMS 0x000000008ac00000, 0x000000008ac00000| Untracked 
| 133|0x000000008ad00000, 0x000000008ad00000, 0x000000008ae00000|  0%| F|  |TAMS 0x000000008ad00000, 0x000000008ad00000| Untracked 
| 134|0x000000008ae00000, 0x000000008ae00000, 0x000000008af00000|  0%| F|  |TAMS 0x000000008ae00000, 0x000000008ae00000| Untracked 
| 135|0x000000008af00000, 0x000000008af00000, 0x000000008b000000|  0%| F|  |TAMS 0x000000008af00000, 0x000000008af00000| Untracked 
| 136|0x000000008b000000, 0x000000008b000000, 0x000000008b100000|  0%| F|  |TAMS 0x000000008b000000, 0x000000008b000000| Untracked 
| 137|0x000000008b100000, 0x000000008b100000, 0x000000008b200000|  0%| F|  |TAMS 0x000000008b100000, 0x000000008b100000| Untracked 
| 138|0x000000008b200000, 0x000000008b200000, 0x000000008b300000|  0%| F|  |TAMS 0x000000008b200000, 0x000000008b200000| Untracked 
| 139|0x000000008b300000, 0x000000008b300000, 0x000000008b400000|  0%| F|  |TAMS 0x000000008b300000, 0x000000008b300000| Untracked 
| 140|0x000000008b400000, 0x000000008b4dfdc0, 0x000000008b500000| 87%| S|CS|TAMS 0x000000008b400000, 0x000000008b400000| Complete 
| 141|0x000000008b500000, 0x000000008b500000, 0x000000008b600000|  0%| F|  |TAMS 0x000000008b500000, 0x000000008b500000| Untracked 
| 142|0x000000008b600000, 0x000000008b600000, 0x000000008b700000|  0%| F|  |TAMS 0x000000008b600000, 0x000000008b600000| Untracked 
| 143|0x000000008b700000, 0x000000008b700000, 0x000000008b800000|  0%| F|  |TAMS 0x000000008b700000, 0x000000008b700000| Untracked 
| 144|0x000000008b800000, 0x000000008b800000, 0x000000008b900000|  0%| F|  |TAMS 0x000000008b800000, 0x000000008b800000| Untracked 
| 145|0x000000008b900000, 0x000000008b900000, 0x000000008ba00000|  0%| F|  |TAMS 0x000000008b900000, 0x000000008b900000| Untracked 
| 146|0x000000008ba00000, 0x000000008ba00000, 0x000000008bb00000|  0%| F|  |TAMS 0x000000008ba00000, 0x000000008ba00000| Untracked 
| 147|0x000000008bb00000, 0x000000008bb00000, 0x000000008bc00000|  0%| F|  |TAMS 0x000000008bb00000, 0x000000008bb00000| Untracked 
| 148|0x000000008bc00000, 0x000000008bc00000, 0x000000008bd00000|  0%| F|  |TAMS 0x000000008bc00000, 0x000000008bc00000| Untracked 
| 149|0x000000008bd00000, 0x000000008bd00000, 0x000000008be00000|  0%| F|  |TAMS 0x000000008bd00000, 0x000000008bd00000| Untracked 
| 150|0x000000008be00000, 0x000000008be00000, 0x000000008bf00000|  0%| F|  |TAMS 0x000000008be00000, 0x000000008be00000| Untracked 
| 151|0x000000008bf00000, 0x000000008bf00000, 0x000000008c000000|  0%| F|  |TAMS 0x000000008bf00000, 0x000000008bf00000| Untracked 
| 152|0x000000008c000000, 0x000000008c000000, 0x000000008c100000|  0%| F|  |TAMS 0x000000008c000000, 0x000000008c000000| Untracked 
| 153|0x000000008c100000, 0x000000008c100000, 0x000000008c200000|  0%| F|  |TAMS 0x000000008c100000, 0x000000008c100000| Untracked 
| 154|0x000000008c200000, 0x000000008c200000, 0x000000008c300000|  0%| F|  |TAMS 0x000000008c200000, 0x000000008c200000| Untracked 
| 155|0x000000008c300000, 0x000000008c300000, 0x000000008c400000|  0%| F|  |TAMS 0x000000008c300000, 0x000000008c300000| Untracked 
| 156|0x000000008c400000, 0x000000008c400000, 0x000000008c500000|  0%| F|  |TAMS 0x000000008c400000, 0x000000008c400000| Untracked 
| 157|0x000000008c500000, 0x000000008c500000, 0x000000008c600000|  0%| F|  |TAMS 0x000000008c500000, 0x000000008c500000| Untracked 
| 158|0x000000008c600000, 0x000000008c600000, 0x000000008c700000|  0%| F|  |TAMS 0x000000008c600000, 0x000000008c600000| Untracked 
| 159|0x000000008c700000, 0x000000008c700000, 0x000000008c800000|  0%| F|  |TAMS 0x000000008c700000, 0x000000008c700000| Untracked 
| 160|0x000000008c800000, 0x000000008c800000, 0x000000008c900000|  0%| F|  |TAMS 0x000000008c800000, 0x000000008c800000| Untracked 
| 161|0x000000008c900000, 0x000000008c900000, 0x000000008ca00000|  0%| F|  |TAMS 0x000000008c900000, 0x000000008c900000| Untracked 
| 162|0x000000008ca00000, 0x000000008ca00000, 0x000000008cb00000|  0%| F|  |TAMS 0x000000008ca00000, 0x000000008ca00000| Untracked 
| 163|0x000000008cb00000, 0x000000008cb00000, 0x000000008cc00000|  0%| F|  |TAMS 0x000000008cb00000, 0x000000008cb00000| Untracked 
| 164|0x000000008cc00000, 0x000000008cc00000, 0x000000008cd00000|  0%| F|  |TAMS 0x000000008cc00000, 0x000000008cc00000| Untracked 
| 165|0x000000008cd00000, 0x000000008cd00000, 0x000000008ce00000|  0%| F|  |TAMS 0x000000008cd00000, 0x000000008cd00000| Untracked 
| 166|0x000000008ce00000, 0x000000008ce00000, 0x000000008cf00000|  0%| F|  |TAMS 0x000000008ce00000, 0x000000008ce00000| Untracked 
| 167|0x000000008cf00000, 0x000000008cf00000, 0x000000008d000000|  0%| F|  |TAMS 0x000000008cf00000, 0x000000008cf00000| Untracked 
| 168|0x000000008d000000, 0x000000008d000000, 0x000000008d100000|  0%| F|  |TAMS 0x000000008d000000, 0x000000008d000000| Untracked 
| 169|0x000000008d100000, 0x000000008d100000, 0x000000008d200000|  0%| F|  |TAMS 0x000000008d100000, 0x000000008d100000| Untracked 
| 170|0x000000008d200000, 0x000000008d200000, 0x000000008d300000|  0%| F|  |TAMS 0x000000008d200000, 0x000000008d200000| Untracked 
| 171|0x000000008d300000, 0x000000008d300000, 0x000000008d400000|  0%| F|  |TAMS 0x000000008d300000, 0x000000008d300000| Untracked 
| 172|0x000000008d400000, 0x000000008d400000, 0x000000008d500000|  0%| F|  |TAMS 0x000000008d400000, 0x000000008d400000| Untracked 
| 173|0x000000008d500000, 0x000000008d500000, 0x000000008d600000|  0%| F|  |TAMS 0x000000008d500000, 0x000000008d500000| Untracked 
| 174|0x000000008d600000, 0x000000008d600000, 0x000000008d700000|  0%| F|  |TAMS 0x000000008d600000, 0x000000008d600000| Untracked 
| 175|0x000000008d700000, 0x000000008d700000, 0x000000008d800000|  0%| F|  |TAMS 0x000000008d700000, 0x000000008d700000| Untracked 
| 176|0x000000008d800000, 0x000000008d800000, 0x000000008d900000|  0%| F|  |TAMS 0x000000008d800000, 0x000000008d800000| Untracked 
| 177|0x000000008d900000, 0x000000008d900000, 0x000000008da00000|  0%| F|  |TAMS 0x000000008d900000, 0x000000008d900000| Untracked 
| 178|0x000000008da00000, 0x000000008da00000, 0x000000008db00000|  0%| F|  |TAMS 0x000000008da00000, 0x000000008da00000| Untracked 
| 179|0x000000008db00000, 0x000000008db00000, 0x000000008dc00000|  0%| F|  |TAMS 0x000000008db00000, 0x000000008db00000| Untracked 
| 180|0x000000008dc00000, 0x000000008dc00000, 0x000000008dd00000|  0%| F|  |TAMS 0x000000008dc00000, 0x000000008dc00000| Untracked 
| 181|0x000000008dd00000, 0x000000008dd00000, 0x000000008de00000|  0%| F|  |TAMS 0x000000008dd00000, 0x000000008dd00000| Untracked 
| 182|0x000000008de00000, 0x000000008de00000, 0x000000008df00000|  0%| F|  |TAMS 0x000000008de00000, 0x000000008de00000| Untracked 
| 183|0x000000008df00000, 0x000000008df00000, 0x000000008e000000|  0%| F|  |TAMS 0x000000008df00000, 0x000000008df00000| Untracked 
| 184|0x000000008e000000, 0x000000008e000000, 0x000000008e100000|  0%| F|  |TAMS 0x000000008e000000, 0x000000008e000000| Untracked 
| 185|0x000000008e100000, 0x000000008e100000, 0x000000008e200000|  0%| F|  |TAMS 0x000000008e100000, 0x000000008e100000| Untracked 
| 186|0x000000008e200000, 0x000000008e200000, 0x000000008e300000|  0%| F|  |TAMS 0x000000008e200000, 0x000000008e200000| Untracked 
| 187|0x000000008e300000, 0x000000008e300000, 0x000000008e400000|  0%| F|  |TAMS 0x000000008e300000, 0x000000008e300000| Untracked 
| 188|0x000000008e400000, 0x000000008e400000, 0x000000008e500000|  0%| F|  |TAMS 0x000000008e400000, 0x000000008e400000| Untracked 
| 189|0x000000008e500000, 0x000000008e500000, 0x000000008e600000|  0%| F|  |TAMS 0x000000008e500000, 0x000000008e500000| Untracked 
| 190|0x000000008e600000, 0x000000008e600000, 0x000000008e700000|  0%| F|  |TAMS 0x000000008e600000, 0x000000008e600000| Untracked 
| 191|0x000000008e700000, 0x000000008e700000, 0x000000008e800000|  0%| F|  |TAMS 0x000000008e700000, 0x000000008e700000| Untracked 
| 192|0x000000008e800000, 0x000000008e800000, 0x000000008e900000|  0%| F|  |TAMS 0x000000008e800000, 0x000000008e800000| Untracked 
| 193|0x000000008e900000, 0x000000008e900000, 0x000000008ea00000|  0%| F|  |TAMS 0x000000008e900000, 0x000000008e900000| Untracked 
| 194|0x000000008ea00000, 0x000000008ea00000, 0x000000008eb00000|  0%| F|  |TAMS 0x000000008ea00000, 0x000000008ea00000| Untracked 
| 195|0x000000008eb00000, 0x000000008eb00000, 0x000000008ec00000|  0%| F|  |TAMS 0x000000008eb00000, 0x000000008eb00000| Untracked 
| 196|0x000000008ec00000, 0x000000008ec00000, 0x000000008ed00000|  0%| F|  |TAMS 0x000000008ec00000, 0x000000008ec00000| Untracked 
| 197|0x000000008ed00000, 0x000000008ed00000, 0x000000008ee00000|  0%| F|  |TAMS 0x000000008ed00000, 0x000000008ed00000| Untracked 
| 198|0x000000008ee00000, 0x000000008ee00000, 0x000000008ef00000|  0%| F|  |TAMS 0x000000008ee00000, 0x000000008ee00000| Untracked 
| 199|0x000000008ef00000, 0x000000008ef00000, 0x000000008f000000|  0%| F|  |TAMS 0x000000008ef00000, 0x000000008ef00000| Untracked 
| 200|0x000000008f000000, 0x000000008f000000, 0x000000008f100000|  0%| F|  |TAMS 0x000000008f000000, 0x000000008f000000| Untracked 
| 201|0x000000008f100000, 0x000000008f100000, 0x000000008f200000|  0%| F|  |TAMS 0x000000008f100000, 0x000000008f100000| Untracked 
| 202|0x000000008f200000, 0x000000008f200000, 0x000000008f300000|  0%| F|  |TAMS 0x000000008f200000, 0x000000008f200000| Untracked 
| 203|0x000000008f300000, 0x000000008f300000, 0x000000008f400000|  0%| F|  |TAMS 0x000000008f300000, 0x000000008f300000| Untracked 
| 204|0x000000008f400000, 0x000000008f400000, 0x000000008f500000|  0%| F|  |TAMS 0x000000008f400000, 0x000000008f400000| Untracked 
| 205|0x000000008f500000, 0x000000008f500000, 0x000000008f600000|  0%| F|  |TAMS 0x000000008f500000, 0x000000008f500000| Untracked 
| 206|0x000000008f600000, 0x000000008f600000, 0x000000008f700000|  0%| F|  |TAMS 0x000000008f600000, 0x000000008f600000| Untracked 
| 207|0x000000008f700000, 0x000000008f700000, 0x000000008f800000|  0%| F|  |TAMS 0x000000008f700000, 0x000000008f700000| Untracked 
| 208|0x000000008f800000, 0x000000008f800000, 0x000000008f900000|  0%| F|  |TAMS 0x000000008f800000, 0x000000008f800000| Untracked 
| 209|0x000000008f900000, 0x000000008f900000, 0x000000008fa00000|  0%| F|  |TAMS 0x000000008f900000, 0x000000008f900000| Untracked 
| 210|0x000000008fa00000, 0x000000008fa00000, 0x000000008fb00000|  0%| F|  |TAMS 0x000000008fa00000, 0x000000008fa00000| Untracked 
| 211|0x000000008fb00000, 0x000000008fb00000, 0x000000008fc00000|  0%| F|  |TAMS 0x000000008fb00000, 0x000000008fb00000| Untracked 
| 212|0x000000008fc00000, 0x000000008fc00000, 0x000000008fd00000|  0%| F|  |TAMS 0x000000008fc00000, 0x000000008fc00000| Untracked 
| 213|0x000000008fd00000, 0x000000008fd00000, 0x000000008fe00000|  0%| F|  |TAMS 0x000000008fd00000, 0x000000008fd00000| Untracked 
| 214|0x000000008fe00000, 0x000000008fe00000, 0x000000008ff00000|  0%| F|  |TAMS 0x000000008fe00000, 0x000000008fe00000| Untracked 
| 215|0x000000008ff00000, 0x000000008ff00000, 0x0000000090000000|  0%| F|  |TAMS 0x000000008ff00000, 0x000000008ff00000| Untracked 
| 216|0x0000000090000000, 0x0000000090000000, 0x0000000090100000|  0%| F|  |TAMS 0x0000000090000000, 0x0000000090000000| Untracked 
| 217|0x0000000090100000, 0x0000000090100000, 0x0000000090200000|  0%| F|  |TAMS 0x0000000090100000, 0x0000000090100000| Untracked 
| 218|0x0000000090200000, 0x0000000090200000, 0x0000000090300000|  0%| F|  |TAMS 0x0000000090200000, 0x0000000090200000| Untracked 
| 219|0x0000000090300000, 0x0000000090300000, 0x0000000090400000|  0%| F|  |TAMS 0x0000000090300000, 0x0000000090300000| Untracked 
| 220|0x0000000090400000, 0x0000000090400000, 0x0000000090500000|  0%| F|  |TAMS 0x0000000090400000, 0x0000000090400000| Untracked 
| 221|0x0000000090500000, 0x0000000090500000, 0x0000000090600000|  0%| F|  |TAMS 0x0000000090500000, 0x0000000090500000| Untracked 
| 222|0x0000000090600000, 0x0000000090600000, 0x0000000090700000|  0%| F|  |TAMS 0x0000000090600000, 0x0000000090600000| Untracked 
| 223|0x0000000090700000, 0x0000000090700000, 0x0000000090800000|  0%| F|  |TAMS 0x0000000090700000, 0x0000000090700000| Untracked 
| 224|0x0000000090800000, 0x0000000090800000, 0x0000000090900000|  0%| F|  |TAMS 0x0000000090800000, 0x0000000090800000| Untracked 
| 225|0x0000000090900000, 0x0000000090900000, 0x0000000090a00000|  0%| F|  |TAMS 0x0000000090900000, 0x0000000090900000| Untracked 
| 226|0x0000000090a00000, 0x0000000090a00000, 0x0000000090b00000|  0%| F|  |TAMS 0x0000000090a00000, 0x0000000090a00000| Untracked 
| 227|0x0000000090b00000, 0x0000000090b00000, 0x0000000090c00000|  0%| F|  |TAMS 0x0000000090b00000, 0x0000000090b00000| Untracked 
| 228|0x0000000090c00000, 0x0000000090c00000, 0x0000000090d00000|  0%| F|  |TAMS 0x0000000090c00000, 0x0000000090c00000| Untracked 
| 229|0x0000000090d00000, 0x0000000090d00000, 0x0000000090e00000|  0%| F|  |TAMS 0x0000000090d00000, 0x0000000090d00000| Untracked 
| 230|0x0000000090e00000, 0x0000000090e00000, 0x0000000090f00000|  0%| F|  |TAMS 0x0000000090e00000, 0x0000000090e00000| Untracked 
| 231|0x0000000090f00000, 0x0000000090f00000, 0x0000000091000000|  0%| F|  |TAMS 0x0000000090f00000, 0x0000000090f00000| Untracked 
| 232|0x0000000091000000, 0x0000000091000000, 0x0000000091100000|  0%| F|  |TAMS 0x0000000091000000, 0x0000000091000000| Untracked 
| 233|0x0000000091100000, 0x0000000091100000, 0x0000000091200000|  0%| F|  |TAMS 0x0000000091100000, 0x0000000091100000| Untracked 
| 234|0x0000000091200000, 0x0000000091200000, 0x0000000091300000|  0%| F|  |TAMS 0x0000000091200000, 0x0000000091200000| Untracked 
| 235|0x0000000091300000, 0x0000000091300000, 0x0000000091400000|  0%| F|  |TAMS 0x0000000091300000, 0x0000000091300000| Untracked 
| 236|0x0000000091400000, 0x0000000091400000, 0x0000000091500000|  0%| F|  |TAMS 0x0000000091400000, 0x0000000091400000| Untracked 
| 237|0x0000000091500000, 0x0000000091500000, 0x0000000091600000|  0%| F|  |TAMS 0x0000000091500000, 0x0000000091500000| Untracked 
| 238|0x0000000091600000, 0x0000000091600000, 0x0000000091700000|  0%| F|  |TAMS 0x0000000091600000, 0x0000000091600000| Untracked 
| 239|0x0000000091700000, 0x0000000091700000, 0x0000000091800000|  0%| F|  |TAMS 0x0000000091700000, 0x0000000091700000| Untracked 
| 240|0x0000000091800000, 0x0000000091800000, 0x0000000091900000|  0%| F|  |TAMS 0x0000000091800000, 0x0000000091800000| Untracked 
| 241|0x0000000091900000, 0x0000000091900000, 0x0000000091a00000|  0%| F|  |TAMS 0x0000000091900000, 0x0000000091900000| Untracked 
| 242|0x0000000091a00000, 0x0000000091a00000, 0x0000000091b00000|  0%| F|  |TAMS 0x0000000091a00000, 0x0000000091a00000| Untracked 
| 243|0x0000000091b00000, 0x0000000091b00000, 0x0000000091c00000|  0%| F|  |TAMS 0x0000000091b00000, 0x0000000091b00000| Untracked 
| 244|0x0000000091c00000, 0x0000000091c00000, 0x0000000091d00000|  0%| F|  |TAMS 0x0000000091c00000, 0x0000000091c00000| Untracked 
| 245|0x0000000091d00000, 0x0000000091d00000, 0x0000000091e00000|  0%| F|  |TAMS 0x0000000091d00000, 0x0000000091d00000| Untracked 
| 246|0x0000000091e00000, 0x0000000091e00000, 0x0000000091f00000|  0%| F|  |TAMS 0x0000000091e00000, 0x0000000091e00000| Untracked 
| 247|0x0000000091f00000, 0x0000000091f00000, 0x0000000092000000|  0%| F|  |TAMS 0x0000000091f00000, 0x0000000091f00000| Untracked 
| 248|0x0000000092000000, 0x0000000092000000, 0x0000000092100000|  0%| F|  |TAMS 0x0000000092000000, 0x0000000092000000| Untracked 
| 249|0x0000000092100000, 0x0000000092200000, 0x0000000092200000|100%| E|  |TAMS 0x0000000092100000, 0x0000000092100000| Complete 
| 250|0x0000000092200000, 0x0000000092300000, 0x0000000092300000|100%| E|CS|TAMS 0x0000000092200000, 0x0000000092200000| Complete 
| 251|0x0000000092300000, 0x0000000092400000, 0x0000000092400000|100%| E|CS|TAMS 0x0000000092300000, 0x0000000092300000| Complete 
| 252|0x0000000092400000, 0x0000000092500000, 0x0000000092500000|100%| E|CS|TAMS 0x0000000092400000, 0x0000000092400000| Complete 
| 253|0x0000000092500000, 0x0000000092600000, 0x0000000092600000|100%| E|CS|TAMS 0x0000000092500000, 0x0000000092500000| Complete 
| 254|0x0000000092600000, 0x0000000092700000, 0x0000000092700000|100%| E|CS|TAMS 0x0000000092600000, 0x0000000092600000| Complete 
| 255|0x0000000092700000, 0x0000000092800000, 0x0000000092800000|100%| E|CS|TAMS 0x0000000092700000, 0x0000000092700000| Complete 
| 256|0x0000000092800000, 0x0000000092900000, 0x0000000092900000|100%| E|CS|TAMS 0x0000000092800000, 0x0000000092800000| Complete 
| 257|0x0000000092900000, 0x0000000092a00000, 0x0000000092a00000|100%| E|CS|TAMS 0x0000000092900000, 0x0000000092900000| Complete 
| 258|0x0000000092a00000, 0x0000000092b00000, 0x0000000092b00000|100%| E|CS|TAMS 0x0000000092a00000, 0x0000000092a00000| Complete 
| 259|0x0000000092b00000, 0x0000000092c00000, 0x0000000092c00000|100%| E|CS|TAMS 0x0000000092b00000, 0x0000000092b00000| Complete 
| 260|0x0000000092c00000, 0x0000000092d00000, 0x0000000092d00000|100%| E|CS|TAMS 0x0000000092c00000, 0x0000000092c00000| Complete 
| 261|0x0000000092d00000, 0x0000000092e00000, 0x0000000092e00000|100%| E|CS|TAMS 0x0000000092d00000, 0x0000000092d00000| Complete 
| 262|0x0000000092e00000, 0x0000000092f00000, 0x0000000092f00000|100%| E|CS|TAMS 0x0000000092e00000, 0x0000000092e00000| Complete 
| 263|0x0000000092f00000, 0x0000000093000000, 0x0000000093000000|100%| E|CS|TAMS 0x0000000092f00000, 0x0000000092f00000| Complete 
| 264|0x0000000093000000, 0x0000000093100000, 0x0000000093100000|100%| E|CS|TAMS 0x0000000093000000, 0x0000000093000000| Complete 
| 265|0x0000000093100000, 0x0000000093200000, 0x0000000093200000|100%| E|CS|TAMS 0x0000000093100000, 0x0000000093100000| Complete 
| 266|0x0000000093200000, 0x0000000093300000, 0x0000000093300000|100%| E|CS|TAMS 0x0000000093200000, 0x0000000093200000| Complete 
| 267|0x0000000093300000, 0x0000000093400000, 0x0000000093400000|100%| E|CS|TAMS 0x0000000093300000, 0x0000000093300000| Complete 
| 268|0x0000000093400000, 0x0000000093500000, 0x0000000093500000|100%| E|CS|TAMS 0x0000000093400000, 0x0000000093400000| Complete 
| 269|0x0000000093500000, 0x0000000093600000, 0x0000000093600000|100%| E|CS|TAMS 0x0000000093500000, 0x0000000093500000| Complete 
| 270|0x0000000093600000, 0x0000000093700000, 0x0000000093700000|100%| E|CS|TAMS 0x0000000093600000, 0x0000000093600000| Complete 
| 271|0x0000000093700000, 0x0000000093800000, 0x0000000093800000|100%| E|CS|TAMS 0x0000000093700000, 0x0000000093700000| Complete 
| 272|0x0000000093800000, 0x0000000093900000, 0x0000000093900000|100%| E|CS|TAMS 0x0000000093800000, 0x0000000093800000| Complete 
| 273|0x0000000093900000, 0x0000000093a00000, 0x0000000093a00000|100%| E|CS|TAMS 0x0000000093900000, 0x0000000093900000| Complete 
| 274|0x0000000093a00000, 0x0000000093b00000, 0x0000000093b00000|100%| E|CS|TAMS 0x0000000093a00000, 0x0000000093a00000| Complete 
| 275|0x0000000093b00000, 0x0000000093c00000, 0x0000000093c00000|100%| E|CS|TAMS 0x0000000093b00000, 0x0000000093b00000| Complete 
| 276|0x0000000093c00000, 0x0000000093d00000, 0x0000000093d00000|100%| E|CS|TAMS 0x0000000093c00000, 0x0000000093c00000| Complete 
| 277|0x0000000093d00000, 0x0000000093e00000, 0x0000000093e00000|100%| E|CS|TAMS 0x0000000093d00000, 0x0000000093d00000| Complete 
| 278|0x0000000093e00000, 0x0000000093f00000, 0x0000000093f00000|100%| E|CS|TAMS 0x0000000093e00000, 0x0000000093e00000| Complete 
| 279|0x0000000093f00000, 0x0000000094000000, 0x0000000094000000|100%| E|CS|TAMS 0x0000000093f00000, 0x0000000093f00000| Complete 
| 280|0x0000000094000000, 0x0000000094100000, 0x0000000094100000|100%| E|CS|TAMS 0x0000000094000000, 0x0000000094000000| Complete 
| 281|0x0000000094100000, 0x0000000094200000, 0x0000000094200000|100%| E|CS|TAMS 0x0000000094100000, 0x0000000094100000| Complete 
| 282|0x0000000094200000, 0x0000000094300000, 0x0000000094300000|100%| E|CS|TAMS 0x0000000094200000, 0x0000000094200000| Complete 
| 283|0x0000000094300000, 0x0000000094400000, 0x0000000094400000|100%| E|CS|TAMS 0x0000000094300000, 0x0000000094300000| Complete 
| 284|0x0000000094400000, 0x0000000094500000, 0x0000000094500000|100%| E|CS|TAMS 0x0000000094400000, 0x0000000094400000| Complete 
| 285|0x0000000094500000, 0x0000000094600000, 0x0000000094600000|100%| E|CS|TAMS 0x0000000094500000, 0x0000000094500000| Complete 
| 286|0x0000000094600000, 0x0000000094700000, 0x0000000094700000|100%| E|CS|TAMS 0x0000000094600000, 0x0000000094600000| Complete 
| 287|0x0000000094700000, 0x0000000094800000, 0x0000000094800000|100%| E|CS|TAMS 0x0000000094700000, 0x0000000094700000| Complete 
| 288|0x0000000094800000, 0x0000000094900000, 0x0000000094900000|100%| E|CS|TAMS 0x0000000094800000, 0x0000000094800000| Complete 
| 289|0x0000000094900000, 0x0000000094a00000, 0x0000000094a00000|100%| E|CS|TAMS 0x0000000094900000, 0x0000000094900000| Complete 
| 290|0x0000000094a00000, 0x0000000094b00000, 0x0000000094b00000|100%| E|CS|TAMS 0x0000000094a00000, 0x0000000094a00000| Complete 
| 291|0x0000000094b00000, 0x0000000094c00000, 0x0000000094c00000|100%| E|CS|TAMS 0x0000000094b00000, 0x0000000094b00000| Complete 
| 292|0x0000000094c00000, 0x0000000094d00000, 0x0000000094d00000|100%| E|CS|TAMS 0x0000000094c00000, 0x0000000094c00000| Complete 
| 293|0x0000000094d00000, 0x0000000094e00000, 0x0000000094e00000|100%| E|CS|TAMS 0x0000000094d00000, 0x0000000094d00000| Complete 
| 294|0x0000000094e00000, 0x0000000094f00000, 0x0000000094f00000|100%| E|CS|TAMS 0x0000000094e00000, 0x0000000094e00000| Complete 
| 295|0x0000000094f00000, 0x0000000095000000, 0x0000000095000000|100%| E|CS|TAMS 0x0000000094f00000, 0x0000000094f00000| Complete 
| 296|0x0000000095000000, 0x0000000095100000, 0x0000000095100000|100%| E|CS|TAMS 0x0000000095000000, 0x0000000095000000| Complete 
| 297|0x0000000095100000, 0x0000000095200000, 0x0000000095200000|100%| E|CS|TAMS 0x0000000095100000, 0x0000000095100000| Complete 
| 298|0x0000000095200000, 0x0000000095300000, 0x0000000095300000|100%| E|CS|TAMS 0x0000000095200000, 0x0000000095200000| Complete 
| 299|0x0000000095300000, 0x0000000095400000, 0x0000000095400000|100%| E|CS|TAMS 0x0000000095300000, 0x0000000095300000| Complete 
| 300|0x0000000095400000, 0x0000000095500000, 0x0000000095500000|100%| E|CS|TAMS 0x0000000095400000, 0x0000000095400000| Complete 
| 301|0x0000000095500000, 0x0000000095600000, 0x0000000095600000|100%| E|CS|TAMS 0x0000000095500000, 0x0000000095500000| Complete 
| 302|0x0000000095600000, 0x0000000095700000, 0x0000000095700000|100%| E|CS|TAMS 0x0000000095600000, 0x0000000095600000| Complete 
| 303|0x0000000095700000, 0x0000000095800000, 0x0000000095800000|100%| E|CS|TAMS 0x0000000095700000, 0x0000000095700000| Complete 
| 304|0x0000000095800000, 0x0000000095900000, 0x0000000095900000|100%| E|CS|TAMS 0x0000000095800000, 0x0000000095800000| Complete 
| 305|0x0000000095900000, 0x0000000095a00000, 0x0000000095a00000|100%| E|CS|TAMS 0x0000000095900000, 0x0000000095900000| Complete 
| 306|0x0000000095a00000, 0x0000000095b00000, 0x0000000095b00000|100%| E|CS|TAMS 0x0000000095a00000, 0x0000000095a00000| Complete 
| 307|0x0000000095b00000, 0x0000000095c00000, 0x0000000095c00000|100%| E|CS|TAMS 0x0000000095b00000, 0x0000000095b00000| Complete 
| 308|0x0000000095c00000, 0x0000000095d00000, 0x0000000095d00000|100%| E|CS|TAMS 0x0000000095c00000, 0x0000000095c00000| Complete 
| 309|0x0000000095d00000, 0x0000000095e00000, 0x0000000095e00000|100%| E|CS|TAMS 0x0000000095d00000, 0x0000000095d00000| Complete 
| 310|0x0000000095e00000, 0x0000000095f00000, 0x0000000095f00000|100%| E|CS|TAMS 0x0000000095e00000, 0x0000000095e00000| Complete 
| 311|0x0000000095f00000, 0x0000000096000000, 0x0000000096000000|100%| E|CS|TAMS 0x0000000095f00000, 0x0000000095f00000| Complete 
| 312|0x0000000096000000, 0x0000000096100000, 0x0000000096100000|100%| E|CS|TAMS 0x0000000096000000, 0x0000000096000000| Complete 
| 313|0x0000000096100000, 0x0000000096200000, 0x0000000096200000|100%| E|CS|TAMS 0x0000000096100000, 0x0000000096100000| Complete 
| 314|0x0000000096200000, 0x0000000096300000, 0x0000000096300000|100%| E|CS|TAMS 0x0000000096200000, 0x0000000096200000| Complete 
| 315|0x0000000096300000, 0x0000000096400000, 0x0000000096400000|100%| E|CS|TAMS 0x0000000096300000, 0x0000000096300000| Complete 
| 316|0x0000000096400000, 0x0000000096500000, 0x0000000096500000|100%| E|CS|TAMS 0x0000000096400000, 0x0000000096400000| Complete 
| 317|0x0000000096500000, 0x0000000096600000, 0x0000000096600000|100%| E|CS|TAMS 0x0000000096500000, 0x0000000096500000| Complete 
| 318|0x0000000096600000, 0x0000000096700000, 0x0000000096700000|100%| E|CS|TAMS 0x0000000096600000, 0x0000000096600000| Complete 
| 319|0x0000000096700000, 0x0000000096800000, 0x0000000096800000|100%| E|CS|TAMS 0x0000000096700000, 0x0000000096700000| Complete 
| 320|0x0000000096800000, 0x0000000096900000, 0x0000000096900000|100%| E|CS|TAMS 0x0000000096800000, 0x0000000096800000| Complete 
| 321|0x0000000096900000, 0x0000000096a00000, 0x0000000096a00000|100%| E|CS|TAMS 0x0000000096900000, 0x0000000096900000| Complete 
| 322|0x0000000096a00000, 0x0000000096b00000, 0x0000000096b00000|100%| E|CS|TAMS 0x0000000096a00000, 0x0000000096a00000| Complete 
| 323|0x0000000096b00000, 0x0000000096c00000, 0x0000000096c00000|100%| E|CS|TAMS 0x0000000096b00000, 0x0000000096b00000| Complete 
| 324|0x0000000096c00000, 0x0000000096d00000, 0x0000000096d00000|100%| E|CS|TAMS 0x0000000096c00000, 0x0000000096c00000| Complete 
| 325|0x0000000096d00000, 0x0000000096e00000, 0x0000000096e00000|100%| E|CS|TAMS 0x0000000096d00000, 0x0000000096d00000| Complete 
| 326|0x0000000096e00000, 0x0000000096f00000, 0x0000000096f00000|100%| E|CS|TAMS 0x0000000096e00000, 0x0000000096e00000| Complete 

Card table byte_map: [0x000001f7889e0000,0x000001f788dd0000] _byte_map_base: 0x000001f7885cc000

Marking Bits (Prev, Next): (CMBitMap*) 0x000001f781ea0b40, (CMBitMap*) 0x000001f781ea0b80
 Prev Bits: [0x000001f7891c0000, 0x000001f78b120000)
 Next Bits: [0x000001f78b120000, 0x000001f78d080000)

Polling page: 0x000001f7815f0000

Metaspace:

Usage:
  Non-class:     80.69 MB used.
      Class:     12.76 MB used.
       Both:     93.45 MB used.

Virtual space:
  Non-class space:      128.00 MB reserved,      81.06 MB ( 63%) committed,  2 nodes.
      Class space:        1.00 GB reserved,      13.06 MB (  1%) committed,  1 nodes.
             Both:        1.12 GB reserved,      94.12 MB (  8%) committed. 

Chunk freelists:
   Non-Class:  14.45 MB
       Class:  2.97 MB
        Both:  17.43 MB

MaxMetaspaceSize: unlimited
CompressedClassSpaceSize: 1.00 GB
Initial GC threshold: 21.00 MB
Current GC threshold: 143.44 MB
CDS: off
MetaspaceReclaimPolicy: balanced
 - commit_granule_bytes: 65536.
 - commit_granule_words: 8192.
 - virtual_space_node_default_size: 8388608.
 - enlarge_chunks_in_place: 1.
 - new_chunks_are_fully_committed: 0.
 - uncommit_free_chunks: 1.
 - use_allocation_guard: 0.
 - handle_deallocations: 1.


Internal statistics:

num_allocs_failed_limit: 9.
num_arena_births: 1058.
num_arena_deaths: 30.
num_vsnodes_births: 3.
num_vsnodes_deaths: 0.
num_space_committed: 1506.
num_space_uncommitted: 0.
num_chunks_returned_to_freelist: 54.
num_chunks_taken_from_freelist: 4300.
num_chunk_merges: 18.
num_chunk_splits: 3038.
num_chunks_enlarged: 2294.
num_inconsistent_stats: 0.

CodeCache: size=49152Kb used=16458Kb max_used=17414Kb free=32693Kb
 bounds [0x000001f7854e0000, 0x000001f7865f0000, 0x000001f7884e0000]
 total_blobs=10326 nmethods=9581 adapters=669
 compilation: enabled
              stopped_count=0, restarted_count=0
 full_count=0

Compilation events (20 events):
Event: 25.113 Thread 0x000001f78fbe1080 9759       1       java.net.Socket::getImpl (17 bytes)
Event: 25.113 Thread 0x000001f78fbe1080 nmethod 9759 0x000001f78644fb10 code [0x000001f78644fca0, 0x000001f78644fda8]
Event: 25.114 Thread 0x000001f78fbe1080 9760       1       com.sun.crypto.provider.AESCrypt::isKeySizeValid (29 bytes)
Event: 25.114 Thread 0x000001f78fbe1080 nmethod 9760 0x000001f78644f790 code [0x000001f78644f920, 0x000001f78644fa38]
Event: 25.275 Thread 0x000001f78fbe1080 9761       1       com.sun.crypto.provider.GaloisCounterMode$GCMEngine::<init> (132 bytes)
Event: 25.275 Thread 0x000001f78fbe1080 nmethod 9761 0x000001f78644ec90 code [0x000001f78644eea0, 0x000001f78644f4f8]
Event: 25.275 Thread 0x000001f78fbe1080 9762       1       com.sun.crypto.provider.GaloisCounterMode::getJ0 (110 bytes)
Event: 25.276 Thread 0x000001f78fbe1080 nmethod 9762 0x000001f78644e310 code [0x000001f78644e520, 0x000001f78644e968]
Event: 25.276 Thread 0x000001f78fbe1080 9763       1       com.sun.crypto.provider.GaloisCounterMode::increment32 (32 bytes)
Event: 25.276 Thread 0x000001f78fbe1080 nmethod 9763 0x000001f78644df90 code [0x000001f78644e120, 0x000001f78644e218]
Event: 25.276 Thread 0x000001f78fbe1080 9764       1       com.sun.crypto.provider.GHASH::<init> (70 bytes)
Event: 25.276 Thread 0x000001f78fbe1080 nmethod 9764 0x000001f78644d610 code [0x000001f78644d800, 0x000001f78644dcc8]
Event: 25.363 Thread 0x000001f78fbe1080 9765       1       org.postgresql.core.VisibleBufferedInputStream::scanCStringLength (59 bytes)
Event: 25.363 Thread 0x000001f78fbe1080 nmethod 9765 0x000001f78644d090 code [0x000001f78644d240, 0x000001f78644d478]
Event: 25.665 Thread 0x000001f78fbe1080 9766       1       org.postgresql.core.PGStream::receiveChar (22 bytes)
Event: 25.666 Thread 0x000001f78fbe1080 nmethod 9766 0x000001f78644cb90 code [0x000001f78644cd40, 0x000001f78644cf38]
Event: 25.666 Thread 0x000001f78fbe1080 9767       1       org.postgresql.core.VisibleBufferedInputStream::read (31 bytes)
Event: 25.666 Thread 0x000001f78fbe1080 nmethod 9767 0x000001f78644c790 code [0x000001f78644c940, 0x000001f78644caa8]
Event: 25.986 Thread 0x000001f78fbe1080 9768       1       sun.nio.ch.NioSocketImpl::ensureOpen (35 bytes)
Event: 25.987 Thread 0x000001f78fbe1080 nmethod 9768 0x000001f78644c310 code [0x000001f78644c4c0, 0x000001f78644c6b8]

GC Heap History (20 events):
Event: 10.691 GC heap before
{Heap before GC invocations=28 (full 0):
 garbage-first heap   total 87040K, used 68571K [0x0000000082800000, 0x0000000100000000)
  region size 1024K, 24 young (24576K), 1 survivors (1024K)
 Metaspace       used 75258K, committed 75840K, reserved 1179648K
  class space    used 10191K, committed 10496K, reserved 1048576K
}
Event: 10.692 GC heap after
{Heap after GC invocations=29 (full 0):
 garbage-first heap   total 142336K, used 45501K [0x0000000082800000, 0x0000000100000000)
  region size 1024K, 1 young (1024K), 1 survivors (1024K)
 Metaspace       used 75258K, committed 75840K, reserved 1179648K
  class space    used 10191K, committed 10496K, reserved 1048576K
}
Event: 12.691 GC heap before
{Heap before GC invocations=30 (full 0):
 garbage-first heap   total 142336K, used 107965K [0x0000000082800000, 0x0000000100000000)
  region size 1024K, 62 young (63488K), 1 survivors (1024K)
 Metaspace       used 78210K, committed 78848K, reserved 1179648K
  class space    used 10584K, committed 10880K, reserved 1048576K
}
Event: 12.694 GC heap after
{Heap after GC invocations=31 (full 0):
 garbage-first heap   total 142336K, used 49101K [0x0000000082800000, 0x0000000100000000)
  region size 1024K, 5 young (5120K), 5 survivors (5120K)
 Metaspace       used 78210K, committed 78848K, reserved 1179648K
  class space    used 10584K, committed 10880K, reserved 1048576K
}
Event: 12.698 GC heap before
{Heap before GC invocations=31 (full 0):
 garbage-first heap   total 142336K, used 50125K [0x0000000082800000, 0x0000000100000000)
  region size 1024K, 6 young (6144K), 5 survivors (5120K)
 Metaspace       used 78210K, committed 78848K, reserved 1179648K
  class space    used 10584K, committed 10880K, reserved 1048576K
}
Event: 12.701 GC heap after
{Heap after GC invocations=32 (full 0):
 garbage-first heap   total 142336K, used 49219K [0x0000000082800000, 0x0000000100000000)
  region size 1024K, 1 young (1024K), 1 survivors (1024K)
 Metaspace       used 78210K, committed 78848K, reserved 1179648K
  class space    used 10584K, committed 10880K, reserved 1048576K
}
Event: 13.016 GC heap before
{Heap before GC invocations=32 (full 0):
 garbage-first heap   total 142336K, used 114755K [0x0000000082800000, 0x0000000100000000)
  region size 1024K, 65 young (66560K), 1 survivors (1024K)
 Metaspace       used 78983K, committed 79680K, reserved 1179648K
  class space    used 10670K, committed 11008K, reserved 1048576K
}
Event: 13.018 GC heap after
{Heap after GC invocations=33 (full 0):
 garbage-first heap   total 142336K, used 51146K [0x0000000082800000, 0x0000000100000000)
  region size 1024K, 3 young (3072K), 3 survivors (3072K)
 Metaspace       used 78983K, committed 79680K, reserved 1179648K
  class space    used 10670K, committed 11008K, reserved 1048576K
}
Event: 13.661 GC heap before
{Heap before GC invocations=33 (full 0):
 garbage-first heap   total 142336K, used 115658K [0x0000000082800000, 0x0000000100000000)
  region size 1024K, 66 young (67584K), 3 survivors (3072K)
 Metaspace       used 84712K, committed 85440K, reserved 1179648K
  class space    used 11491K, committed 11840K, reserved 1048576K
}
Event: 13.666 GC heap after
{Heap after GC invocations=34 (full 0):
 garbage-first heap   total 142336K, used 54441K [0x0000000082800000, 0x0000000100000000)
  region size 1024K, 6 young (6144K), 6 survivors (6144K)
 Metaspace       used 84712K, committed 85440K, reserved 1179648K
  class space    used 11491K, committed 11840K, reserved 1048576K
}
Event: 13.853 GC heap before
{Heap before GC invocations=34 (full 0):
 garbage-first heap   total 142336K, used 116905K [0x0000000082800000, 0x0000000100000000)
  region size 1024K, 66 young (67584K), 6 survivors (6144K)
 Metaspace       used 85799K, committed 86528K, reserved 1179648K
  class space    used 11620K, committed 11968K, reserved 1048576K
}
Event: 13.865 GC heap after
{Heap after GC invocations=35 (full 0):
 garbage-first heap   total 142336K, used 67204K [0x0000000082800000, 0x0000000100000000)
  region size 1024K, 9 young (9216K), 9 survivors (9216K)
 Metaspace       used 85799K, committed 86528K, reserved 1179648K
  class space    used 11620K, committed 11968K, reserved 1048576K
}
Event: 13.949 GC heap before
{Heap before GC invocations=35 (full 0):
 garbage-first heap   total 142336K, used 111236K [0x0000000082800000, 0x0000000100000000)
  region size 1024K, 52 young (53248K), 9 survivors (9216K)
 Metaspace       used 85884K, committed 86592K, reserved 1179648K
  class space    used 11632K, committed 11968K, reserved 1048576K
}
Event: 13.958 GC heap after
{Heap after GC invocations=36 (full 0):
 garbage-first heap   total 142336K, used 76773K [0x0000000082800000, 0x0000000100000000)
  region size 1024K, 7 young (7168K), 7 survivors (7168K)
 Metaspace       used 85884K, committed 86592K, reserved 1179648K
  class space    used 11632K, committed 11968K, reserved 1048576K
}
Event: 14.108 GC heap before
{Heap before GC invocations=36 (full 0):
 garbage-first heap   total 142336K, used 110565K [0x0000000082800000, 0x0000000100000000)
  region size 1024K, 41 young (41984K), 7 survivors (7168K)
 Metaspace       used 86859K, committed 87488K, reserved 1179648K
  class space    used 11781K, committed 12096K, reserved 1048576K
}
Event: 14.116 GC heap after
{Heap after GC invocations=37 (full 0):
 garbage-first heap   total 142336K, used 84992K [0x0000000082800000, 0x0000000100000000)
  region size 1024K, 6 young (6144K), 6 survivors (6144K)
 Metaspace       used 86859K, committed 87488K, reserved 1179648K
  class space    used 11781K, committed 12096K, reserved 1048576K
}
Event: 14.435 GC heap before
{Heap before GC invocations=38 (full 0):
 garbage-first heap   total 148480K, used 112640K [0x0000000082800000, 0x0000000100000000)
  region size 1024K, 33 young (33792K), 6 survivors (6144K)
 Metaspace       used 89397K, committed 90112K, reserved 1179648K
  class space    used 12156K, committed 12480K, reserved 1048576K
}
Event: 14.440 GC heap after
{Heap after GC invocations=39 (full 0):
 garbage-first heap   total 148480K, used 88445K [0x0000000082800000, 0x0000000100000000)
  region size 1024K, 3 young (3072K), 3 survivors (3072K)
 Metaspace       used 89397K, committed 90112K, reserved 1179648K
  class space    used 12156K, committed 12480K, reserved 1048576K
}
Event: 14.507 GC heap before
{Heap before GC invocations=39 (full 0):
 garbage-first heap   total 148480K, used 92541K [0x0000000082800000, 0x0000000100000000)
  region size 1024K, 7 young (7168K), 3 survivors (3072K)
 Metaspace       used 90208K, committed 90880K, reserved 1179648K
  class space    used 12285K, committed 12608K, reserved 1048576K
}
Event: 14.511 GC heap after
{Heap after GC invocations=40 (full 0):
 garbage-first heap   total 334848K, used 83839K [0x0000000082800000, 0x0000000100000000)
  region size 1024K, 1 young (1024K), 1 survivors (1024K)
 Metaspace       used 90208K, committed 90880K, reserved 1179648K
  class space    used 12285K, committed 12608K, reserved 1048576K
}

Dll operation events (9 events):
Event: 0.007 Loaded shared library D:\sts-4.18.1.RELEASE\plugins\org.eclipse.justj.openjdk.hotspot.jre.full.win32.x86_64_17.0.7.v20230425-1502\jre\bin\java.dll
Event: 0.201 Loaded shared library D:\sts-4.18.1.RELEASE\plugins\org.eclipse.justj.openjdk.hotspot.jre.full.win32.x86_64_17.0.7.v20230425-1502\jre\bin\jimage.dll
Event: 0.217 Loaded shared library D:\sts-4.18.1.RELEASE\plugins\org.eclipse.justj.openjdk.hotspot.jre.full.win32.x86_64_17.0.7.v20230425-1502\jre\bin\net.dll
Event: 0.218 Loaded shared library D:\sts-4.18.1.RELEASE\plugins\org.eclipse.justj.openjdk.hotspot.jre.full.win32.x86_64_17.0.7.v20230425-1502\jre\bin\nio.dll
Event: 0.223 Loaded shared library D:\sts-4.18.1.RELEASE\plugins\org.eclipse.justj.openjdk.hotspot.jre.full.win32.x86_64_17.0.7.v20230425-1502\jre\bin\zip.dll
Event: 0.328 Loaded shared library D:\sts-4.18.1.RELEASE\plugins\org.eclipse.justj.openjdk.hotspot.jre.full.win32.x86_64_17.0.7.v20230425-1502\jre\bin\management.dll
Event: 0.340 Loaded shared library D:\sts-4.18.1.RELEASE\plugins\org.eclipse.justj.openjdk.hotspot.jre.full.win32.x86_64_17.0.7.v20230425-1502\jre\bin\management_ext.dll
Event: 3.142 Loaded shared library D:\sts-4.18.1.RELEASE\plugins\org.eclipse.justj.openjdk.hotspot.jre.full.win32.x86_64_17.0.7.v20230425-1502\jre\bin\sunmscapi.dll
Event: 3.639 Loaded shared library D:\sts-4.18.1.RELEASE\plugins\org.eclipse.justj.openjdk.hotspot.jre.full.win32.x86_64_17.0.7.v20230425-1502\jre\bin\verify.dll

Deoptimization events (20 events):
Event: 3.040 Thread 0x000001f795024de0 DEOPT PACKING pc=0x000001f785e1d40a sp=0x0000008e48bfb2a0
Event: 3.040 Thread 0x000001f795024de0 DEOPT UNPACKING pc=0x000001f785537143 sp=0x0000008e48bfa838 mode 0
Event: 3.323 Thread 0x000001f795024de0 DEOPT PACKING pc=0x000001f785eaa07d sp=0x0000008e48bfbe90
Event: 3.323 Thread 0x000001f795024de0 DEOPT UNPACKING pc=0x000001f785537143 sp=0x0000008e48bfb3f8 mode 3
Event: 10.129 Thread 0x000001f795024de0 DEOPT PACKING pc=0x000001f785ada742 sp=0x0000008e48bfb810
Event: 10.129 Thread 0x000001f795024de0 DEOPT UNPACKING pc=0x000001f785537143 sp=0x0000008e48bfad18 mode 3
Event: 10.246 Thread 0x000001f795024de0 DEOPT PACKING pc=0x000001f785acf114 sp=0x0000008e48bfbe00
Event: 10.246 Thread 0x000001f795024de0 DEOPT UNPACKING pc=0x000001f785537143 sp=0x0000008e48bfb358 mode 0
Event: 12.955 Thread 0x000001f795024de0 DEOPT PACKING pc=0x000001f78612bd44 sp=0x0000008e48bfd570
Event: 12.955 Thread 0x000001f795024de0 DEOPT UNPACKING pc=0x000001f785537143 sp=0x0000008e48bfca08 mode 3
Event: 13.390 Thread 0x000001f795024de0 DEOPT PACKING pc=0x000001f7860ea16c sp=0x0000008e48bfc100
Event: 13.391 Thread 0x000001f795024de0 DEOPT UNPACKING pc=0x000001f785537143 sp=0x0000008e48bfb6b8 mode 0
Event: 13.460 Thread 0x000001f795024de0 DEOPT PACKING pc=0x000001f7860ea16c sp=0x0000008e48bfd750
Event: 13.460 Thread 0x000001f795024de0 DEOPT UNPACKING pc=0x000001f785537143 sp=0x0000008e48bfcd08 mode 0
Event: 13.764 Thread 0x000001f795024de0 DEOPT PACKING pc=0x000001f7857a2fab sp=0x0000008e48bf8c00
Event: 13.764 Thread 0x000001f795024de0 DEOPT UNPACKING pc=0x000001f785537143 sp=0x0000008e48bf8148 mode 3
Event: 14.039 Thread 0x000001f795024de0 DEOPT PACKING pc=0x000001f78637262e sp=0x0000008e48bfb4e0
Event: 14.039 Thread 0x000001f795024de0 DEOPT UNPACKING pc=0x000001f785537143 sp=0x0000008e48bfa918 mode 0
Event: 23.637 Thread 0x000001f79c13c740 DEOPT PACKING pc=0x000001f785df6b87 sp=0x0000008e48afd810
Event: 23.637 Thread 0x000001f79c13c740 DEOPT UNPACKING pc=0x000001f785537143 sp=0x0000008e48afccd8 mode 3

Classes unloaded (15 events):
Event: 14.165 Thread 0x000001f78fb86d30 Unloading class 0x0000000100b18000 'jdk/internal/reflect/GeneratedSerializationConstructorAccessor32'
Event: 14.165 Thread 0x000001f78fb86d30 Unloading class 0x0000000100b10800 'jdk/internal/reflect/GeneratedSerializationConstructorAccessor31'
Event: 14.165 Thread 0x000001f78fb86d30 Unloading class 0x0000000100b10400 'jdk/internal/reflect/GeneratedSerializationConstructorAccessor30'
Event: 14.165 Thread 0x000001f78fb86d30 Unloading class 0x0000000100b10000 'jdk/internal/reflect/GeneratedSerializationConstructorAccessor29'
Event: 14.165 Thread 0x000001f78fb86d30 Unloading class 0x0000000100ad1400 'jdk/internal/reflect/GeneratedSerializationConstructorAccessor28'
Event: 14.165 Thread 0x000001f78fb86d30 Unloading class 0x0000000100ad1000 'jdk/internal/reflect/GeneratedSerializationConstructorAccessor27'
Event: 14.165 Thread 0x000001f78fb86d30 Unloading class 0x0000000100ad0c00 'jdk/internal/reflect/GeneratedSerializationConstructorAccessor26'
Event: 14.165 Thread 0x000001f78fb86d30 Unloading class 0x0000000100ad0400 'jdk/internal/reflect/GeneratedSerializationConstructorAccessor25'
Event: 14.165 Thread 0x000001f78fb86d30 Unloading class 0x0000000100ad0000 'jdk/internal/reflect/GeneratedSerializationConstructorAccessor24'
Event: 14.165 Thread 0x000001f78fb86d30 Unloading class 0x0000000100ac5400 'jdk/internal/reflect/GeneratedSerializationConstructorAccessor23'
Event: 14.165 Thread 0x000001f78fb86d30 Unloading class 0x0000000100ac5000 'jdk/internal/reflect/GeneratedSerializationConstructorAccessor22'
Event: 14.165 Thread 0x000001f78fb86d30 Unloading class 0x0000000100ac4c00 'jdk/internal/reflect/GeneratedSerializationConstructorAccessor21'
Event: 14.165 Thread 0x000001f78fb86d30 Unloading class 0x0000000100ac4800 'jdk/internal/reflect/GeneratedSerializationConstructorAccessor20'
Event: 14.165 Thread 0x000001f78fb86d30 Unloading class 0x0000000100ac4400 'jdk/internal/reflect/GeneratedSerializationConstructorAccessor19'
Event: 14.165 Thread 0x000001f78fb86d30 Unloading class 0x0000000100a38000 'jdk/internal/reflect/GeneratedSerializationConstructorAccessor18'

Classes redefined (0 events):
No events

Internal exceptions (20 events):
Event: 13.912 Thread 0x000001f794652ac0 Exception <a 'sun/nio/fs/WindowsException'{0x000000008a999310}> (0x000000008a999310) 
thrown [s\src\hotspot\share\prims\jni.cpp, line 516]
Event: 13.912 Thread 0x000001f794652ac0 Exception <a 'sun/nio/fs/WindowsException'{0x000000008a999670}> (0x000000008a999670) 
thrown [s\src\hotspot\share\prims\jni.cpp, line 516]
Event: 13.912 Thread 0x000001f794652ac0 Exception <a 'sun/nio/fs/WindowsException'{0x000000008a99a010}> (0x000000008a99a010) 
thrown [s\src\hotspot\share\prims\jni.cpp, line 516]
Event: 13.912 Thread 0x000001f794652ac0 Exception <a 'sun/nio/fs/WindowsException'{0x000000008a99a370}> (0x000000008a99a370) 
thrown [s\src\hotspot\share\prims\jni.cpp, line 516]
Event: 14.542 Thread 0x000001f795024de0 Exception <a 'java/lang/NoSuchMethodError'{0x0000000096de43d8}: 'java.lang.Object java.lang.invoke.DirectMethodHandle$Holder.invokeStaticInit(java.lang.Object, long)'> (0x0000000096de43d8) 
thrown [s\src\hotspot\share\interpreter\linkResolver.cpp, line 759]
Event: 14.758 Thread 0x000001f795024de0 Exception <a 'java/lang/NoSuchMethodError'{0x000000009567e130}: 'java.lang.Object java.lang.invoke.DirectMethodHandle$Holder.newInvokeSpecial(java.lang.Object, long)'> (0x000000009567e130) 
thrown [s\src\hotspot\share\interpreter\linkResolver.cpp, line 759]
Event: 15.043 Thread 0x000001f795024de0 Exception <a 'java/lang/NoSuchMethodError'{0x0000000093599c38}: 'java.lang.Object java.lang.invoke.DirectMethodHandle$Holder.newInvokeSpecial(java.lang.Object, java.lang.Object, int, java.lang.Object, java.lang.Object)'> (0x0000000093599c38) 
thrown [s\src\hotspot\share\interpreter\linkResolver.cpp, line 759]
Event: 15.044 Thread 0x000001f795024de0 Exception <a 'java/lang/NoSuchMethodError'{0x00000000935a51b8}: 'java.lang.Object java.lang.invoke.DirectMethodHandle$Holder.invokeSpecial(java.lang.Object, java.lang.Object, int, java.lang.Object, int, java.lang.Object)'> (0x00000000935a51b8) 
thrown [s\src\hotspot\share\interpreter\linkResolver.cpp, line 759]
Event: 15.044 Thread 0x000001f795024de0 Exception <a 'java/lang/NoSuchMethodError'{0x00000000935ad268}: 'java.lang.Object java.lang.invoke.DirectMethodHandle$Holder.newInvokeSpecial(java.lang.Object, java.lang.Object, int, java.lang.Object, int)'> (0x00000000935ad268) 
thrown [s\src\hotspot\share\interpreter\linkResolver.cpp, line 759]
Event: 15.044 Thread 0x000001f795024de0 Exception <a 'java/lang/NoSuchMethodError'{0x00000000935b1368}: 'java.lang.Object java.lang.invoke.DirectMethodHandle$Holder.invokeSpecial(java.lang.Object, java.lang.Object, java.lang.Object, int, java.lang.Object, int)'> (0x00000000935b1368) 
thrown [s\src\hotspot\share\interpreter\linkResolver.cpp, line 759]
Event: 23.637 Thread 0x000001f79c13c740 Implicit null exception at 0x000001f785df69b1 to 0x000001f785df6b82
Event: 23.639 Thread 0x000001f795024440 Exception <a 'java/lang/InterruptedException'{0x00000000927961f8}: sleep interrupted> (0x00000000927961f8) 
thrown [s\src\hotspot\share\prims\jvm.cpp, line 3070]
Event: 23.650 Thread 0x000001f794655ae0 Exception <a 'java/lang/InterruptedException'{0x0000000096783e78}: sleep interrupted> (0x0000000096783e78) 
thrown [s\src\hotspot\share\prims\jvm.cpp, line 3070]
Event: 23.656 Thread 0x000001f794658fd0 Exception <a 'java/lang/InterruptedException'{0x0000000092300840}: sleep interrupted> (0x0000000092300840) 
thrown [s\src\hotspot\share\prims\jvm.cpp, line 3070]
Event: 23.658 Thread 0x000001f794658160 Exception <a 'java/io/IOException'{0x00000000923e6060}> (0x00000000923e6060) 
thrown [s\src\hotspot\share\prims\jni.cpp, line 516]
Event: 23.905 Thread 0x000001f7946594a0 Exception <a 'java/lang/InterruptedException'{0x0000000092200040}: sleep interrupted> (0x0000000092200040) 
thrown [s\src\hotspot\share\prims\jvm.cpp, line 3070]
Event: 23.906 Thread 0x000001f794652120 Exception <a 'java/io/IOException'{0x000000009221b3a8}> (0x000000009221b3a8) 
thrown [s\src\hotspot\share\prims\jni.cpp, line 516]
Event: 24.167 Thread 0x000001f794655140 Exception <a 'java/lang/InterruptedException'{0x00000000922456b0}: sleep interrupted> (0x00000000922456b0) 
thrown [s\src\hotspot\share\prims\jvm.cpp, line 3070]
Event: 24.167 Thread 0x000001f794658630 Exception <a 'java/io/IOException'{0x0000000092284b58}> (0x0000000092284b58) 
thrown [s\src\hotspot\share\prims\jni.cpp, line 516]
Event: 24.417 Thread 0x000001f794653e00 Exception <a 'java/lang/InterruptedException'{0x00000000922bcd30}: sleep interrupted> (0x00000000922bcd30) 
thrown [s\src\hotspot\share\prims\jvm.cpp, line 3070]

VM Operations (20 events):
Event: 14.743 Executing VM operation: HandshakeAllThreads done
Event: 15.047 Executing VM operation: HandshakeAllThreads
Event: 15.047 Executing VM operation: HandshakeAllThreads done
Event: 15.062 Executing VM operation: HandshakeAllThreads
Event: 15.062 Executing VM operation: HandshakeAllThreads done
Event: 15.073 Executing VM operation: HandshakeAllThreads
Event: 15.073 Executing VM operation: HandshakeAllThreads done
Event: 16.080 Executing VM operation: Cleanup
Event: 16.080 Executing VM operation: Cleanup done
Event: 21.134 Executing VM operation: Cleanup
Event: 21.134 Executing VM operation: Cleanup done
Event: 22.138 Executing VM operation: Cleanup
Event: 22.138 Executing VM operation: Cleanup done
Event: 23.152 Executing VM operation: Cleanup
Event: 23.152 Executing VM operation: Cleanup done
Event: 24.161 Executing VM operation: Cleanup
Event: 24.161 Executing VM operation: Cleanup done
Event: 25.172 Executing VM operation: Cleanup
Event: 25.172 Executing VM operation: Cleanup done
Event: 26.148 Executing VM operation: G1CollectFull

Events (20 events):
Event: 23.905 Thread 0x000001f7946594a0 Thread exited: 0x000001f7946594a0
Event: 23.905 Thread 0x000001f7946542d0 Thread exited: 0x000001f7946542d0
Event: 23.906 Thread 0x000001f794652120 Thread exited: 0x000001f794652120
Event: 24.167 Thread 0x000001f794652f90 Thread exited: 0x000001f794652f90
Event: 24.167 Thread 0x000001f794655140 Thread exited: 0x000001f794655140
Event: 24.168 Thread 0x000001f794658630 Thread exited: 0x000001f794658630
Event: 24.417 Thread 0x000001f794653e00 Thread exited: 0x000001f794653e00
Event: 24.458 loading class java/util/AbstractMap$2
Event: 24.458 loading class java/util/AbstractMap$2 done
Event: 24.459 loading class java/util/AbstractMap$2$1
Event: 24.459 loading class java/util/AbstractMap$2$1 done
Event: 24.460 loading class jdk/internal/reflect/UnsafeQualifiedObjectFieldAccessorImpl
Event: 24.460 loading class jdk/internal/reflect/UnsafeQualifiedFieldAccessorImpl
Event: 24.460 loading class jdk/internal/reflect/UnsafeQualifiedFieldAccessorImpl done
Event: 24.460 loading class jdk/internal/reflect/UnsafeQualifiedObjectFieldAccessorImpl done
Event: 24.461 Thread 0x000001f79c13b8d0 Thread added: 0x000001f79c13b8d0
Event: 24.659 Thread 0x000001f79c140aa0 Thread exited: 0x000001f79c140aa0
Event: 25.985 Thread 0x000001f794654c70 Thread exited: 0x000001f794654c70
Event: 25.985 Thread 0x000001f794657c90 Thread exited: 0x000001f794657c90
Event: 26.147 Thread 0x000001f79c13b8d0 Thread exited: 0x000001f79c13b8d0


Dynamic libraries:
0x00007ff763940000 - 0x00007ff76394e000 	D:\sts-4.18.1.RELEASE\plugins\org.eclipse.justj.openjdk.hotspot.jre.full.win32.x86_64_17.0.7.v20230425-1502\jre\bin\javaw.exe
0x00007ffb036d0000 - 0x00007ffb038e7000 	C:\WINDOWS\SYSTEM32\ntdll.dll
0x00007ffb01590000 - 0x00007ffb01654000 	C:\WINDOWS\System32\KERNEL32.DLL
0x00007ffb00ea0000 - 0x00007ffb01246000 	C:\WINDOWS\System32\KERNELBASE.dll
0x00007ffb01310000 - 0x00007ffb01421000 	C:\WINDOWS\System32\ucrtbase.dll
0x00007ffaec0a0000 - 0x00007ffaec0b7000 	D:\sts-4.18.1.RELEASE\plugins\org.eclipse.justj.openjdk.hotspot.jre.full.win32.x86_64_17.0.7.v20230425-1502\jre\bin\jli.dll
0x00007ffafcdd0000 - 0x00007ffafcde9000 	D:\sts-4.18.1.RELEASE\plugins\org.eclipse.justj.openjdk.hotspot.jre.full.win32.x86_64_17.0.7.v20230425-1502\jre\bin\VCRUNTIME140.dll
0x00007ffb03240000 - 0x00007ffb033ed000 	C:\WINDOWS\System32\USER32.dll
0x00007ffaf02a0000 - 0x00007ffaf0533000 	C:\WINDOWS\WinSxS\amd64_microsoft.windows.common-controls_6595b64144ccf1df_6.0.22621.2361_none_2712ced57382f843\COMCTL32.dll
0x00007ffb00af0000 - 0x00007ffb00b16000 	C:\WINDOWS\System32\win32u.dll
0x00007ffb01660000 - 0x00007ffb01689000 	C:\WINDOWS\System32\GDI32.dll
0x00007ffb020e0000 - 0x00007ffb02187000 	C:\WINDOWS\System32\msvcrt.dll
0x00007ffb00ba0000 - 0x00007ffb00cb8000 	C:\WINDOWS\System32\gdi32full.dll
0x00007ffb00a50000 - 0x00007ffb00aea000 	C:\WINDOWS\System32\msvcp_win.dll
0x00007ffb031e0000 - 0x00007ffb03211000 	C:\WINDOWS\System32\IMM32.DLL
0x00007ffafce60000 - 0x00007ffafce6c000 	D:\sts-4.18.1.RELEASE\plugins\org.eclipse.justj.openjdk.hotspot.jre.full.win32.x86_64_17.0.7.v20230425-1502\jre\bin\vcruntime140_1.dll
0x00007ffac6930000 - 0x00007ffac69c1000 	D:\sts-4.18.1.RELEASE\plugins\org.eclipse.justj.openjdk.hotspot.jre.full.win32.x86_64_17.0.7.v20230425-1502\jre\bin\msvcp140.dll
0x00007ffaacbf0000 - 0x00007ffaad838000 	D:\sts-4.18.1.RELEASE\plugins\org.eclipse.justj.openjdk.hotspot.jre.full.win32.x86_64_17.0.7.v20230425-1502\jre\bin\server\jvm.dll
0x00007ffb01f30000 - 0x00007ffb01fe0000 	C:\WINDOWS\System32\ADVAPI32.dll
0x00007ffb02190000 - 0x00007ffb02236000 	C:\WINDOWS\System32\sechost.dll
0x00007ffb01d10000 - 0x00007ffb01e27000 	C:\WINDOWS\System32\RPCRT4.dll
0x00007ffaf78c0000 - 0x00007ffaf78f4000 	C:\WINDOWS\SYSTEM32\WINMM.dll
0x00007ffafce30000 - 0x00007ffafce39000 	C:\WINDOWS\SYSTEM32\WSOCK32.dll
0x00007ffaf91f0000 - 0x00007ffaf91fa000 	C:\WINDOWS\SYSTEM32\VERSION.dll
0x00007ffb02820000 - 0x00007ffb02891000 	C:\WINDOWS\System32\WS2_32.dll
0x00007ffaffae0000 - 0x00007ffaffaf8000 	C:\WINDOWS\SYSTEM32\kernel.appcore.dll
0x00007ffafce00000 - 0x00007ffafce0a000 	D:\sts-4.18.1.RELEASE\plugins\org.eclipse.justj.openjdk.hotspot.jre.full.win32.x86_64_17.0.7.v20230425-1502\jre\bin\jimage.dll
0x00007ffafde30000 - 0x00007ffafe05e000 	C:\WINDOWS\SYSTEM32\DBGHELP.DLL
0x00007ffb022e0000 - 0x00007ffb0266a000 	C:\WINDOWS\System32\combase.dll
0x00007ffb033f0000 - 0x00007ffb034c7000 	C:\WINDOWS\System32\OLEAUT32.dll
0x00007ffae1170000 - 0x00007ffae11a2000 	C:\WINDOWS\SYSTEM32\dbgcore.DLL
0x00007ffb00b20000 - 0x00007ffb00b9a000 	C:\WINDOWS\System32\bcryptPrimitives.dll
0x00007ffae7dd0000 - 0x00007ffae7df5000 	D:\sts-4.18.1.RELEASE\plugins\org.eclipse.justj.openjdk.hotspot.jre.full.win32.x86_64_17.0.7.v20230425-1502\jre\bin\java.dll
0x00007ffaeb0e0000 - 0x00007ffaeb0f8000 	D:\sts-4.18.1.RELEASE\plugins\org.eclipse.justj.openjdk.hotspot.jre.full.win32.x86_64_17.0.7.v20230425-1502\jre\bin\zip.dll
0x00007ffb02980000 - 0x00007ffb031d8000 	C:\WINDOWS\System32\SHELL32.dll
0x00007ffafe970000 - 0x00007ffaff262000 	C:\WINDOWS\SYSTEM32\windows.storage.dll
0x00007ffafe830000 - 0x00007ffafe96e000 	C:\WINDOWS\SYSTEM32\wintypes.dll
0x00007ffb01fe0000 - 0x00007ffb020d3000 	C:\WINDOWS\System32\SHCORE.dll
0x00007ffb02920000 - 0x00007ffb0297e000 	C:\WINDOWS\System32\shlwapi.dll
0x00007ffb00980000 - 0x00007ffb009a6000 	C:\WINDOWS\SYSTEM32\profapi.dll
0x00007ffaea140000 - 0x00007ffaea159000 	D:\sts-4.18.1.RELEASE\plugins\org.eclipse.justj.openjdk.hotspot.jre.full.win32.x86_64_17.0.7.v20230425-1502\jre\bin\net.dll
0x00007ffaf9c70000 - 0x00007ffaf9da7000 	C:\WINDOWS\SYSTEM32\WINHTTP.dll
0x00007ffafffc0000 - 0x00007ffb00029000 	C:\WINDOWS\system32\mswsock.dll
0x00007ffae2610000 - 0x00007ffae2625000 	D:\sts-4.18.1.RELEASE\plugins\org.eclipse.justj.openjdk.hotspot.jre.full.win32.x86_64_17.0.7.v20230425-1502\jre\bin\nio.dll
0x00007ffaf79a0000 - 0x00007ffaf79a9000 	D:\sts-4.18.1.RELEASE\plugins\org.eclipse.justj.openjdk.hotspot.jre.full.win32.x86_64_17.0.7.v20230425-1502\jre\bin\management.dll
0x00007ffaec7a0000 - 0x00007ffaec7ab000 	D:\sts-4.18.1.RELEASE\plugins\org.eclipse.justj.openjdk.hotspot.jre.full.win32.x86_64_17.0.7.v20230425-1502\jre\bin\management_ext.dll
0x00007ffb01430000 - 0x00007ffb01438000 	C:\WINDOWS\System32\PSAPI.DLL
0x00007ffae1350000 - 0x00007ffae1367000 	C:\WINDOWS\system32\napinsp.dll
0x00007ffae1330000 - 0x00007ffae134b000 	C:\WINDOWS\system32\pnrpnsp.dll
0x00007ffaff5b0000 - 0x00007ffaff6a9000 	C:\WINDOWS\SYSTEM32\DNSAPI.dll
0x00007ffaff540000 - 0x00007ffaff56d000 	C:\WINDOWS\SYSTEM32\IPHLPAPI.DLL
0x00007ffb02240000 - 0x00007ffb02249000 	C:\WINDOWS\System32\NSI.dll
0x00007ffad2810000 - 0x00007ffad2821000 	C:\WINDOWS\System32\winrnr.dll
0x00007ffaf8930000 - 0x00007ffaf8945000 	C:\WINDOWS\system32\wshbth.dll
0x00007ffad1b90000 - 0x00007ffad1bb1000 	C:\WINDOWS\system32\nlansp_c.dll
0x00007ffaea740000 - 0x00007ffaea74a000 	C:\Windows\System32\rasadhlp.dll
0x00007ffaf8950000 - 0x00007ffaf89d4000 	C:\WINDOWS\System32\fwpuclnt.dll
0x00007ffb00230000 - 0x00007ffb0024b000 	C:\WINDOWS\SYSTEM32\CRYPTSP.dll
0x00007ffaffaa0000 - 0x00007ffaffad5000 	C:\WINDOWS\system32\rsaenh.dll
0x00007ffb000d0000 - 0x00007ffb000fc000 	C:\WINDOWS\SYSTEM32\USERENV.dll
0x00007ffb00410000 - 0x00007ffb00438000 	C:\WINDOWS\SYSTEM32\bcrypt.dll
0x00007ffb00250000 - 0x00007ffb0025c000 	C:\WINDOWS\SYSTEM32\CRYPTBASE.dll
0x00007ffaf9c00000 - 0x00007ffaf9c19000 	C:\WINDOWS\SYSTEM32\dhcpcsvc6.DLL
0x00007ffaf99f0000 - 0x00007ffaf9a0f000 	C:\WINDOWS\SYSTEM32\dhcpcsvc.DLL
0x00007ffaf7d80000 - 0x00007ffaf7d8e000 	D:\sts-4.18.1.RELEASE\plugins\org.eclipse.justj.openjdk.hotspot.jre.full.win32.x86_64_17.0.7.v20230425-1502\jre\bin\sunmscapi.dll
0x00007ffb00d30000 - 0x00007ffb00e96000 	C:\WINDOWS\System32\CRYPT32.dll
0x00007ffb003e0000 - 0x00007ffb0040d000 	C:\WINDOWS\SYSTEM32\ncrypt.dll
0x00007ffb003a0000 - 0x00007ffb003d7000 	C:\WINDOWS\SYSTEM32\NTASN1.dll
0x00007ffafa800000 - 0x00007ffafa810000 	D:\sts-4.18.1.RELEASE\plugins\org.eclipse.justj.openjdk.hotspot.jre.full.win32.x86_64_17.0.7.v20230425-1502\jre\bin\verify.dll
0x00007ffaeb150000 - 0x00007ffaeb158000 	C:\WINDOWS\system32\wshunix.dll

dbghelp: loaded successfully - version: 4.0.5 - missing functions: none
symbol engine: initialized successfully - sym options: 0x614 - pdb path: .;D:\sts-4.18.1.RELEASE\plugins\org.eclipse.justj.openjdk.hotspot.jre.full.win32.x86_64_17.0.7.v20230425-1502\jre\bin;C:\WINDOWS\SYSTEM32;C:\WINDOWS\WinSxS\amd64_microsoft.windows.common-controls_6595b64144ccf1df_6.0.22621.2361_none_2712ced57382f843;D:\sts-4.18.1.RELEASE\plugins\org.eclipse.justj.openjdk.hotspot.jre.full.win32.x86_64_17.0.7.v20230425-1502\jre\bin\server

VM Arguments:
jvm_args: -Dcom.sun.management.jmxremote -Dcom.sun.management.jmxremote.port=51835 -Dcom.sun.management.jmxremote.authenticate=false -Dcom.sun.management.jmxremote.ssl=false -Djava.rmi.server.hostname=localhost -Dspring.jmx.enabled=true -Dmanagement.endpoints.jmx.exposure.include=* -Dspring.application.admin.enabled=true -XX:TieredStopAtLevel=1 -Dspring.boot.project.name=BE_Destiny -Dfile.encoding=UTF-8 -XX:+ShowCodeDetailsInExceptionMessages 
java_command: com.davisy.Application --spring.output.ansi.enabled=always
java_class_path (initial): E:\6-11-admin\destiny-comunity\be-destiny-community\BE_Destiny\target\classes;C:\Users\ADMIN\.m2\repository\org\springframework\boot\spring-boot-starter-data-jpa\3.1.2\spring-boot-starter-data-jpa-3.1.2.jar;C:\Users\ADMIN\.m2\repository\org\springframework\boot\spring-boot-starter-aop\3.1.2\spring-boot-starter-aop-3.1.2.jar;C:\Users\ADMIN\.m2\repository\org\aspectj\aspectjweaver\1.9.19\aspectjweaver-1.9.19.jar;C:\Users\ADMIN\.m2\repository\org\springframework\boot\spring-boot-starter-jdbc\3.1.2\spring-boot-starter-jdbc-3.1.2.jar;C:\Users\ADMIN\.m2\repository\com\zaxxer\HikariCP\5.0.1\HikariCP-5.0.1.jar;C:\Users\ADMIN\.m2\repository\org\springframework\spring-jdbc\6.0.11\spring-jdbc-6.0.11.jar;C:\Users\ADMIN\.m2\repository\org\hibernate\orm\hibernate-core\6.2.6.Final\hibernate-core-6.2.6.Final.jar;C:\Users\ADMIN\.m2\repository\jakarta\persistence\jakarta.persistence-api\3.1.0\jakarta.persistence-api-3.1.0.jar;C:\Users\ADMIN\.m2\repository\jakarta\transaction\jakarta.transaction-api\2.0.1\jakarta.transaction-api-2.0.1.jar;C:\Users\ADMIN\.m2\repository\org\jboss\logging\jboss-logging\3.5.3.Final\jboss-logging-3.5.3.Final.jar;C:\Users\ADMIN\.m2\repository\org\hibernate\common\hibernate-commons-annotations\6.0.6.Final\hibernate-commons-annotations-6.0.6.Final.jar;C:\Users\ADMIN\.m2\repository\io\smallrye\jandex\3.0.5\jandex-3.0.5.jar;C:\Users\ADMIN\.m2\repository\com\fasterxml\classmate\1.5.1\classmate-1.5.1.jar;C:\Users\ADMIN\.m2\repository\net\bytebuddy\byte-buddy\1.14.5\byte-buddy-1.14.5.jar;C:\Users\ADMIN\.m2\repository\org\glassfish\jaxb\jaxb-runtime\4.0.3\jaxb-runtime-4.0.3.jar;C:\Users\ADMIN\.m2\repository\org\glassfish\jaxb\jaxb-core\4.0.3\jaxb-core-4.0.3.jar;C:\Users\ADMIN\.m2\repository\org\glassfish\jaxb\txw2\4.0.3\txw2-4.0.3.jar;C:\Users\ADMIN\.m2\repository\com\sun\istack\istack-commons-runtime\4.1.2\istack-commons-runtime-4.1.2.jar;C:\Users\ADMIN\.m2\repository\jakarta\inject\jakarta.inject-api\2.0.1\jakarta.inject-api-2.0.1.jar
Launcher Type: SUN_STANDARD

[Global flags]
     intx CICompilerCount                          = 4                                         {product} {ergonomic}
     uint ConcGCThreads                            = 2                                         {product} {ergonomic}
     uint G1ConcRefinementThreads                  = 8                                         {product} {ergonomic}
   size_t G1HeapRegionSize                         = 1048576                                   {product} {ergonomic}
    uintx GCDrainStackTargetSize                   = 64                                        {product} {ergonomic}
   size_t InitialHeapSize                          = 132120576                                 {product} {ergonomic}
     bool ManagementServer                         = true                                      {product} {command line}
   size_t MarkStackSize                            = 4194304                                   {product} {ergonomic}
   size_t MaxHeapSize                              = 2105540608                                {product} {ergonomic}
   size_t MaxNewSize                               = 1262485504                                {product} {ergonomic}
   size_t MinHeapDeltaBytes                        = 1048576                                   {product} {ergonomic}
   size_t MinHeapSize                              = 8388608                                   {product} {ergonomic}
    uintx NonProfiledCodeHeapSize                  = 0                                      {pd product} {ergonomic}
     bool ProfileInterpreter                       = false                                  {pd product} {command line}
    uintx ProfiledCodeHeapSize                     = 0                                      {pd product} {ergonomic}
     bool ShowCodeDetailsInExceptionMessages       = true                                   {manageable} {command line}
   size_t SoftMaxHeapSize                          = 2105540608                             {manageable} {ergonomic}
     intx TieredStopAtLevel                        = 1                                         {product} {command line}
     bool UseCompressedClassPointers               = true                           {product lp64_product} {ergonomic}
     bool UseCompressedOops                        = true                           {product lp64_product} {ergonomic}
     bool UseG1GC                                  = true                                      {product} {ergonomic}
     bool UseLargePagesIndividualAllocation        = false                                  {pd product} {ergonomic}

Logging:
Log output configuration:
 #0: stdout all=warning uptime,level,tags
 #1: stderr all=off uptime,level,tags

Environment Variables:
JAVA_HOME=C:\Program Files\Java\jdk-17
CLASSPATH=%CLASSPATH%;E:\Kiemthunangcao\junit-4.13.2-javadoc.jar\junit-4.13.2-javadoc.jar;.;
PATH=D:/sts-4.18.1.RELEASE//plugins/org.eclipse.justj.openjdk.hotspot.jre.full.win32.x86_64_17.0.7.v20230425-1502/jre/bin/server;D:/sts-4.18.1.RELEASE//plugins/org.eclipse.justj.openjdk.hotspot.jre.full.win32.x86_64_17.0.7.v20230425-1502/jre/bin;C:\Python311\Scripts\;C:\Python311\;C:\Program Files\Common Files\Oracle\Java\javapath;C:\Windows\system32;C:\Windows;C:\Windows\System32\Wbem;C:\Windows\System32\WindowsPowerShell\v1.0\;C:\Windows\System32\OpenSSH\;C:\Program Files (x86)\NVIDIA Corporation\PhysX\Common;C:\Program Files\NVIDIA Corporation\NVIDIA NvDLISR;C:\Program Files\Azure Data Studio\bin;C:\WINDOWS\system32;C:\WINDOWS;C:\WINDOWS\System32\Wbem;C:\WINDOWS\System32\WindowsPowerShell\v1.0\;C:\WINDOWS\System32\OpenSSH\;D:\Git\cmd;C:\Program Files\Java\jdk-17\bin;C:\Program Files (x86)\Microsoft SQL Server\160\Tools\Binn\;C:\Program Files\Microsoft SQL Server\160\Tools\Binn\;C:\Program Files\Microsoft SQL Server\Client SDK\ODBC\170\Tools\Binn\;C:\Program Files\Microsoft SQL Server\160\DTS\Binn\;C:\Program Files (x86)\Microsoft SQL Server\160\DTS\Binn\;C:\ProgramData\chocolatey\bin;C:\Program Files\nodejs\;C:\Program Files\MySQL\MySQL Server 8.0\bin;C:\Program Files\MySQL\MySQL Server 8.0\bin;C:\Program Files\Redis\;C:\Program Files\Cloudflare\Cloudflare WARP\;C:\Program Files\MySQL\MySQL Shell 8.0\bin\;C:\Users\ADMIN\AppData\Local\Microsoft\WindowsApps;;D:\Microsoft VS Code\bin;C:\Program Files\Azure Data Studio\bin;C:\Users\ADMIN\AppData\Roaming\npm;D:\sts-4.18.1.RELEASE;
USERNAME=ADMIN
OS=Windows_NT
PROCESSOR_IDENTIFIER=Intel64 Family 6 Model 165 Stepping 2, GenuineIntel
TMP=C:\Users\ADMIN\AppData\Local\Temp
TEMP=C:\Users\ADMIN\AppData\Local\Temp



---------------  S Y S T E M  ---------------

OS:
 Windows 11 , 64 bit Build 22621 (10.0.22621.2428)
OS uptime: 15 days 14:54 hours
Hyper-V role detected

CPU: total 8 (initial active 8) (4 cores per cpu, 2 threads per core) family 6 model 165 stepping 2 microcode 0xe0, cx8, cmov, fxsr, ht, mmx, 3dnowpref, sse, sse2, sse3, ssse3, sse4.1, sse4.2, popcnt, lzcnt, tsc, tscinvbit, avx, avx2, aes, erms, clmul, bmi1, bmi2, adx, fma, vzeroupper, clflush, clflushopt, hv

Memory: 4k page, system-wide physical 8029M (485M free)
TotalPageFile size 26778M (AvailPageFile size 7M)
current process WorkingSet (physical memory assigned to process): 410M, peak: 410M
current process commit charge ("private bytes"): 579M, peak: 581M

vm_info: OpenJDK 64-Bit Server VM (17.0.7+7) for windows-amd64 JRE (17.0.7+7), built on Apr 18 2023 22:10:42 by "temurin" with MS VC++ 16.7 (VS2019)

END.
